<?xml version="1.0" encoding="UTF-8"?>
<testsuites name="Equivalance Test Suite - bad Website" time="74" tests="5" failures="9" errors="0">
   <testsuite name="Equivalance Test Suite - bad Website" tests="5" failures="9" errors="0" time="74" timestamp="2018-11-09 21:19:25" hostname="Tee - 192.168.43.240" id="Test Suites/Tee/Equivalance Test Suite - bad Website">
      <properties>
         <property name="deviceName" value=""/>
         <property name="devicePlatform" value=""/>
         <property name="logFolder" value="/Users/tee/git/katalon-test-case/Reports/Tee/Equivalance Test Suite - bad Website/20181109_211913"/>
         <property name="logFiles" value="/Users/tee/git/katalon-test-case/Reports/Tee/Equivalance Test Suite - bad Website/20181109_211913/execution0.log"/>
         <property name="attachments" value="/Users/tee/git/katalon-test-case/Reports/Tee/Equivalance Test Suite - bad Website/20181109_211913/1541773177924.png, /Users/tee/git/katalon-test-case/Reports/Tee/Equivalance Test Suite - bad Website/20181109_211913/1541773178331.png, /Users/tee/git/katalon-test-case/Reports/Tee/Equivalance Test Suite - bad Website/20181109_211913/1541773187218.png, /Users/tee/git/katalon-test-case/Reports/Tee/Equivalance Test Suite - bad Website/20181109_211913/1541773187596.png, /Users/tee/git/katalon-test-case/Reports/Tee/Equivalance Test Suite - bad Website/20181109_211913/1541773196430.png, /Users/tee/git/katalon-test-case/Reports/Tee/Equivalance Test Suite - bad Website/20181109_211913/1541773196816.png, /Users/tee/git/katalon-test-case/Reports/Tee/Equivalance Test Suite - bad Website/20181109_211913/1541773201539.png, /Users/tee/git/katalon-test-case/Reports/Tee/Equivalance Test Suite - bad Website/20181109_211913/1541773201921.png, /Users/tee/git/katalon-test-case/Reports/Tee/Equivalance Test Suite - bad Website/20181109_211913/1541773211948.png, /Users/tee/git/katalon-test-case/Reports/Tee/Equivalance Test Suite - bad Website/20181109_211913/1541773212323.png, /Users/tee/git/katalon-test-case/Reports/Tee/Equivalance Test Suite - bad Website/20181109_211913/1541773217112.png, /Users/tee/git/katalon-test-case/Reports/Tee/Equivalance Test Suite - bad Website/20181109_211913/1541773217495.png, /Users/tee/git/katalon-test-case/Reports/Tee/Equivalance Test Suite - bad Website/20181109_211913/1541773226288.png, /Users/tee/git/katalon-test-case/Reports/Tee/Equivalance Test Suite - bad Website/20181109_211913/1541773226665.png, /Users/tee/git/katalon-test-case/Reports/Tee/Equivalance Test Suite - bad Website/20181109_211913/1541773231504.png, /Users/tee/git/katalon-test-case/Reports/Tee/Equivalance Test Suite - bad Website/20181109_211913/1541773231881.png, /Users/tee/git/katalon-test-case/Reports/Tee/Equivalance Test Suite - bad Website/20181109_211913/1541773236783.png, /Users/tee/git/katalon-test-case/Reports/Tee/Equivalance Test Suite - bad Website/20181109_211913/1541773237209.png"/>
         <property name="hostName" value="Tee - 192.168.43.240"/>
         <property name="os" value="Mac OS X 64bit"/>
         <property name="katalonVersion" value="5.8.4.14"/>
         <property name="browser" value="Chrome 70.0.3538.77"/>
         <property name="hostAddress" value="192.168.43.240"/>
         <property name="sessionId" value="85895d47d78d28385c30626eb5666218"/>
         <property name="seleniumVersion" value="3.7.1"/>
         <property name="proxyInformation" value="ProxyInformation{proxyOption=NO_PROXY, proxyServerType=HTTP, password=, proxyServerAddress=, proxyServerPort=0}"/>
         <property name="platform" value="Mac OS X"/>
      </properties>
      <testcase name="Test Cases/Tee/Web/Equivalence Class - Bad web/TC007_Not a triangle" classname="Test Cases/Tee/Web/Equivalence Class - Bad web/TC007_Not a triangle" status="PASSED">
         <system-out><![CDATA[2018-11-09 21:19:26 - [TEST_CASE][PASSED] - Test Cases/Tee/Web/Equivalence Class - Bad web/TC007_Not a triangle: Test Cases/Tee/Web/Equivalence Class - Bad web/TC007_Not a triangle

2018-11-09 21:19:26 - [TEST_STEP][PASSED] - openBrowser: Browser is opened with url: ''

2018-11-09 21:19:29 - [MESSAGE][PASSED] - Browser is opened with url: ''

2018-11-09 21:19:29 - [TEST_STEP][PASSED] - navigateToUrl: Navigate to 'https://bad-web.testing.se.nattaponra.com/' successfully

2018-11-09 21:19:31 - [MESSAGE][PASSED] - Navigate to 'https://bad-web.testing.se.nattaponra.com/' successfully

2018-11-09 21:19:31 - [TEST_STEP][PASSED] - setText: Text '3' is set on object 'Object Repository/Test UI Triangle/Page_/input_ A_aSide (1)'

2018-11-09 21:19:31 - [MESSAGE][PASSED] - Text '3' is set on object 'Object Repository/Test UI Triangle/Page_/input_ A_aSide (1)'

2018-11-09 21:19:31 - [TEST_STEP][PASSED] - setText: Text '2' is set on object 'Object Repository/Test UI Triangle/Page_/input_ B_bSide (1)'

2018-11-09 21:19:31 - [MESSAGE][PASSED] - Text '2' is set on object 'Object Repository/Test UI Triangle/Page_/input_ B_bSide (1)'

2018-11-09 21:19:31 - [TEST_STEP][PASSED] - setText: Text '1' is set on object 'Object Repository/Test UI Triangle/Page_/input_ C_cSide (1)'

2018-11-09 21:19:32 - [MESSAGE][PASSED] - Text '1' is set on object 'Object Repository/Test UI Triangle/Page_/input_ C_cSide (1)'

2018-11-09 21:19:32 - [TEST_STEP][PASSED] - click: Object: 'Object Repository/Test UI Triangle/Page_/a_ (1)' is clicked on

2018-11-09 21:19:32 - [MESSAGE][PASSED] - Object: 'Object Repository/Test UI Triangle/Page_/a_ (1)' is clicked on

2018-11-09 21:19:32 - [TEST_STEP][PASSED] - click: Object: 'Object Repository/Test UI Triangle/Page_/div_Equilateral' is clicked on

2018-11-09 21:19:33 - [MESSAGE][PASSED] - Object: 'Object Repository/Test UI Triangle/Page_/div_Equilateral' is clicked on

2018-11-09 21:19:33 - [TEST_STEP][PASSED] - verifyElementText: Actual text and expected text of test object 'Object Repository/Test UI Triangle/Page_/div_Equilateral' are matched.

2018-11-09 21:19:33 - [MESSAGE][PASSED] - Actual text and expected text of test object 'Object Repository/Test UI Triangle/Page_/div_Equilateral' are matched.

2018-11-09 21:19:33 - [TEST_STEP][PASSED] - closeBrowser: Browser is closed

2018-11-09 21:19:33 - [MESSAGE][PASSED] - Browser is closed]]></system-out>
         <system-err><![CDATA[]]></system-err>
      </testcase>
      <testcase name="Test Cases/Tee/Web/Equivalence Class - Bad web/TC014_Scelene" classname="Test Cases/Tee/Web/Equivalence Class - Bad web/TC014_Scelene" status="FAILED">
         <failure type="FAILED" message="(Stack trace: com.kms.katalon.core.exception.StepFailedException: Verify element text of test object 'Object Repository/Test UI Triangle/Page_/div_Equilateral' FAILED. (Root cause: Actual text 'Equilateral' and expected text 'Out of range' of test object 'Object Repository/Test UI Triangle/Page_/div_Equilateral' are NOT matched.)
	at com.kms.katalon.core.keyword.internal.KeywordMain.stepFailed(KeywordMain.groovy:36)
	at com.kms.katalon.core.webui.keyword.internal.WebUIKeywordMain.stepFailed(WebUIKeywordMain.groovy:65)
	at com.kms.katalon.core.webui.keyword.internal.WebUIKeywordMain.runKeyword(WebUIKeywordMain.groovy:27)
	at com.kms.katalon.core.webui.keyword.builtin.VerifyElementTextKeyword.verifyElementText(VerifyElementTextKeyword.groovy:72)
	at com.kms.katalon.core.webui.keyword.builtin.VerifyElementTextKeyword.execute(VerifyElementTextKeyword.groovy:40)
	at com.kms.katalon.core.keyword.internal.KeywordExecutor.executeKeywordForPlatform(KeywordExecutor.groovy:53)
	at com.kms.katalon.core.webui.keyword.WebUiBuiltInKeywords.verifyElementText(WebUiBuiltInKeywords.groovy:3663)
	at com.kms.katalon.core.webui.keyword.WebUiBuiltInKeywords$verifyElementText$3.call(Unknown Source)
	at org.codehaus.groovy.runtime.callsite.CallSiteArray.defaultCall(CallSiteArray.java:48)
	at org.codehaus.groovy.runtime.callsite.AbstractCallSite.call(AbstractCallSite.java:113)
	at org.codehaus.groovy.runtime.callsite.AbstractCallSite.call(AbstractCallSite.java:133)
	at Script1541771989068.run(Script1541771989068.groovy:30)
	at com.kms.katalon.core.main.ScriptEngine.run(ScriptEngine.java:183)
	at com.kms.katalon.core.main.ScriptEngine.runScriptAsRawText(ScriptEngine.java:108)
	at com.kms.katalon.core.main.TestCaseExecutor.runScript(TestCaseExecutor.java:294)
	at com.kms.katalon.core.main.TestCaseExecutor.doExecute(TestCaseExecutor.java:285)
	at com.kms.katalon.core.main.TestCaseExecutor.processExecutionPhase(TestCaseExecutor.java:264)
	at com.kms.katalon.core.main.TestCaseExecutor.accessMainPhase(TestCaseExecutor.java:256)
	at com.kms.katalon.core.main.TestCaseExecutor.execute(TestCaseExecutor.java:200)
	at com.kms.katalon.core.main.TestSuiteExecutor.accessTestCaseMainPhase(TestSuiteExecutor.java:129)
	at com.kms.katalon.core.main.TestSuiteExecutor.accessTestSuiteMainPhase(TestSuiteExecutor.java:112)
	at com.kms.katalon.core.main.TestSuiteExecutor.execute(TestSuiteExecutor.java:81)
	at com.kms.katalon.core.main.TestCaseMain.startTestSuite(TestCaseMain.java:142)
	at com.kms.katalon.core.main.TestCaseMain$startTestSuite$0.call(Unknown Source)
	at org.codehaus.groovy.runtime.callsite.CallSiteArray.defaultCall(CallSiteArray.java:48)
	at org.codehaus.groovy.runtime.callsite.AbstractCallSite.call(AbstractCallSite.java:113)
	at org.codehaus.groovy.runtime.callsite.AbstractCallSite.call(AbstractCallSite.java:141)
	at TempTestSuite1541773164048.run(TempTestSuite1541773164048.groovy:36)
	at groovy.lang.GroovyShell.runScriptOrMainOrTestOrRunnable(GroovyShell.java:263)
	at groovy.lang.GroovyShell.run(GroovyShell.java:518)
	at groovy.lang.GroovyShell.run(GroovyShell.java:507)
	at groovy.ui.GroovyMain.processOnce(GroovyMain.java:653)
	at groovy.ui.GroovyMain.run(GroovyMain.java:384)
	at groovy.ui.GroovyMain.process(GroovyMain.java:370)
	at groovy.ui.GroovyMain.processArgs(GroovyMain.java:129)
	at groovy.ui.GroovyMain.main(GroovyMain.java:109)
	at sun.reflect.NativeMethodAccessorImpl.invoke0(Native Method)
	at sun.reflect.NativeMethodAccessorImpl.invoke(NativeMethodAccessorImpl.java:62)
	at sun.reflect.DelegatingMethodAccessorImpl.invoke(DelegatingMethodAccessorImpl.java:43)
	at java.lang.reflect.Method.invoke(Method.java:498)
	at org.codehaus.groovy.tools.GroovyStarter.rootLoader(GroovyStarter.java:109)
	at org.codehaus.groovy.tools.GroovyStarter.main(GroovyStarter.java:131)
)"/>
         <system-out><![CDATA[2018-11-09 21:19:33 - [TEST_CASE][FAILED] - Test Cases/Tee/Web/Equivalence Class - Bad web/TC014_Scelene: Test Cases/Tee/Web/Equivalence Class - Bad web/TC014_Scelene FAILED because (of) (Stack trace: com.kms.katalon.core.exception.StepFailedException: Verify element text of test object 'Object Repository/Test UI Triangle/Page_/div_Equilateral' FAILED. (Root cause: Actual text 'Equilateral' and expected text 'Out of range' of test object 'Object Repository/Test UI Triangle/Page_/div_Equilateral' are NOT matched.)
	at com.kms.katalon.core.keyword.internal.KeywordMain.stepFailed(KeywordMain.groovy:36)
	at com.kms.katalon.core.webui.keyword.internal.WebUIKeywordMain.stepFailed(WebUIKeywordMain.groovy:65)
	at com.kms.katalon.core.webui.keyword.internal.WebUIKeywordMain.runKeyword(WebUIKeywordMain.groovy:27)
	at com.kms.katalon.core.webui.keyword.builtin.VerifyElementTextKeyword.verifyElementText(VerifyElementTextKeyword.groovy:72)
	at com.kms.katalon.core.webui.keyword.builtin.VerifyElementTextKeyword.execute(VerifyElementTextKeyword.groovy:40)
	at com.kms.katalon.core.keyword.internal.KeywordExecutor.executeKeywordForPlatform(KeywordExecutor.groovy:53)
	at com.kms.katalon.core.webui.keyword.WebUiBuiltInKeywords.verifyElementText(WebUiBuiltInKeywords.groovy:3663)
	at com.kms.katalon.core.webui.keyword.WebUiBuiltInKeywords$verifyElementText$3.call(Unknown Source)
	at org.codehaus.groovy.runtime.callsite.CallSiteArray.defaultCall(CallSiteArray.java:48)
	at org.codehaus.groovy.runtime.callsite.AbstractCallSite.call(AbstractCallSite.java:113)
	at org.codehaus.groovy.runtime.callsite.AbstractCallSite.call(AbstractCallSite.java:133)
	at Script1541771989068.run(Script1541771989068.groovy:30)
	at com.kms.katalon.core.main.ScriptEngine.run(ScriptEngine.java:183)
	at com.kms.katalon.core.main.ScriptEngine.runScriptAsRawText(ScriptEngine.java:108)
	at com.kms.katalon.core.main.TestCaseExecutor.runScript(TestCaseExecutor.java:294)
	at com.kms.katalon.core.main.TestCaseExecutor.doExecute(TestCaseExecutor.java:285)
	at com.kms.katalon.core.main.TestCaseExecutor.processExecutionPhase(TestCaseExecutor.java:264)
	at com.kms.katalon.core.main.TestCaseExecutor.accessMainPhase(TestCaseExecutor.java:256)
	at com.kms.katalon.core.main.TestCaseExecutor.execute(TestCaseExecutor.java:200)
	at com.kms.katalon.core.main.TestSuiteExecutor.accessTestCaseMainPhase(TestSuiteExecutor.java:129)
	at com.kms.katalon.core.main.TestSuiteExecutor.accessTestSuiteMainPhase(TestSuiteExecutor.java:112)
	at com.kms.katalon.core.main.TestSuiteExecutor.execute(TestSuiteExecutor.java:81)
	at com.kms.katalon.core.main.TestCaseMain.startTestSuite(TestCaseMain.java:142)
	at com.kms.katalon.core.main.TestCaseMain$startTestSuite$0.call(Unknown Source)
	at org.codehaus.groovy.runtime.callsite.CallSiteArray.defaultCall(CallSiteArray.java:48)
	at org.codehaus.groovy.runtime.callsite.AbstractCallSite.call(AbstractCallSite.java:113)
	at org.codehaus.groovy.runtime.callsite.AbstractCallSite.call(AbstractCallSite.java:141)
	at TempTestSuite1541773164048.run(TempTestSuite1541773164048.groovy:36)
	at groovy.lang.GroovyShell.runScriptOrMainOrTestOrRunnable(GroovyShell.java:263)
	at groovy.lang.GroovyShell.run(GroovyShell.java:518)
	at groovy.lang.GroovyShell.run(GroovyShell.java:507)
	at groovy.ui.GroovyMain.processOnce(GroovyMain.java:653)
	at groovy.ui.GroovyMain.run(GroovyMain.java:384)
	at groovy.ui.GroovyMain.process(GroovyMain.java:370)
	at groovy.ui.GroovyMain.processArgs(GroovyMain.java:129)
	at groovy.ui.GroovyMain.main(GroovyMain.java:109)
	at sun.reflect.NativeMethodAccessorImpl.invoke0(Native Method)
	at sun.reflect.NativeMethodAccessorImpl.invoke(NativeMethodAccessorImpl.java:62)
	at sun.reflect.DelegatingMethodAccessorImpl.invoke(DelegatingMethodAccessorImpl.java:43)
	at java.lang.reflect.Method.invoke(Method.java:498)
	at org.codehaus.groovy.tools.GroovyStarter.rootLoader(GroovyStarter.java:109)
	at org.codehaus.groovy.tools.GroovyStarter.main(GroovyStarter.java:131)
)

2018-11-09 21:19:33 - [TEST_STEP][PASSED] - openBrowser: Browser is opened with url: ''

2018-11-09 21:19:34 - [MESSAGE][PASSED] - Browser is opened with url: ''

2018-11-09 21:19:34 - [TEST_STEP][PASSED] - navigateToUrl: Navigate to 'https://bad-web.testing.se.nattaponra.com/' successfully

2018-11-09 21:19:36 - [MESSAGE][PASSED] - Navigate to 'https://bad-web.testing.se.nattaponra.com/' successfully

2018-11-09 21:19:36 - [TEST_STEP][PASSED] - setText: Text '201' is set on object 'Object Repository/Test UI Triangle/Page_/input_ A_aSide (1)'

2018-11-09 21:19:36 - [MESSAGE][PASSED] - Text '201' is set on object 'Object Repository/Test UI Triangle/Page_/input_ A_aSide (1)'

2018-11-09 21:19:36 - [TEST_STEP][PASSED] - setText: Text '200' is set on object 'Object Repository/Test UI Triangle/Page_/input_ B_bSide (1)'

2018-11-09 21:19:37 - [MESSAGE][PASSED] - Text '200' is set on object 'Object Repository/Test UI Triangle/Page_/input_ B_bSide (1)'

2018-11-09 21:19:37 - [TEST_STEP][PASSED] - setText: Text '200' is set on object 'Object Repository/Test UI Triangle/Page_/input_ C_cSide (1)'

2018-11-09 21:19:37 - [MESSAGE][PASSED] - Text '200' is set on object 'Object Repository/Test UI Triangle/Page_/input_ C_cSide (1)'

2018-11-09 21:19:37 - [TEST_STEP][PASSED] - click: Object: 'Object Repository/Test UI Triangle/Page_/a_ (1)' is clicked on

2018-11-09 21:19:37 - [MESSAGE][PASSED] - Object: 'Object Repository/Test UI Triangle/Page_/a_ (1)' is clicked on

2018-11-09 21:19:37 - [TEST_STEP][PASSED] - click: Object: 'Object Repository/Test UI Triangle/Page_/div_Equilateral' is clicked on

2018-11-09 21:19:37 - [MESSAGE][PASSED] - Object: 'Object Repository/Test UI Triangle/Page_/div_Equilateral' is clicked on

2018-11-09 21:19:37 - [TEST_STEP][FAILED] - verifyElementText: Verify element text of test object 'Object Repository/Test UI Triangle/Page_/div_Equilateral' FAILED. (Root cause: Actual text 'Equilateral' and expected text 'Out of range' of test object 'Object Repository/Test UI Triangle/Page_/div_Equilateral' are NOT matched.)

2018-11-09 21:19:38 - [MESSAGE][FAILED] - Actual text 'Equilateral' and expected text 'Out of range' of test object 'Object Repository/Test UI Triangle/Page_/div_Equilateral' are NOT matched.
[[ATTACHMENT|/Users/tee/git/katalon-test-case/Reports/Tee/Equivalance Test Suite - bad Website/20181109_211913/1541773177924.png]]

2018-11-09 21:19:38 - [MESSAGE][FAILED] - Verify element text of test object 'Object Repository/Test UI Triangle/Page_/div_Equilateral' FAILED. (Root cause: Actual text 'Equilateral' and expected text 'Out of range' of test object 'Object Repository/Test UI Triangle/Page_/div_Equilateral' are NOT matched.)
[[ATTACHMENT|/Users/tee/git/katalon-test-case/Reports/Tee/Equivalance Test Suite - bad Website/20181109_211913/1541773178331.png]]]]></system-out>
         <system-err><![CDATA[2018-11-09 21:19:33 - [TEST_CASE][FAILED] - Test Cases/Tee/Web/Equivalence Class - Bad web/TC014_Scelene: Test Cases/Tee/Web/Equivalence Class - Bad web/TC014_Scelene FAILED because (of) (Stack trace: com.kms.katalon.core.exception.StepFailedException: Verify element text of test object 'Object Repository/Test UI Triangle/Page_/div_Equilateral' FAILED. (Root cause: Actual text 'Equilateral' and expected text 'Out of range' of test object 'Object Repository/Test UI Triangle/Page_/div_Equilateral' are NOT matched.)
	at com.kms.katalon.core.keyword.internal.KeywordMain.stepFailed(KeywordMain.groovy:36)
	at com.kms.katalon.core.webui.keyword.internal.WebUIKeywordMain.stepFailed(WebUIKeywordMain.groovy:65)
	at com.kms.katalon.core.webui.keyword.internal.WebUIKeywordMain.runKeyword(WebUIKeywordMain.groovy:27)
	at com.kms.katalon.core.webui.keyword.builtin.VerifyElementTextKeyword.verifyElementText(VerifyElementTextKeyword.groovy:72)
	at com.kms.katalon.core.webui.keyword.builtin.VerifyElementTextKeyword.execute(VerifyElementTextKeyword.groovy:40)
	at com.kms.katalon.core.keyword.internal.KeywordExecutor.executeKeywordForPlatform(KeywordExecutor.groovy:53)
	at com.kms.katalon.core.webui.keyword.WebUiBuiltInKeywords.verifyElementText(WebUiBuiltInKeywords.groovy:3663)
	at com.kms.katalon.core.webui.keyword.WebUiBuiltInKeywords$verifyElementText$3.call(Unknown Source)
	at org.codehaus.groovy.runtime.callsite.CallSiteArray.defaultCall(CallSiteArray.java:48)
	at org.codehaus.groovy.runtime.callsite.AbstractCallSite.call(AbstractCallSite.java:113)
	at org.codehaus.groovy.runtime.callsite.AbstractCallSite.call(AbstractCallSite.java:133)
	at Script1541771989068.run(Script1541771989068.groovy:30)
	at com.kms.katalon.core.main.ScriptEngine.run(ScriptEngine.java:183)
	at com.kms.katalon.core.main.ScriptEngine.runScriptAsRawText(ScriptEngine.java:108)
	at com.kms.katalon.core.main.TestCaseExecutor.runScript(TestCaseExecutor.java:294)
	at com.kms.katalon.core.main.TestCaseExecutor.doExecute(TestCaseExecutor.java:285)
	at com.kms.katalon.core.main.TestCaseExecutor.processExecutionPhase(TestCaseExecutor.java:264)
	at com.kms.katalon.core.main.TestCaseExecutor.accessMainPhase(TestCaseExecutor.java:256)
	at com.kms.katalon.core.main.TestCaseExecutor.execute(TestCaseExecutor.java:200)
	at com.kms.katalon.core.main.TestSuiteExecutor.accessTestCaseMainPhase(TestSuiteExecutor.java:129)
	at com.kms.katalon.core.main.TestSuiteExecutor.accessTestSuiteMainPhase(TestSuiteExecutor.java:112)
	at com.kms.katalon.core.main.TestSuiteExecutor.execute(TestSuiteExecutor.java:81)
	at com.kms.katalon.core.main.TestCaseMain.startTestSuite(TestCaseMain.java:142)
	at com.kms.katalon.core.main.TestCaseMain$startTestSuite$0.call(Unknown Source)
	at org.codehaus.groovy.runtime.callsite.CallSiteArray.defaultCall(CallSiteArray.java:48)
	at org.codehaus.groovy.runtime.callsite.AbstractCallSite.call(AbstractCallSite.java:113)
	at org.codehaus.groovy.runtime.callsite.AbstractCallSite.call(AbstractCallSite.java:141)
	at TempTestSuite1541773164048.run(TempTestSuite1541773164048.groovy:36)
	at groovy.lang.GroovyShell.runScriptOrMainOrTestOrRunnable(GroovyShell.java:263)
	at groovy.lang.GroovyShell.run(GroovyShell.java:518)
	at groovy.lang.GroovyShell.run(GroovyShell.java:507)
	at groovy.ui.GroovyMain.processOnce(GroovyMain.java:653)
	at groovy.ui.GroovyMain.run(GroovyMain.java:384)
	at groovy.ui.GroovyMain.process(GroovyMain.java:370)
	at groovy.ui.GroovyMain.processArgs(GroovyMain.java:129)
	at groovy.ui.GroovyMain.main(GroovyMain.java:109)
	at sun.reflect.NativeMethodAccessorImpl.invoke0(Native Method)
	at sun.reflect.NativeMethodAccessorImpl.invoke(NativeMethodAccessorImpl.java:62)
	at sun.reflect.DelegatingMethodAccessorImpl.invoke(DelegatingMethodAccessorImpl.java:43)
	at java.lang.reflect.Method.invoke(Method.java:498)
	at org.codehaus.groovy.tools.GroovyStarter.rootLoader(GroovyStarter.java:109)
	at org.codehaus.groovy.tools.GroovyStarter.main(GroovyStarter.java:131)
)]]></system-err>
      </testcase>
      <testcase name="Test Cases/Tee/Web/Equivalence Class - Bad web/TC006_Not a triangle" classname="Test Cases/Tee/Web/Equivalence Class - Bad web/TC006_Not a triangle" status="PASSED">
         <system-out><![CDATA[2018-11-09 21:19:38 - [TEST_CASE][PASSED] - Test Cases/Tee/Web/Equivalence Class - Bad web/TC006_Not a triangle: Test Cases/Tee/Web/Equivalence Class - Bad web/TC006_Not a triangle

2018-11-09 21:19:38 - [TEST_STEP][PASSED] - openBrowser: Browser is opened with url: ''

2018-11-09 21:19:38 - [MESSAGE][WARNING] - A browser is already opened. Closing browser and opening a new one

2018-11-09 21:19:40 - [MESSAGE][PASSED] - Browser is opened with url: ''

2018-11-09 21:19:40 - [TEST_STEP][PASSED] - navigateToUrl: Navigate to 'https://bad-web.testing.se.nattaponra.com/' successfully

2018-11-09 21:19:41 - [MESSAGE][PASSED] - Navigate to 'https://bad-web.testing.se.nattaponra.com/' successfully

2018-11-09 21:19:41 - [TEST_STEP][PASSED] - setText: Text '2' is set on object 'Object Repository/Test UI Triangle/Page_/input_ A_aSide (1)'

2018-11-09 21:19:41 - [MESSAGE][PASSED] - Text '2' is set on object 'Object Repository/Test UI Triangle/Page_/input_ A_aSide (1)'

2018-11-09 21:19:41 - [TEST_STEP][PASSED] - setText: Text '1' is set on object 'Object Repository/Test UI Triangle/Page_/input_ B_bSide (1)'

2018-11-09 21:19:42 - [MESSAGE][PASSED] - Text '1' is set on object 'Object Repository/Test UI Triangle/Page_/input_ B_bSide (1)'

2018-11-09 21:19:42 - [TEST_STEP][PASSED] - setText: Text '3' is set on object 'Object Repository/Test UI Triangle/Page_/input_ C_cSide (1)'

2018-11-09 21:19:42 - [MESSAGE][PASSED] - Text '3' is set on object 'Object Repository/Test UI Triangle/Page_/input_ C_cSide (1)'

2018-11-09 21:19:42 - [TEST_STEP][PASSED] - click: Object: 'Object Repository/Test UI Triangle/Page_/a_ (1)' is clicked on

2018-11-09 21:19:42 - [MESSAGE][PASSED] - Object: 'Object Repository/Test UI Triangle/Page_/a_ (1)' is clicked on

2018-11-09 21:19:42 - [TEST_STEP][PASSED] - click: Object: 'Object Repository/Test UI Triangle/Page_/div_Equilateral' is clicked on

2018-11-09 21:19:42 - [MESSAGE][PASSED] - Object: 'Object Repository/Test UI Triangle/Page_/div_Equilateral' is clicked on

2018-11-09 21:19:42 - [TEST_STEP][PASSED] - verifyElementText: Actual text and expected text of test object 'Object Repository/Test UI Triangle/Page_/div_Equilateral' are matched.

2018-11-09 21:19:42 - [MESSAGE][PASSED] - Actual text and expected text of test object 'Object Repository/Test UI Triangle/Page_/div_Equilateral' are matched.

2018-11-09 21:19:42 - [TEST_STEP][PASSED] - closeBrowser: Browser is closed

2018-11-09 21:19:42 - [MESSAGE][PASSED] - Browser is closed]]></system-out>
         <system-err><![CDATA[]]></system-err>
      </testcase>
      <testcase name="Test Cases/Tee/Web/Equivalence Class - Bad web/TC012_Out of range" classname="Test Cases/Tee/Web/Equivalence Class - Bad web/TC012_Out of range" status="FAILED">
         <failure type="FAILED" message="(Stack trace: com.kms.katalon.core.exception.StepFailedException: Verify element text of test object 'Object Repository/Test UI Triangle/Page_/div_Equilateral' FAILED. (Root cause: Actual text 'Equilateral' and expected text 'Out of range' of test object 'Object Repository/Test UI Triangle/Page_/div_Equilateral' are NOT matched.)
	at com.kms.katalon.core.keyword.internal.KeywordMain.stepFailed(KeywordMain.groovy:36)
	at com.kms.katalon.core.webui.keyword.internal.WebUIKeywordMain.stepFailed(WebUIKeywordMain.groovy:65)
	at com.kms.katalon.core.webui.keyword.internal.WebUIKeywordMain.runKeyword(WebUIKeywordMain.groovy:27)
	at com.kms.katalon.core.webui.keyword.builtin.VerifyElementTextKeyword.verifyElementText(VerifyElementTextKeyword.groovy:72)
	at com.kms.katalon.core.webui.keyword.builtin.VerifyElementTextKeyword.execute(VerifyElementTextKeyword.groovy:40)
	at com.kms.katalon.core.keyword.internal.KeywordExecutor.executeKeywordForPlatform(KeywordExecutor.groovy:53)
	at com.kms.katalon.core.webui.keyword.WebUiBuiltInKeywords.verifyElementText(WebUiBuiltInKeywords.groovy:3663)
	at com.kms.katalon.core.webui.keyword.WebUiBuiltInKeywords$verifyElementText$3.call(Unknown Source)
	at org.codehaus.groovy.runtime.callsite.CallSiteArray.defaultCall(CallSiteArray.java:48)
	at org.codehaus.groovy.runtime.callsite.AbstractCallSite.call(AbstractCallSite.java:113)
	at org.codehaus.groovy.runtime.callsite.AbstractCallSite.call(AbstractCallSite.java:133)
	at Script1541771989070.run(Script1541771989070.groovy:30)
	at com.kms.katalon.core.main.ScriptEngine.run(ScriptEngine.java:183)
	at com.kms.katalon.core.main.ScriptEngine.runScriptAsRawText(ScriptEngine.java:108)
	at com.kms.katalon.core.main.TestCaseExecutor.runScript(TestCaseExecutor.java:294)
	at com.kms.katalon.core.main.TestCaseExecutor.doExecute(TestCaseExecutor.java:285)
	at com.kms.katalon.core.main.TestCaseExecutor.processExecutionPhase(TestCaseExecutor.java:264)
	at com.kms.katalon.core.main.TestCaseExecutor.accessMainPhase(TestCaseExecutor.java:256)
	at com.kms.katalon.core.main.TestCaseExecutor.execute(TestCaseExecutor.java:200)
	at com.kms.katalon.core.main.TestSuiteExecutor.accessTestCaseMainPhase(TestSuiteExecutor.java:129)
	at com.kms.katalon.core.main.TestSuiteExecutor.accessTestSuiteMainPhase(TestSuiteExecutor.java:112)
	at com.kms.katalon.core.main.TestSuiteExecutor.execute(TestSuiteExecutor.java:81)
	at com.kms.katalon.core.main.TestCaseMain.startTestSuite(TestCaseMain.java:142)
	at com.kms.katalon.core.main.TestCaseMain$startTestSuite$0.call(Unknown Source)
	at org.codehaus.groovy.runtime.callsite.CallSiteArray.defaultCall(CallSiteArray.java:48)
	at org.codehaus.groovy.runtime.callsite.AbstractCallSite.call(AbstractCallSite.java:113)
	at org.codehaus.groovy.runtime.callsite.AbstractCallSite.call(AbstractCallSite.java:141)
	at TempTestSuite1541773164048.run(TempTestSuite1541773164048.groovy:36)
	at groovy.lang.GroovyShell.runScriptOrMainOrTestOrRunnable(GroovyShell.java:263)
	at groovy.lang.GroovyShell.run(GroovyShell.java:518)
	at groovy.lang.GroovyShell.run(GroovyShell.java:507)
	at groovy.ui.GroovyMain.processOnce(GroovyMain.java:653)
	at groovy.ui.GroovyMain.run(GroovyMain.java:384)
	at groovy.ui.GroovyMain.process(GroovyMain.java:370)
	at groovy.ui.GroovyMain.processArgs(GroovyMain.java:129)
	at groovy.ui.GroovyMain.main(GroovyMain.java:109)
	at sun.reflect.NativeMethodAccessorImpl.invoke0(Native Method)
	at sun.reflect.NativeMethodAccessorImpl.invoke(NativeMethodAccessorImpl.java:62)
	at sun.reflect.DelegatingMethodAccessorImpl.invoke(DelegatingMethodAccessorImpl.java:43)
	at java.lang.reflect.Method.invoke(Method.java:498)
	at org.codehaus.groovy.tools.GroovyStarter.rootLoader(GroovyStarter.java:109)
	at org.codehaus.groovy.tools.GroovyStarter.main(GroovyStarter.java:131)
)"/>
         <system-out><![CDATA[2018-11-09 21:19:42 - [TEST_CASE][FAILED] - Test Cases/Tee/Web/Equivalence Class - Bad web/TC012_Out of range: Test Cases/Tee/Web/Equivalence Class - Bad web/TC012_Out of range FAILED because (of) (Stack trace: com.kms.katalon.core.exception.StepFailedException: Verify element text of test object 'Object Repository/Test UI Triangle/Page_/div_Equilateral' FAILED. (Root cause: Actual text 'Equilateral' and expected text 'Out of range' of test object 'Object Repository/Test UI Triangle/Page_/div_Equilateral' are NOT matched.)
	at com.kms.katalon.core.keyword.internal.KeywordMain.stepFailed(KeywordMain.groovy:36)
	at com.kms.katalon.core.webui.keyword.internal.WebUIKeywordMain.stepFailed(WebUIKeywordMain.groovy:65)
	at com.kms.katalon.core.webui.keyword.internal.WebUIKeywordMain.runKeyword(WebUIKeywordMain.groovy:27)
	at com.kms.katalon.core.webui.keyword.builtin.VerifyElementTextKeyword.verifyElementText(VerifyElementTextKeyword.groovy:72)
	at com.kms.katalon.core.webui.keyword.builtin.VerifyElementTextKeyword.execute(VerifyElementTextKeyword.groovy:40)
	at com.kms.katalon.core.keyword.internal.KeywordExecutor.executeKeywordForPlatform(KeywordExecutor.groovy:53)
	at com.kms.katalon.core.webui.keyword.WebUiBuiltInKeywords.verifyElementText(WebUiBuiltInKeywords.groovy:3663)
	at com.kms.katalon.core.webui.keyword.WebUiBuiltInKeywords$verifyElementText$3.call(Unknown Source)
	at org.codehaus.groovy.runtime.callsite.CallSiteArray.defaultCall(CallSiteArray.java:48)
	at org.codehaus.groovy.runtime.callsite.AbstractCallSite.call(AbstractCallSite.java:113)
	at org.codehaus.groovy.runtime.callsite.AbstractCallSite.call(AbstractCallSite.java:133)
	at Script1541771989070.run(Script1541771989070.groovy:30)
	at com.kms.katalon.core.main.ScriptEngine.run(ScriptEngine.java:183)
	at com.kms.katalon.core.main.ScriptEngine.runScriptAsRawText(ScriptEngine.java:108)
	at com.kms.katalon.core.main.TestCaseExecutor.runScript(TestCaseExecutor.java:294)
	at com.kms.katalon.core.main.TestCaseExecutor.doExecute(TestCaseExecutor.java:285)
	at com.kms.katalon.core.main.TestCaseExecutor.processExecutionPhase(TestCaseExecutor.java:264)
	at com.kms.katalon.core.main.TestCaseExecutor.accessMainPhase(TestCaseExecutor.java:256)
	at com.kms.katalon.core.main.TestCaseExecutor.execute(TestCaseExecutor.java:200)
	at com.kms.katalon.core.main.TestSuiteExecutor.accessTestCaseMainPhase(TestSuiteExecutor.java:129)
	at com.kms.katalon.core.main.TestSuiteExecutor.accessTestSuiteMainPhase(TestSuiteExecutor.java:112)
	at com.kms.katalon.core.main.TestSuiteExecutor.execute(TestSuiteExecutor.java:81)
	at com.kms.katalon.core.main.TestCaseMain.startTestSuite(TestCaseMain.java:142)
	at com.kms.katalon.core.main.TestCaseMain$startTestSuite$0.call(Unknown Source)
	at org.codehaus.groovy.runtime.callsite.CallSiteArray.defaultCall(CallSiteArray.java:48)
	at org.codehaus.groovy.runtime.callsite.AbstractCallSite.call(AbstractCallSite.java:113)
	at org.codehaus.groovy.runtime.callsite.AbstractCallSite.call(AbstractCallSite.java:141)
	at TempTestSuite1541773164048.run(TempTestSuite1541773164048.groovy:36)
	at groovy.lang.GroovyShell.runScriptOrMainOrTestOrRunnable(GroovyShell.java:263)
	at groovy.lang.GroovyShell.run(GroovyShell.java:518)
	at groovy.lang.GroovyShell.run(GroovyShell.java:507)
	at groovy.ui.GroovyMain.processOnce(GroovyMain.java:653)
	at groovy.ui.GroovyMain.run(GroovyMain.java:384)
	at groovy.ui.GroovyMain.process(GroovyMain.java:370)
	at groovy.ui.GroovyMain.processArgs(GroovyMain.java:129)
	at groovy.ui.GroovyMain.main(GroovyMain.java:109)
	at sun.reflect.NativeMethodAccessorImpl.invoke0(Native Method)
	at sun.reflect.NativeMethodAccessorImpl.invoke(NativeMethodAccessorImpl.java:62)
	at sun.reflect.DelegatingMethodAccessorImpl.invoke(DelegatingMethodAccessorImpl.java:43)
	at java.lang.reflect.Method.invoke(Method.java:498)
	at org.codehaus.groovy.tools.GroovyStarter.rootLoader(GroovyStarter.java:109)
	at org.codehaus.groovy.tools.GroovyStarter.main(GroovyStarter.java:131)
)

2018-11-09 21:19:43 - [TEST_STEP][PASSED] - openBrowser: Browser is opened with url: ''

2018-11-09 21:19:44 - [MESSAGE][PASSED] - Browser is opened with url: ''

2018-11-09 21:19:44 - [TEST_STEP][PASSED] - navigateToUrl: Navigate to 'https://bad-web.testing.se.nattaponra.com/' successfully

2018-11-09 21:19:46 - [MESSAGE][PASSED] - Navigate to 'https://bad-web.testing.se.nattaponra.com/' successfully

2018-11-09 21:19:46 - [TEST_STEP][PASSED] - setText: Text '201' is set on object 'Object Repository/Test UI Triangle/Page_/input_ A_aSide (1)'

2018-11-09 21:19:46 - [MESSAGE][PASSED] - Text '201' is set on object 'Object Repository/Test UI Triangle/Page_/input_ A_aSide (1)'

2018-11-09 21:19:46 - [TEST_STEP][PASSED] - setText: Text '200' is set on object 'Object Repository/Test UI Triangle/Page_/input_ B_bSide (1)'

2018-11-09 21:19:46 - [MESSAGE][PASSED] - Text '200' is set on object 'Object Repository/Test UI Triangle/Page_/input_ B_bSide (1)'

2018-11-09 21:19:46 - [TEST_STEP][PASSED] - setText: Text '200' is set on object 'Object Repository/Test UI Triangle/Page_/input_ C_cSide (1)'

2018-11-09 21:19:46 - [MESSAGE][PASSED] - Text '200' is set on object 'Object Repository/Test UI Triangle/Page_/input_ C_cSide (1)'

2018-11-09 21:19:46 - [TEST_STEP][PASSED] - click: Object: 'Object Repository/Test UI Triangle/Page_/a_ (1)' is clicked on

2018-11-09 21:19:46 - [MESSAGE][PASSED] - Object: 'Object Repository/Test UI Triangle/Page_/a_ (1)' is clicked on

2018-11-09 21:19:46 - [TEST_STEP][PASSED] - click: Object: 'Object Repository/Test UI Triangle/Page_/div_Equilateral' is clicked on

2018-11-09 21:19:47 - [MESSAGE][PASSED] - Object: 'Object Repository/Test UI Triangle/Page_/div_Equilateral' is clicked on

2018-11-09 21:19:47 - [TEST_STEP][FAILED] - verifyElementText: Verify element text of test object 'Object Repository/Test UI Triangle/Page_/div_Equilateral' FAILED. (Root cause: Actual text 'Equilateral' and expected text 'Out of range' of test object 'Object Repository/Test UI Triangle/Page_/div_Equilateral' are NOT matched.)

2018-11-09 21:19:47 - [MESSAGE][FAILED] - Actual text 'Equilateral' and expected text 'Out of range' of test object 'Object Repository/Test UI Triangle/Page_/div_Equilateral' are NOT matched.
[[ATTACHMENT|/Users/tee/git/katalon-test-case/Reports/Tee/Equivalance Test Suite - bad Website/20181109_211913/1541773187218.png]]

2018-11-09 21:19:47 - [MESSAGE][FAILED] - Verify element text of test object 'Object Repository/Test UI Triangle/Page_/div_Equilateral' FAILED. (Root cause: Actual text 'Equilateral' and expected text 'Out of range' of test object 'Object Repository/Test UI Triangle/Page_/div_Equilateral' are NOT matched.)
[[ATTACHMENT|/Users/tee/git/katalon-test-case/Reports/Tee/Equivalance Test Suite - bad Website/20181109_211913/1541773187596.png]]]]></system-out>
         <system-err><![CDATA[2018-11-09 21:19:42 - [TEST_CASE][FAILED] - Test Cases/Tee/Web/Equivalence Class - Bad web/TC012_Out of range: Test Cases/Tee/Web/Equivalence Class - Bad web/TC012_Out of range FAILED because (of) (Stack trace: com.kms.katalon.core.exception.StepFailedException: Verify element text of test object 'Object Repository/Test UI Triangle/Page_/div_Equilateral' FAILED. (Root cause: Actual text 'Equilateral' and expected text 'Out of range' of test object 'Object Repository/Test UI Triangle/Page_/div_Equilateral' are NOT matched.)
	at com.kms.katalon.core.keyword.internal.KeywordMain.stepFailed(KeywordMain.groovy:36)
	at com.kms.katalon.core.webui.keyword.internal.WebUIKeywordMain.stepFailed(WebUIKeywordMain.groovy:65)
	at com.kms.katalon.core.webui.keyword.internal.WebUIKeywordMain.runKeyword(WebUIKeywordMain.groovy:27)
	at com.kms.katalon.core.webui.keyword.builtin.VerifyElementTextKeyword.verifyElementText(VerifyElementTextKeyword.groovy:72)
	at com.kms.katalon.core.webui.keyword.builtin.VerifyElementTextKeyword.execute(VerifyElementTextKeyword.groovy:40)
	at com.kms.katalon.core.keyword.internal.KeywordExecutor.executeKeywordForPlatform(KeywordExecutor.groovy:53)
	at com.kms.katalon.core.webui.keyword.WebUiBuiltInKeywords.verifyElementText(WebUiBuiltInKeywords.groovy:3663)
	at com.kms.katalon.core.webui.keyword.WebUiBuiltInKeywords$verifyElementText$3.call(Unknown Source)
	at org.codehaus.groovy.runtime.callsite.CallSiteArray.defaultCall(CallSiteArray.java:48)
	at org.codehaus.groovy.runtime.callsite.AbstractCallSite.call(AbstractCallSite.java:113)
	at org.codehaus.groovy.runtime.callsite.AbstractCallSite.call(AbstractCallSite.java:133)
	at Script1541771989070.run(Script1541771989070.groovy:30)
	at com.kms.katalon.core.main.ScriptEngine.run(ScriptEngine.java:183)
	at com.kms.katalon.core.main.ScriptEngine.runScriptAsRawText(ScriptEngine.java:108)
	at com.kms.katalon.core.main.TestCaseExecutor.runScript(TestCaseExecutor.java:294)
	at com.kms.katalon.core.main.TestCaseExecutor.doExecute(TestCaseExecutor.java:285)
	at com.kms.katalon.core.main.TestCaseExecutor.processExecutionPhase(TestCaseExecutor.java:264)
	at com.kms.katalon.core.main.TestCaseExecutor.accessMainPhase(TestCaseExecutor.java:256)
	at com.kms.katalon.core.main.TestCaseExecutor.execute(TestCaseExecutor.java:200)
	at com.kms.katalon.core.main.TestSuiteExecutor.accessTestCaseMainPhase(TestSuiteExecutor.java:129)
	at com.kms.katalon.core.main.TestSuiteExecutor.accessTestSuiteMainPhase(TestSuiteExecutor.java:112)
	at com.kms.katalon.core.main.TestSuiteExecutor.execute(TestSuiteExecutor.java:81)
	at com.kms.katalon.core.main.TestCaseMain.startTestSuite(TestCaseMain.java:142)
	at com.kms.katalon.core.main.TestCaseMain$startTestSuite$0.call(Unknown Source)
	at org.codehaus.groovy.runtime.callsite.CallSiteArray.defaultCall(CallSiteArray.java:48)
	at org.codehaus.groovy.runtime.callsite.AbstractCallSite.call(AbstractCallSite.java:113)
	at org.codehaus.groovy.runtime.callsite.AbstractCallSite.call(AbstractCallSite.java:141)
	at TempTestSuite1541773164048.run(TempTestSuite1541773164048.groovy:36)
	at groovy.lang.GroovyShell.runScriptOrMainOrTestOrRunnable(GroovyShell.java:263)
	at groovy.lang.GroovyShell.run(GroovyShell.java:518)
	at groovy.lang.GroovyShell.run(GroovyShell.java:507)
	at groovy.ui.GroovyMain.processOnce(GroovyMain.java:653)
	at groovy.ui.GroovyMain.run(GroovyMain.java:384)
	at groovy.ui.GroovyMain.process(GroovyMain.java:370)
	at groovy.ui.GroovyMain.processArgs(GroovyMain.java:129)
	at groovy.ui.GroovyMain.main(GroovyMain.java:109)
	at sun.reflect.NativeMethodAccessorImpl.invoke0(Native Method)
	at sun.reflect.NativeMethodAccessorImpl.invoke(NativeMethodAccessorImpl.java:62)
	at sun.reflect.DelegatingMethodAccessorImpl.invoke(DelegatingMethodAccessorImpl.java:43)
	at java.lang.reflect.Method.invoke(Method.java:498)
	at org.codehaus.groovy.tools.GroovyStarter.rootLoader(GroovyStarter.java:109)
	at org.codehaus.groovy.tools.GroovyStarter.main(GroovyStarter.java:131)
)]]></system-err>
      </testcase>
      <testcase name="Test Cases/Tee/Web/Equivalence Class - Bad web/TC005_Not a triangle" classname="Test Cases/Tee/Web/Equivalence Class - Bad web/TC005_Not a triangle" status="PASSED">
         <system-out><![CDATA[2018-11-09 21:19:47 - [TEST_CASE][PASSED] - Test Cases/Tee/Web/Equivalence Class - Bad web/TC005_Not a triangle: Test Cases/Tee/Web/Equivalence Class - Bad web/TC005_Not a triangle

2018-11-09 21:19:48 - [TEST_STEP][PASSED] - openBrowser: Browser is opened with url: ''

2018-11-09 21:19:48 - [MESSAGE][WARNING] - A browser is already opened. Closing browser and opening a new one

2018-11-09 21:19:49 - [MESSAGE][PASSED] - Browser is opened with url: ''

2018-11-09 21:19:49 - [TEST_STEP][PASSED] - navigateToUrl: Navigate to 'https://bad-web.testing.se.nattaponra.com/' successfully

2018-11-09 21:19:51 - [MESSAGE][PASSED] - Navigate to 'https://bad-web.testing.se.nattaponra.com/' successfully

2018-11-09 21:19:51 - [TEST_STEP][PASSED] - setText: Text '1' is set on object 'Object Repository/Test UI Triangle/Page_/input_ A_aSide (1)'

2018-11-09 21:19:51 - [MESSAGE][PASSED] - Text '1' is set on object 'Object Repository/Test UI Triangle/Page_/input_ A_aSide (1)'

2018-11-09 21:19:51 - [TEST_STEP][PASSED] - setText: Text '2' is set on object 'Object Repository/Test UI Triangle/Page_/input_ B_bSide (1)'

2018-11-09 21:19:51 - [MESSAGE][PASSED] - Text '2' is set on object 'Object Repository/Test UI Triangle/Page_/input_ B_bSide (1)'

2018-11-09 21:19:51 - [TEST_STEP][PASSED] - setText: Text '3' is set on object 'Object Repository/Test UI Triangle/Page_/input_ C_cSide (1)'

2018-11-09 21:19:51 - [MESSAGE][PASSED] - Text '3' is set on object 'Object Repository/Test UI Triangle/Page_/input_ C_cSide (1)'

2018-11-09 21:19:51 - [TEST_STEP][PASSED] - click: Object: 'Object Repository/Test UI Triangle/Page_/a_ (1)' is clicked on

2018-11-09 21:19:51 - [MESSAGE][PASSED] - Object: 'Object Repository/Test UI Triangle/Page_/a_ (1)' is clicked on

2018-11-09 21:19:51 - [TEST_STEP][PASSED] - click: Object: 'Object Repository/Test UI Triangle/Page_/div_Equilateral' is clicked on

2018-11-09 21:19:52 - [MESSAGE][PASSED] - Object: 'Object Repository/Test UI Triangle/Page_/div_Equilateral' is clicked on

2018-11-09 21:19:52 - [TEST_STEP][PASSED] - verifyElementText: Actual text and expected text of test object 'Object Repository/Test UI Triangle/Page_/div_Equilateral' are matched.

2018-11-09 21:19:52 - [MESSAGE][PASSED] - Actual text and expected text of test object 'Object Repository/Test UI Triangle/Page_/div_Equilateral' are matched.

2018-11-09 21:19:52 - [TEST_STEP][PASSED] - closeBrowser: Browser is closed

2018-11-09 21:19:52 - [MESSAGE][PASSED] - Browser is closed]]></system-out>
         <system-err><![CDATA[]]></system-err>
      </testcase>
      <testcase name="Test Cases/Tee/Web/Equivalence Class - Bad web/TC003_Isosceles" classname="Test Cases/Tee/Web/Equivalence Class - Bad web/TC003_Isosceles" status="FAILED">
         <failure type="FAILED" message="(Stack trace: com.kms.katalon.core.exception.StepFailedException: Verify element text of test object 'Object Repository/Test UI Triangle/Page_/div_Equilateral' FAILED. (Root cause: Actual text 'Not a Triangle' and expected text 'Isosceles' of test object 'Object Repository/Test UI Triangle/Page_/div_Equilateral' are NOT matched.)
	at com.kms.katalon.core.keyword.internal.KeywordMain.stepFailed(KeywordMain.groovy:36)
	at com.kms.katalon.core.webui.keyword.internal.WebUIKeywordMain.stepFailed(WebUIKeywordMain.groovy:65)
	at com.kms.katalon.core.webui.keyword.internal.WebUIKeywordMain.runKeyword(WebUIKeywordMain.groovy:27)
	at com.kms.katalon.core.webui.keyword.builtin.VerifyElementTextKeyword.verifyElementText(VerifyElementTextKeyword.groovy:72)
	at com.kms.katalon.core.webui.keyword.builtin.VerifyElementTextKeyword.execute(VerifyElementTextKeyword.groovy:40)
	at com.kms.katalon.core.keyword.internal.KeywordExecutor.executeKeywordForPlatform(KeywordExecutor.groovy:53)
	at com.kms.katalon.core.webui.keyword.WebUiBuiltInKeywords.verifyElementText(WebUiBuiltInKeywords.groovy:3663)
	at com.kms.katalon.core.webui.keyword.WebUiBuiltInKeywords$verifyElementText$3.call(Unknown Source)
	at org.codehaus.groovy.runtime.callsite.CallSiteArray.defaultCall(CallSiteArray.java:48)
	at org.codehaus.groovy.runtime.callsite.AbstractCallSite.call(AbstractCallSite.java:113)
	at org.codehaus.groovy.runtime.callsite.AbstractCallSite.call(AbstractCallSite.java:133)
	at Script1541771989073.run(Script1541771989073.groovy:30)
	at com.kms.katalon.core.main.ScriptEngine.run(ScriptEngine.java:183)
	at com.kms.katalon.core.main.ScriptEngine.runScriptAsRawText(ScriptEngine.java:108)
	at com.kms.katalon.core.main.TestCaseExecutor.runScript(TestCaseExecutor.java:294)
	at com.kms.katalon.core.main.TestCaseExecutor.doExecute(TestCaseExecutor.java:285)
	at com.kms.katalon.core.main.TestCaseExecutor.processExecutionPhase(TestCaseExecutor.java:264)
	at com.kms.katalon.core.main.TestCaseExecutor.accessMainPhase(TestCaseExecutor.java:256)
	at com.kms.katalon.core.main.TestCaseExecutor.execute(TestCaseExecutor.java:200)
	at com.kms.katalon.core.main.TestSuiteExecutor.accessTestCaseMainPhase(TestSuiteExecutor.java:129)
	at com.kms.katalon.core.main.TestSuiteExecutor.accessTestSuiteMainPhase(TestSuiteExecutor.java:112)
	at com.kms.katalon.core.main.TestSuiteExecutor.execute(TestSuiteExecutor.java:81)
	at com.kms.katalon.core.main.TestCaseMain.startTestSuite(TestCaseMain.java:142)
	at com.kms.katalon.core.main.TestCaseMain$startTestSuite$0.call(Unknown Source)
	at org.codehaus.groovy.runtime.callsite.CallSiteArray.defaultCall(CallSiteArray.java:48)
	at org.codehaus.groovy.runtime.callsite.AbstractCallSite.call(AbstractCallSite.java:113)
	at org.codehaus.groovy.runtime.callsite.AbstractCallSite.call(AbstractCallSite.java:141)
	at TempTestSuite1541773164048.run(TempTestSuite1541773164048.groovy:36)
	at groovy.lang.GroovyShell.runScriptOrMainOrTestOrRunnable(GroovyShell.java:263)
	at groovy.lang.GroovyShell.run(GroovyShell.java:518)
	at groovy.lang.GroovyShell.run(GroovyShell.java:507)
	at groovy.ui.GroovyMain.processOnce(GroovyMain.java:653)
	at groovy.ui.GroovyMain.run(GroovyMain.java:384)
	at groovy.ui.GroovyMain.process(GroovyMain.java:370)
	at groovy.ui.GroovyMain.processArgs(GroovyMain.java:129)
	at groovy.ui.GroovyMain.main(GroovyMain.java:109)
	at sun.reflect.NativeMethodAccessorImpl.invoke0(Native Method)
	at sun.reflect.NativeMethodAccessorImpl.invoke(NativeMethodAccessorImpl.java:62)
	at sun.reflect.DelegatingMethodAccessorImpl.invoke(DelegatingMethodAccessorImpl.java:43)
	at java.lang.reflect.Method.invoke(Method.java:498)
	at org.codehaus.groovy.tools.GroovyStarter.rootLoader(GroovyStarter.java:109)
	at org.codehaus.groovy.tools.GroovyStarter.main(GroovyStarter.java:131)
)"/>
         <system-out><![CDATA[2018-11-09 21:19:52 - [TEST_CASE][FAILED] - Test Cases/Tee/Web/Equivalence Class - Bad web/TC003_Isosceles: Test Cases/Tee/Web/Equivalence Class - Bad web/TC003_Isosceles FAILED because (of) (Stack trace: com.kms.katalon.core.exception.StepFailedException: Verify element text of test object 'Object Repository/Test UI Triangle/Page_/div_Equilateral' FAILED. (Root cause: Actual text 'Not a Triangle' and expected text 'Isosceles' of test object 'Object Repository/Test UI Triangle/Page_/div_Equilateral' are NOT matched.)
	at com.kms.katalon.core.keyword.internal.KeywordMain.stepFailed(KeywordMain.groovy:36)
	at com.kms.katalon.core.webui.keyword.internal.WebUIKeywordMain.stepFailed(WebUIKeywordMain.groovy:65)
	at com.kms.katalon.core.webui.keyword.internal.WebUIKeywordMain.runKeyword(WebUIKeywordMain.groovy:27)
	at com.kms.katalon.core.webui.keyword.builtin.VerifyElementTextKeyword.verifyElementText(VerifyElementTextKeyword.groovy:72)
	at com.kms.katalon.core.webui.keyword.builtin.VerifyElementTextKeyword.execute(VerifyElementTextKeyword.groovy:40)
	at com.kms.katalon.core.keyword.internal.KeywordExecutor.executeKeywordForPlatform(KeywordExecutor.groovy:53)
	at com.kms.katalon.core.webui.keyword.WebUiBuiltInKeywords.verifyElementText(WebUiBuiltInKeywords.groovy:3663)
	at com.kms.katalon.core.webui.keyword.WebUiBuiltInKeywords$verifyElementText$3.call(Unknown Source)
	at org.codehaus.groovy.runtime.callsite.CallSiteArray.defaultCall(CallSiteArray.java:48)
	at org.codehaus.groovy.runtime.callsite.AbstractCallSite.call(AbstractCallSite.java:113)
	at org.codehaus.groovy.runtime.callsite.AbstractCallSite.call(AbstractCallSite.java:133)
	at Script1541771989073.run(Script1541771989073.groovy:30)
	at com.kms.katalon.core.main.ScriptEngine.run(ScriptEngine.java:183)
	at com.kms.katalon.core.main.ScriptEngine.runScriptAsRawText(ScriptEngine.java:108)
	at com.kms.katalon.core.main.TestCaseExecutor.runScript(TestCaseExecutor.java:294)
	at com.kms.katalon.core.main.TestCaseExecutor.doExecute(TestCaseExecutor.java:285)
	at com.kms.katalon.core.main.TestCaseExecutor.processExecutionPhase(TestCaseExecutor.java:264)
	at com.kms.katalon.core.main.TestCaseExecutor.accessMainPhase(TestCaseExecutor.java:256)
	at com.kms.katalon.core.main.TestCaseExecutor.execute(TestCaseExecutor.java:200)
	at com.kms.katalon.core.main.TestSuiteExecutor.accessTestCaseMainPhase(TestSuiteExecutor.java:129)
	at com.kms.katalon.core.main.TestSuiteExecutor.accessTestSuiteMainPhase(TestSuiteExecutor.java:112)
	at com.kms.katalon.core.main.TestSuiteExecutor.execute(TestSuiteExecutor.java:81)
	at com.kms.katalon.core.main.TestCaseMain.startTestSuite(TestCaseMain.java:142)
	at com.kms.katalon.core.main.TestCaseMain$startTestSuite$0.call(Unknown Source)
	at org.codehaus.groovy.runtime.callsite.CallSiteArray.defaultCall(CallSiteArray.java:48)
	at org.codehaus.groovy.runtime.callsite.AbstractCallSite.call(AbstractCallSite.java:113)
	at org.codehaus.groovy.runtime.callsite.AbstractCallSite.call(AbstractCallSite.java:141)
	at TempTestSuite1541773164048.run(TempTestSuite1541773164048.groovy:36)
	at groovy.lang.GroovyShell.runScriptOrMainOrTestOrRunnable(GroovyShell.java:263)
	at groovy.lang.GroovyShell.run(GroovyShell.java:518)
	at groovy.lang.GroovyShell.run(GroovyShell.java:507)
	at groovy.ui.GroovyMain.processOnce(GroovyMain.java:653)
	at groovy.ui.GroovyMain.run(GroovyMain.java:384)
	at groovy.ui.GroovyMain.process(GroovyMain.java:370)
	at groovy.ui.GroovyMain.processArgs(GroovyMain.java:129)
	at groovy.ui.GroovyMain.main(GroovyMain.java:109)
	at sun.reflect.NativeMethodAccessorImpl.invoke0(Native Method)
	at sun.reflect.NativeMethodAccessorImpl.invoke(NativeMethodAccessorImpl.java:62)
	at sun.reflect.DelegatingMethodAccessorImpl.invoke(DelegatingMethodAccessorImpl.java:43)
	at java.lang.reflect.Method.invoke(Method.java:498)
	at org.codehaus.groovy.tools.GroovyStarter.rootLoader(GroovyStarter.java:109)
	at org.codehaus.groovy.tools.GroovyStarter.main(GroovyStarter.java:131)
)

2018-11-09 21:19:52 - [TEST_STEP][PASSED] - openBrowser: Browser is opened with url: ''

2018-11-09 21:19:53 - [MESSAGE][PASSED] - Browser is opened with url: ''

2018-11-09 21:19:53 - [TEST_STEP][PASSED] - navigateToUrl: Navigate to 'https://bad-web.testing.se.nattaponra.com/' successfully

2018-11-09 21:19:55 - [MESSAGE][PASSED] - Navigate to 'https://bad-web.testing.se.nattaponra.com/' successfully

2018-11-09 21:19:55 - [TEST_STEP][PASSED] - setText: Text '100' is set on object 'Object Repository/Test UI Triangle/Page_/input_ A_aSide (1)'

2018-11-09 21:19:55 - [MESSAGE][PASSED] - Text '100' is set on object 'Object Repository/Test UI Triangle/Page_/input_ A_aSide (1)'

2018-11-09 21:19:55 - [TEST_STEP][PASSED] - setText: Text '200' is set on object 'Object Repository/Test UI Triangle/Page_/input_ B_bSide (1)'

2018-11-09 21:19:55 - [MESSAGE][PASSED] - Text '200' is set on object 'Object Repository/Test UI Triangle/Page_/input_ B_bSide (1)'

2018-11-09 21:19:55 - [TEST_STEP][PASSED] - setText: Text '100' is set on object 'Object Repository/Test UI Triangle/Page_/input_ C_cSide (1)'

2018-11-09 21:19:55 - [MESSAGE][PASSED] - Text '100' is set on object 'Object Repository/Test UI Triangle/Page_/input_ C_cSide (1)'

2018-11-09 21:19:55 - [TEST_STEP][PASSED] - click: Object: 'Object Repository/Test UI Triangle/Page_/a_ (1)' is clicked on

2018-11-09 21:19:55 - [MESSAGE][PASSED] - Object: 'Object Repository/Test UI Triangle/Page_/a_ (1)' is clicked on

2018-11-09 21:19:55 - [TEST_STEP][PASSED] - click: Object: 'Object Repository/Test UI Triangle/Page_/div_Equilateral' is clicked on

2018-11-09 21:19:56 - [MESSAGE][PASSED] - Object: 'Object Repository/Test UI Triangle/Page_/div_Equilateral' is clicked on

2018-11-09 21:19:56 - [TEST_STEP][FAILED] - verifyElementText: Verify element text of test object 'Object Repository/Test UI Triangle/Page_/div_Equilateral' FAILED. (Root cause: Actual text 'Not a Triangle' and expected text 'Isosceles' of test object 'Object Repository/Test UI Triangle/Page_/div_Equilateral' are NOT matched.)

2018-11-09 21:19:56 - [MESSAGE][FAILED] - Actual text 'Not a Triangle' and expected text 'Isosceles' of test object 'Object Repository/Test UI Triangle/Page_/div_Equilateral' are NOT matched.
[[ATTACHMENT|/Users/tee/git/katalon-test-case/Reports/Tee/Equivalance Test Suite - bad Website/20181109_211913/1541773196430.png]]

2018-11-09 21:19:57 - [MESSAGE][FAILED] - Verify element text of test object 'Object Repository/Test UI Triangle/Page_/div_Equilateral' FAILED. (Root cause: Actual text 'Not a Triangle' and expected text 'Isosceles' of test object 'Object Repository/Test UI Triangle/Page_/div_Equilateral' are NOT matched.)
[[ATTACHMENT|/Users/tee/git/katalon-test-case/Reports/Tee/Equivalance Test Suite - bad Website/20181109_211913/1541773196816.png]]]]></system-out>
         <system-err><![CDATA[2018-11-09 21:19:52 - [TEST_CASE][FAILED] - Test Cases/Tee/Web/Equivalence Class - Bad web/TC003_Isosceles: Test Cases/Tee/Web/Equivalence Class - Bad web/TC003_Isosceles FAILED because (of) (Stack trace: com.kms.katalon.core.exception.StepFailedException: Verify element text of test object 'Object Repository/Test UI Triangle/Page_/div_Equilateral' FAILED. (Root cause: Actual text 'Not a Triangle' and expected text 'Isosceles' of test object 'Object Repository/Test UI Triangle/Page_/div_Equilateral' are NOT matched.)
	at com.kms.katalon.core.keyword.internal.KeywordMain.stepFailed(KeywordMain.groovy:36)
	at com.kms.katalon.core.webui.keyword.internal.WebUIKeywordMain.stepFailed(WebUIKeywordMain.groovy:65)
	at com.kms.katalon.core.webui.keyword.internal.WebUIKeywordMain.runKeyword(WebUIKeywordMain.groovy:27)
	at com.kms.katalon.core.webui.keyword.builtin.VerifyElementTextKeyword.verifyElementText(VerifyElementTextKeyword.groovy:72)
	at com.kms.katalon.core.webui.keyword.builtin.VerifyElementTextKeyword.execute(VerifyElementTextKeyword.groovy:40)
	at com.kms.katalon.core.keyword.internal.KeywordExecutor.executeKeywordForPlatform(KeywordExecutor.groovy:53)
	at com.kms.katalon.core.webui.keyword.WebUiBuiltInKeywords.verifyElementText(WebUiBuiltInKeywords.groovy:3663)
	at com.kms.katalon.core.webui.keyword.WebUiBuiltInKeywords$verifyElementText$3.call(Unknown Source)
	at org.codehaus.groovy.runtime.callsite.CallSiteArray.defaultCall(CallSiteArray.java:48)
	at org.codehaus.groovy.runtime.callsite.AbstractCallSite.call(AbstractCallSite.java:113)
	at org.codehaus.groovy.runtime.callsite.AbstractCallSite.call(AbstractCallSite.java:133)
	at Script1541771989073.run(Script1541771989073.groovy:30)
	at com.kms.katalon.core.main.ScriptEngine.run(ScriptEngine.java:183)
	at com.kms.katalon.core.main.ScriptEngine.runScriptAsRawText(ScriptEngine.java:108)
	at com.kms.katalon.core.main.TestCaseExecutor.runScript(TestCaseExecutor.java:294)
	at com.kms.katalon.core.main.TestCaseExecutor.doExecute(TestCaseExecutor.java:285)
	at com.kms.katalon.core.main.TestCaseExecutor.processExecutionPhase(TestCaseExecutor.java:264)
	at com.kms.katalon.core.main.TestCaseExecutor.accessMainPhase(TestCaseExecutor.java:256)
	at com.kms.katalon.core.main.TestCaseExecutor.execute(TestCaseExecutor.java:200)
	at com.kms.katalon.core.main.TestSuiteExecutor.accessTestCaseMainPhase(TestSuiteExecutor.java:129)
	at com.kms.katalon.core.main.TestSuiteExecutor.accessTestSuiteMainPhase(TestSuiteExecutor.java:112)
	at com.kms.katalon.core.main.TestSuiteExecutor.execute(TestSuiteExecutor.java:81)
	at com.kms.katalon.core.main.TestCaseMain.startTestSuite(TestCaseMain.java:142)
	at com.kms.katalon.core.main.TestCaseMain$startTestSuite$0.call(Unknown Source)
	at org.codehaus.groovy.runtime.callsite.CallSiteArray.defaultCall(CallSiteArray.java:48)
	at org.codehaus.groovy.runtime.callsite.AbstractCallSite.call(AbstractCallSite.java:113)
	at org.codehaus.groovy.runtime.callsite.AbstractCallSite.call(AbstractCallSite.java:141)
	at TempTestSuite1541773164048.run(TempTestSuite1541773164048.groovy:36)
	at groovy.lang.GroovyShell.runScriptOrMainOrTestOrRunnable(GroovyShell.java:263)
	at groovy.lang.GroovyShell.run(GroovyShell.java:518)
	at groovy.lang.GroovyShell.run(GroovyShell.java:507)
	at groovy.ui.GroovyMain.processOnce(GroovyMain.java:653)
	at groovy.ui.GroovyMain.run(GroovyMain.java:384)
	at groovy.ui.GroovyMain.process(GroovyMain.java:370)
	at groovy.ui.GroovyMain.processArgs(GroovyMain.java:129)
	at groovy.ui.GroovyMain.main(GroovyMain.java:109)
	at sun.reflect.NativeMethodAccessorImpl.invoke0(Native Method)
	at sun.reflect.NativeMethodAccessorImpl.invoke(NativeMethodAccessorImpl.java:62)
	at sun.reflect.DelegatingMethodAccessorImpl.invoke(DelegatingMethodAccessorImpl.java:43)
	at java.lang.reflect.Method.invoke(Method.java:498)
	at org.codehaus.groovy.tools.GroovyStarter.rootLoader(GroovyStarter.java:109)
	at org.codehaus.groovy.tools.GroovyStarter.main(GroovyStarter.java:131)
)]]></system-err>
      </testcase>
      <testcase name="Test Cases/Tee/Web/Equivalence Class - Bad web/TC004_Isosceles" classname="Test Cases/Tee/Web/Equivalence Class - Bad web/TC004_Isosceles" status="FAILED">
         <failure type="FAILED" message="(Stack trace: com.kms.katalon.core.exception.StepFailedException: Verify element text of test object 'Object Repository/Test UI Triangle/Page_/div_Equilateral' FAILED. (Root cause: Actual text 'Not a Triangle' and expected text 'Isosceles' of test object 'Object Repository/Test UI Triangle/Page_/div_Equilateral' are NOT matched.)
	at com.kms.katalon.core.keyword.internal.KeywordMain.stepFailed(KeywordMain.groovy:36)
	at com.kms.katalon.core.webui.keyword.internal.WebUIKeywordMain.stepFailed(WebUIKeywordMain.groovy:65)
	at com.kms.katalon.core.webui.keyword.internal.WebUIKeywordMain.runKeyword(WebUIKeywordMain.groovy:27)
	at com.kms.katalon.core.webui.keyword.builtin.VerifyElementTextKeyword.verifyElementText(VerifyElementTextKeyword.groovy:72)
	at com.kms.katalon.core.webui.keyword.builtin.VerifyElementTextKeyword.execute(VerifyElementTextKeyword.groovy:40)
	at com.kms.katalon.core.keyword.internal.KeywordExecutor.executeKeywordForPlatform(KeywordExecutor.groovy:53)
	at com.kms.katalon.core.webui.keyword.WebUiBuiltInKeywords.verifyElementText(WebUiBuiltInKeywords.groovy:3663)
	at com.kms.katalon.core.webui.keyword.WebUiBuiltInKeywords$verifyElementText$3.call(Unknown Source)
	at org.codehaus.groovy.runtime.callsite.CallSiteArray.defaultCall(CallSiteArray.java:48)
	at org.codehaus.groovy.runtime.callsite.AbstractCallSite.call(AbstractCallSite.java:113)
	at org.codehaus.groovy.runtime.callsite.AbstractCallSite.call(AbstractCallSite.java:133)
	at Script1541771989075.run(Script1541771989075.groovy:30)
	at com.kms.katalon.core.main.ScriptEngine.run(ScriptEngine.java:183)
	at com.kms.katalon.core.main.ScriptEngine.runScriptAsRawText(ScriptEngine.java:108)
	at com.kms.katalon.core.main.TestCaseExecutor.runScript(TestCaseExecutor.java:294)
	at com.kms.katalon.core.main.TestCaseExecutor.doExecute(TestCaseExecutor.java:285)
	at com.kms.katalon.core.main.TestCaseExecutor.processExecutionPhase(TestCaseExecutor.java:264)
	at com.kms.katalon.core.main.TestCaseExecutor.accessMainPhase(TestCaseExecutor.java:256)
	at com.kms.katalon.core.main.TestCaseExecutor.execute(TestCaseExecutor.java:200)
	at com.kms.katalon.core.main.TestSuiteExecutor.accessTestCaseMainPhase(TestSuiteExecutor.java:129)
	at com.kms.katalon.core.main.TestSuiteExecutor.accessTestSuiteMainPhase(TestSuiteExecutor.java:112)
	at com.kms.katalon.core.main.TestSuiteExecutor.execute(TestSuiteExecutor.java:81)
	at com.kms.katalon.core.main.TestCaseMain.startTestSuite(TestCaseMain.java:142)
	at com.kms.katalon.core.main.TestCaseMain$startTestSuite$0.call(Unknown Source)
	at org.codehaus.groovy.runtime.callsite.CallSiteArray.defaultCall(CallSiteArray.java:48)
	at org.codehaus.groovy.runtime.callsite.AbstractCallSite.call(AbstractCallSite.java:113)
	at org.codehaus.groovy.runtime.callsite.AbstractCallSite.call(AbstractCallSite.java:141)
	at TempTestSuite1541773164048.run(TempTestSuite1541773164048.groovy:36)
	at groovy.lang.GroovyShell.runScriptOrMainOrTestOrRunnable(GroovyShell.java:263)
	at groovy.lang.GroovyShell.run(GroovyShell.java:518)
	at groovy.lang.GroovyShell.run(GroovyShell.java:507)
	at groovy.ui.GroovyMain.processOnce(GroovyMain.java:653)
	at groovy.ui.GroovyMain.run(GroovyMain.java:384)
	at groovy.ui.GroovyMain.process(GroovyMain.java:370)
	at groovy.ui.GroovyMain.processArgs(GroovyMain.java:129)
	at groovy.ui.GroovyMain.main(GroovyMain.java:109)
	at sun.reflect.NativeMethodAccessorImpl.invoke0(Native Method)
	at sun.reflect.NativeMethodAccessorImpl.invoke(NativeMethodAccessorImpl.java:62)
	at sun.reflect.DelegatingMethodAccessorImpl.invoke(DelegatingMethodAccessorImpl.java:43)
	at java.lang.reflect.Method.invoke(Method.java:498)
	at org.codehaus.groovy.tools.GroovyStarter.rootLoader(GroovyStarter.java:109)
	at org.codehaus.groovy.tools.GroovyStarter.main(GroovyStarter.java:131)
)"/>
         <system-out><![CDATA[2018-11-09 21:19:57 - [TEST_CASE][FAILED] - Test Cases/Tee/Web/Equivalence Class - Bad web/TC004_Isosceles: Test Cases/Tee/Web/Equivalence Class - Bad web/TC004_Isosceles FAILED because (of) (Stack trace: com.kms.katalon.core.exception.StepFailedException: Verify element text of test object 'Object Repository/Test UI Triangle/Page_/div_Equilateral' FAILED. (Root cause: Actual text 'Not a Triangle' and expected text 'Isosceles' of test object 'Object Repository/Test UI Triangle/Page_/div_Equilateral' are NOT matched.)
	at com.kms.katalon.core.keyword.internal.KeywordMain.stepFailed(KeywordMain.groovy:36)
	at com.kms.katalon.core.webui.keyword.internal.WebUIKeywordMain.stepFailed(WebUIKeywordMain.groovy:65)
	at com.kms.katalon.core.webui.keyword.internal.WebUIKeywordMain.runKeyword(WebUIKeywordMain.groovy:27)
	at com.kms.katalon.core.webui.keyword.builtin.VerifyElementTextKeyword.verifyElementText(VerifyElementTextKeyword.groovy:72)
	at com.kms.katalon.core.webui.keyword.builtin.VerifyElementTextKeyword.execute(VerifyElementTextKeyword.groovy:40)
	at com.kms.katalon.core.keyword.internal.KeywordExecutor.executeKeywordForPlatform(KeywordExecutor.groovy:53)
	at com.kms.katalon.core.webui.keyword.WebUiBuiltInKeywords.verifyElementText(WebUiBuiltInKeywords.groovy:3663)
	at com.kms.katalon.core.webui.keyword.WebUiBuiltInKeywords$verifyElementText$3.call(Unknown Source)
	at org.codehaus.groovy.runtime.callsite.CallSiteArray.defaultCall(CallSiteArray.java:48)
	at org.codehaus.groovy.runtime.callsite.AbstractCallSite.call(AbstractCallSite.java:113)
	at org.codehaus.groovy.runtime.callsite.AbstractCallSite.call(AbstractCallSite.java:133)
	at Script1541771989075.run(Script1541771989075.groovy:30)
	at com.kms.katalon.core.main.ScriptEngine.run(ScriptEngine.java:183)
	at com.kms.katalon.core.main.ScriptEngine.runScriptAsRawText(ScriptEngine.java:108)
	at com.kms.katalon.core.main.TestCaseExecutor.runScript(TestCaseExecutor.java:294)
	at com.kms.katalon.core.main.TestCaseExecutor.doExecute(TestCaseExecutor.java:285)
	at com.kms.katalon.core.main.TestCaseExecutor.processExecutionPhase(TestCaseExecutor.java:264)
	at com.kms.katalon.core.main.TestCaseExecutor.accessMainPhase(TestCaseExecutor.java:256)
	at com.kms.katalon.core.main.TestCaseExecutor.execute(TestCaseExecutor.java:200)
	at com.kms.katalon.core.main.TestSuiteExecutor.accessTestCaseMainPhase(TestSuiteExecutor.java:129)
	at com.kms.katalon.core.main.TestSuiteExecutor.accessTestSuiteMainPhase(TestSuiteExecutor.java:112)
	at com.kms.katalon.core.main.TestSuiteExecutor.execute(TestSuiteExecutor.java:81)
	at com.kms.katalon.core.main.TestCaseMain.startTestSuite(TestCaseMain.java:142)
	at com.kms.katalon.core.main.TestCaseMain$startTestSuite$0.call(Unknown Source)
	at org.codehaus.groovy.runtime.callsite.CallSiteArray.defaultCall(CallSiteArray.java:48)
	at org.codehaus.groovy.runtime.callsite.AbstractCallSite.call(AbstractCallSite.java:113)
	at org.codehaus.groovy.runtime.callsite.AbstractCallSite.call(AbstractCallSite.java:141)
	at TempTestSuite1541773164048.run(TempTestSuite1541773164048.groovy:36)
	at groovy.lang.GroovyShell.runScriptOrMainOrTestOrRunnable(GroovyShell.java:263)
	at groovy.lang.GroovyShell.run(GroovyShell.java:518)
	at groovy.lang.GroovyShell.run(GroovyShell.java:507)
	at groovy.ui.GroovyMain.processOnce(GroovyMain.java:653)
	at groovy.ui.GroovyMain.run(GroovyMain.java:384)
	at groovy.ui.GroovyMain.process(GroovyMain.java:370)
	at groovy.ui.GroovyMain.processArgs(GroovyMain.java:129)
	at groovy.ui.GroovyMain.main(GroovyMain.java:109)
	at sun.reflect.NativeMethodAccessorImpl.invoke0(Native Method)
	at sun.reflect.NativeMethodAccessorImpl.invoke(NativeMethodAccessorImpl.java:62)
	at sun.reflect.DelegatingMethodAccessorImpl.invoke(DelegatingMethodAccessorImpl.java:43)
	at java.lang.reflect.Method.invoke(Method.java:498)
	at org.codehaus.groovy.tools.GroovyStarter.rootLoader(GroovyStarter.java:109)
	at org.codehaus.groovy.tools.GroovyStarter.main(GroovyStarter.java:131)
)

2018-11-09 21:19:57 - [TEST_STEP][PASSED] - openBrowser: Browser is opened with url: ''

2018-11-09 21:19:57 - [MESSAGE][WARNING] - A browser is already opened. Closing browser and opening a new one

2018-11-09 21:19:58 - [MESSAGE][PASSED] - Browser is opened with url: ''

2018-11-09 21:19:58 - [TEST_STEP][PASSED] - navigateToUrl: Navigate to 'https://bad-web.testing.se.nattaponra.com/' successfully

2018-11-09 21:20:00 - [MESSAGE][PASSED] - Navigate to 'https://bad-web.testing.se.nattaponra.com/' successfully

2018-11-09 21:20:00 - [TEST_STEP][PASSED] - setText: Text '200' is set on object 'Object Repository/Test UI Triangle/Page_/input_ A_aSide (1)'

2018-11-09 21:20:00 - [MESSAGE][PASSED] - Text '200' is set on object 'Object Repository/Test UI Triangle/Page_/input_ A_aSide (1)'

2018-11-09 21:20:00 - [TEST_STEP][PASSED] - setText: Text '100' is set on object 'Object Repository/Test UI Triangle/Page_/input_ B_bSide (1)'

2018-11-09 21:20:00 - [MESSAGE][PASSED] - Text '100' is set on object 'Object Repository/Test UI Triangle/Page_/input_ B_bSide (1)'

2018-11-09 21:20:00 - [TEST_STEP][PASSED] - setText: Text '100' is set on object 'Object Repository/Test UI Triangle/Page_/input_ C_cSide (1)'

2018-11-09 21:20:00 - [MESSAGE][PASSED] - Text '100' is set on object 'Object Repository/Test UI Triangle/Page_/input_ C_cSide (1)'

2018-11-09 21:20:00 - [TEST_STEP][PASSED] - click: Object: 'Object Repository/Test UI Triangle/Page_/a_ (1)' is clicked on

2018-11-09 21:20:00 - [MESSAGE][PASSED] - Object: 'Object Repository/Test UI Triangle/Page_/a_ (1)' is clicked on

2018-11-09 21:20:00 - [TEST_STEP][PASSED] - click: Object: 'Object Repository/Test UI Triangle/Page_/div_Equilateral' is clicked on

2018-11-09 21:20:01 - [MESSAGE][PASSED] - Object: 'Object Repository/Test UI Triangle/Page_/div_Equilateral' is clicked on

2018-11-09 21:20:01 - [TEST_STEP][FAILED] - verifyElementText: Verify element text of test object 'Object Repository/Test UI Triangle/Page_/div_Equilateral' FAILED. (Root cause: Actual text 'Not a Triangle' and expected text 'Isosceles' of test object 'Object Repository/Test UI Triangle/Page_/div_Equilateral' are NOT matched.)

2018-11-09 21:20:01 - [MESSAGE][FAILED] - Actual text 'Not a Triangle' and expected text 'Isosceles' of test object 'Object Repository/Test UI Triangle/Page_/div_Equilateral' are NOT matched.
[[ATTACHMENT|/Users/tee/git/katalon-test-case/Reports/Tee/Equivalance Test Suite - bad Website/20181109_211913/1541773201539.png]]

2018-11-09 21:20:02 - [MESSAGE][FAILED] - Verify element text of test object 'Object Repository/Test UI Triangle/Page_/div_Equilateral' FAILED. (Root cause: Actual text 'Not a Triangle' and expected text 'Isosceles' of test object 'Object Repository/Test UI Triangle/Page_/div_Equilateral' are NOT matched.)
[[ATTACHMENT|/Users/tee/git/katalon-test-case/Reports/Tee/Equivalance Test Suite - bad Website/20181109_211913/1541773201921.png]]]]></system-out>
         <system-err><![CDATA[2018-11-09 21:19:57 - [TEST_CASE][FAILED] - Test Cases/Tee/Web/Equivalence Class - Bad web/TC004_Isosceles: Test Cases/Tee/Web/Equivalence Class - Bad web/TC004_Isosceles FAILED because (of) (Stack trace: com.kms.katalon.core.exception.StepFailedException: Verify element text of test object 'Object Repository/Test UI Triangle/Page_/div_Equilateral' FAILED. (Root cause: Actual text 'Not a Triangle' and expected text 'Isosceles' of test object 'Object Repository/Test UI Triangle/Page_/div_Equilateral' are NOT matched.)
	at com.kms.katalon.core.keyword.internal.KeywordMain.stepFailed(KeywordMain.groovy:36)
	at com.kms.katalon.core.webui.keyword.internal.WebUIKeywordMain.stepFailed(WebUIKeywordMain.groovy:65)
	at com.kms.katalon.core.webui.keyword.internal.WebUIKeywordMain.runKeyword(WebUIKeywordMain.groovy:27)
	at com.kms.katalon.core.webui.keyword.builtin.VerifyElementTextKeyword.verifyElementText(VerifyElementTextKeyword.groovy:72)
	at com.kms.katalon.core.webui.keyword.builtin.VerifyElementTextKeyword.execute(VerifyElementTextKeyword.groovy:40)
	at com.kms.katalon.core.keyword.internal.KeywordExecutor.executeKeywordForPlatform(KeywordExecutor.groovy:53)
	at com.kms.katalon.core.webui.keyword.WebUiBuiltInKeywords.verifyElementText(WebUiBuiltInKeywords.groovy:3663)
	at com.kms.katalon.core.webui.keyword.WebUiBuiltInKeywords$verifyElementText$3.call(Unknown Source)
	at org.codehaus.groovy.runtime.callsite.CallSiteArray.defaultCall(CallSiteArray.java:48)
	at org.codehaus.groovy.runtime.callsite.AbstractCallSite.call(AbstractCallSite.java:113)
	at org.codehaus.groovy.runtime.callsite.AbstractCallSite.call(AbstractCallSite.java:133)
	at Script1541771989075.run(Script1541771989075.groovy:30)
	at com.kms.katalon.core.main.ScriptEngine.run(ScriptEngine.java:183)
	at com.kms.katalon.core.main.ScriptEngine.runScriptAsRawText(ScriptEngine.java:108)
	at com.kms.katalon.core.main.TestCaseExecutor.runScript(TestCaseExecutor.java:294)
	at com.kms.katalon.core.main.TestCaseExecutor.doExecute(TestCaseExecutor.java:285)
	at com.kms.katalon.core.main.TestCaseExecutor.processExecutionPhase(TestCaseExecutor.java:264)
	at com.kms.katalon.core.main.TestCaseExecutor.accessMainPhase(TestCaseExecutor.java:256)
	at com.kms.katalon.core.main.TestCaseExecutor.execute(TestCaseExecutor.java:200)
	at com.kms.katalon.core.main.TestSuiteExecutor.accessTestCaseMainPhase(TestSuiteExecutor.java:129)
	at com.kms.katalon.core.main.TestSuiteExecutor.accessTestSuiteMainPhase(TestSuiteExecutor.java:112)
	at com.kms.katalon.core.main.TestSuiteExecutor.execute(TestSuiteExecutor.java:81)
	at com.kms.katalon.core.main.TestCaseMain.startTestSuite(TestCaseMain.java:142)
	at com.kms.katalon.core.main.TestCaseMain$startTestSuite$0.call(Unknown Source)
	at org.codehaus.groovy.runtime.callsite.CallSiteArray.defaultCall(CallSiteArray.java:48)
	at org.codehaus.groovy.runtime.callsite.AbstractCallSite.call(AbstractCallSite.java:113)
	at org.codehaus.groovy.runtime.callsite.AbstractCallSite.call(AbstractCallSite.java:141)
	at TempTestSuite1541773164048.run(TempTestSuite1541773164048.groovy:36)
	at groovy.lang.GroovyShell.runScriptOrMainOrTestOrRunnable(GroovyShell.java:263)
	at groovy.lang.GroovyShell.run(GroovyShell.java:518)
	at groovy.lang.GroovyShell.run(GroovyShell.java:507)
	at groovy.ui.GroovyMain.processOnce(GroovyMain.java:653)
	at groovy.ui.GroovyMain.run(GroovyMain.java:384)
	at groovy.ui.GroovyMain.process(GroovyMain.java:370)
	at groovy.ui.GroovyMain.processArgs(GroovyMain.java:129)
	at groovy.ui.GroovyMain.main(GroovyMain.java:109)
	at sun.reflect.NativeMethodAccessorImpl.invoke0(Native Method)
	at sun.reflect.NativeMethodAccessorImpl.invoke(NativeMethodAccessorImpl.java:62)
	at sun.reflect.DelegatingMethodAccessorImpl.invoke(DelegatingMethodAccessorImpl.java:43)
	at java.lang.reflect.Method.invoke(Method.java:498)
	at org.codehaus.groovy.tools.GroovyStarter.rootLoader(GroovyStarter.java:109)
	at org.codehaus.groovy.tools.GroovyStarter.main(GroovyStarter.java:131)
)]]></system-err>
      </testcase>
      <testcase name="Test Cases/Tee/Web/Equivalence Class - Bad web/TC013_Out of range" classname="Test Cases/Tee/Web/Equivalence Class - Bad web/TC013_Out of range" status="PASSED">
         <system-out><![CDATA[2018-11-09 21:20:02 - [TEST_CASE][PASSED] - Test Cases/Tee/Web/Equivalence Class - Bad web/TC013_Out of range: Test Cases/Tee/Web/Equivalence Class - Bad web/TC013_Out of range

2018-11-09 21:20:02 - [TEST_STEP][PASSED] - openBrowser: Browser is opened with url: ''

2018-11-09 21:20:02 - [MESSAGE][WARNING] - A browser is already opened. Closing browser and opening a new one

2018-11-09 21:20:03 - [MESSAGE][PASSED] - Browser is opened with url: ''

2018-11-09 21:20:03 - [TEST_STEP][PASSED] - navigateToUrl: Navigate to 'https://bad-web.testing.se.nattaponra.com/' successfully

2018-11-09 21:20:05 - [MESSAGE][PASSED] - Navigate to 'https://bad-web.testing.se.nattaponra.com/' successfully

2018-11-09 21:20:05 - [TEST_STEP][PASSED] - setText: Text '3' is set on object 'Object Repository/Test UI Triangle/Page_/input_ A_aSide (1)'

2018-11-09 21:20:05 - [MESSAGE][PASSED] - Text '3' is set on object 'Object Repository/Test UI Triangle/Page_/input_ A_aSide (1)'

2018-11-09 21:20:05 - [TEST_STEP][PASSED] - setText: Text '4' is set on object 'Object Repository/Test UI Triangle/Page_/input_ B_bSide (1)'

2018-11-09 21:20:05 - [MESSAGE][PASSED] - Text '4' is set on object 'Object Repository/Test UI Triangle/Page_/input_ B_bSide (1)'

2018-11-09 21:20:05 - [TEST_STEP][PASSED] - setText: Text '5' is set on object 'Object Repository/Test UI Triangle/Page_/input_ C_cSide (1)'

2018-11-09 21:20:05 - [MESSAGE][PASSED] - Text '5' is set on object 'Object Repository/Test UI Triangle/Page_/input_ C_cSide (1)'

2018-11-09 21:20:05 - [TEST_STEP][PASSED] - click: Object: 'Object Repository/Test UI Triangle/Page_/a_ (1)' is clicked on

2018-11-09 21:20:06 - [MESSAGE][PASSED] - Object: 'Object Repository/Test UI Triangle/Page_/a_ (1)' is clicked on

2018-11-09 21:20:06 - [TEST_STEP][PASSED] - verifyElementText: Actual text and expected text of test object 'Object Repository/Test UI Triangle/Page_/div_Equilateral' are matched.

2018-11-09 21:20:06 - [MESSAGE][PASSED] - Actual text and expected text of test object 'Object Repository/Test UI Triangle/Page_/div_Equilateral' are matched.

2018-11-09 21:20:06 - [TEST_STEP][PASSED] - click: Object: 'Object Repository/Test UI Triangle/Page_/div_Equilateral' is clicked on

2018-11-09 21:20:06 - [MESSAGE][PASSED] - Object: 'Object Repository/Test UI Triangle/Page_/div_Equilateral' is clicked on

2018-11-09 21:20:06 - [TEST_STEP][PASSED] - closeBrowser: Browser is closed

2018-11-09 21:20:06 - [MESSAGE][PASSED] - Browser is closed]]></system-out>
         <system-err><![CDATA[]]></system-err>
      </testcase>
      <testcase name="Test Cases/Tee/Web/Equivalence Class - Bad web/TC002_Isosceles" classname="Test Cases/Tee/Web/Equivalence Class - Bad web/TC002_Isosceles" status="FAILED">
         <failure type="FAILED" message="(Stack trace: com.kms.katalon.core.exception.StepFailedException: Verify element text of test object 'Object Repository/Test UI Triangle/Page_/div_Equilateral' FAILED. (Root cause: Actual text 'Not a Triangle' and expected text 'Isosceles' of test object 'Object Repository/Test UI Triangle/Page_/div_Equilateral' are NOT matched.)
	at com.kms.katalon.core.keyword.internal.KeywordMain.stepFailed(KeywordMain.groovy:36)
	at com.kms.katalon.core.webui.keyword.internal.WebUIKeywordMain.stepFailed(WebUIKeywordMain.groovy:65)
	at com.kms.katalon.core.webui.keyword.internal.WebUIKeywordMain.runKeyword(WebUIKeywordMain.groovy:27)
	at com.kms.katalon.core.webui.keyword.builtin.VerifyElementTextKeyword.verifyElementText(VerifyElementTextKeyword.groovy:72)
	at com.kms.katalon.core.webui.keyword.builtin.VerifyElementTextKeyword.execute(VerifyElementTextKeyword.groovy:40)
	at com.kms.katalon.core.keyword.internal.KeywordExecutor.executeKeywordForPlatform(KeywordExecutor.groovy:53)
	at com.kms.katalon.core.webui.keyword.WebUiBuiltInKeywords.verifyElementText(WebUiBuiltInKeywords.groovy:3663)
	at com.kms.katalon.core.webui.keyword.WebUiBuiltInKeywords$verifyElementText$3.call(Unknown Source)
	at org.codehaus.groovy.runtime.callsite.CallSiteArray.defaultCall(CallSiteArray.java:48)
	at org.codehaus.groovy.runtime.callsite.AbstractCallSite.call(AbstractCallSite.java:113)
	at org.codehaus.groovy.runtime.callsite.AbstractCallSite.call(AbstractCallSite.java:133)
	at Script1541771989077.run(Script1541771989077.groovy:30)
	at com.kms.katalon.core.main.ScriptEngine.run(ScriptEngine.java:183)
	at com.kms.katalon.core.main.ScriptEngine.runScriptAsRawText(ScriptEngine.java:108)
	at com.kms.katalon.core.main.TestCaseExecutor.runScript(TestCaseExecutor.java:294)
	at com.kms.katalon.core.main.TestCaseExecutor.doExecute(TestCaseExecutor.java:285)
	at com.kms.katalon.core.main.TestCaseExecutor.processExecutionPhase(TestCaseExecutor.java:264)
	at com.kms.katalon.core.main.TestCaseExecutor.accessMainPhase(TestCaseExecutor.java:256)
	at com.kms.katalon.core.main.TestCaseExecutor.execute(TestCaseExecutor.java:200)
	at com.kms.katalon.core.main.TestSuiteExecutor.accessTestCaseMainPhase(TestSuiteExecutor.java:129)
	at com.kms.katalon.core.main.TestSuiteExecutor.accessTestSuiteMainPhase(TestSuiteExecutor.java:112)
	at com.kms.katalon.core.main.TestSuiteExecutor.execute(TestSuiteExecutor.java:81)
	at com.kms.katalon.core.main.TestCaseMain.startTestSuite(TestCaseMain.java:142)
	at com.kms.katalon.core.main.TestCaseMain$startTestSuite$0.call(Unknown Source)
	at org.codehaus.groovy.runtime.callsite.CallSiteArray.defaultCall(CallSiteArray.java:48)
	at org.codehaus.groovy.runtime.callsite.AbstractCallSite.call(AbstractCallSite.java:113)
	at org.codehaus.groovy.runtime.callsite.AbstractCallSite.call(AbstractCallSite.java:141)
	at TempTestSuite1541773164048.run(TempTestSuite1541773164048.groovy:36)
	at groovy.lang.GroovyShell.runScriptOrMainOrTestOrRunnable(GroovyShell.java:263)
	at groovy.lang.GroovyShell.run(GroovyShell.java:518)
	at groovy.lang.GroovyShell.run(GroovyShell.java:507)
	at groovy.ui.GroovyMain.processOnce(GroovyMain.java:653)
	at groovy.ui.GroovyMain.run(GroovyMain.java:384)
	at groovy.ui.GroovyMain.process(GroovyMain.java:370)
	at groovy.ui.GroovyMain.processArgs(GroovyMain.java:129)
	at groovy.ui.GroovyMain.main(GroovyMain.java:109)
	at sun.reflect.NativeMethodAccessorImpl.invoke0(Native Method)
	at sun.reflect.NativeMethodAccessorImpl.invoke(NativeMethodAccessorImpl.java:62)
	at sun.reflect.DelegatingMethodAccessorImpl.invoke(DelegatingMethodAccessorImpl.java:43)
	at java.lang.reflect.Method.invoke(Method.java:498)
	at org.codehaus.groovy.tools.GroovyStarter.rootLoader(GroovyStarter.java:109)
	at org.codehaus.groovy.tools.GroovyStarter.main(GroovyStarter.java:131)
)"/>
         <system-out><![CDATA[2018-11-09 21:20:06 - [TEST_CASE][FAILED] - Test Cases/Tee/Web/Equivalence Class - Bad web/TC002_Isosceles: Test Cases/Tee/Web/Equivalence Class - Bad web/TC002_Isosceles FAILED because (of) (Stack trace: com.kms.katalon.core.exception.StepFailedException: Verify element text of test object 'Object Repository/Test UI Triangle/Page_/div_Equilateral' FAILED. (Root cause: Actual text 'Not a Triangle' and expected text 'Isosceles' of test object 'Object Repository/Test UI Triangle/Page_/div_Equilateral' are NOT matched.)
	at com.kms.katalon.core.keyword.internal.KeywordMain.stepFailed(KeywordMain.groovy:36)
	at com.kms.katalon.core.webui.keyword.internal.WebUIKeywordMain.stepFailed(WebUIKeywordMain.groovy:65)
	at com.kms.katalon.core.webui.keyword.internal.WebUIKeywordMain.runKeyword(WebUIKeywordMain.groovy:27)
	at com.kms.katalon.core.webui.keyword.builtin.VerifyElementTextKeyword.verifyElementText(VerifyElementTextKeyword.groovy:72)
	at com.kms.katalon.core.webui.keyword.builtin.VerifyElementTextKeyword.execute(VerifyElementTextKeyword.groovy:40)
	at com.kms.katalon.core.keyword.internal.KeywordExecutor.executeKeywordForPlatform(KeywordExecutor.groovy:53)
	at com.kms.katalon.core.webui.keyword.WebUiBuiltInKeywords.verifyElementText(WebUiBuiltInKeywords.groovy:3663)
	at com.kms.katalon.core.webui.keyword.WebUiBuiltInKeywords$verifyElementText$3.call(Unknown Source)
	at org.codehaus.groovy.runtime.callsite.CallSiteArray.defaultCall(CallSiteArray.java:48)
	at org.codehaus.groovy.runtime.callsite.AbstractCallSite.call(AbstractCallSite.java:113)
	at org.codehaus.groovy.runtime.callsite.AbstractCallSite.call(AbstractCallSite.java:133)
	at Script1541771989077.run(Script1541771989077.groovy:30)
	at com.kms.katalon.core.main.ScriptEngine.run(ScriptEngine.java:183)
	at com.kms.katalon.core.main.ScriptEngine.runScriptAsRawText(ScriptEngine.java:108)
	at com.kms.katalon.core.main.TestCaseExecutor.runScript(TestCaseExecutor.java:294)
	at com.kms.katalon.core.main.TestCaseExecutor.doExecute(TestCaseExecutor.java:285)
	at com.kms.katalon.core.main.TestCaseExecutor.processExecutionPhase(TestCaseExecutor.java:264)
	at com.kms.katalon.core.main.TestCaseExecutor.accessMainPhase(TestCaseExecutor.java:256)
	at com.kms.katalon.core.main.TestCaseExecutor.execute(TestCaseExecutor.java:200)
	at com.kms.katalon.core.main.TestSuiteExecutor.accessTestCaseMainPhase(TestSuiteExecutor.java:129)
	at com.kms.katalon.core.main.TestSuiteExecutor.accessTestSuiteMainPhase(TestSuiteExecutor.java:112)
	at com.kms.katalon.core.main.TestSuiteExecutor.execute(TestSuiteExecutor.java:81)
	at com.kms.katalon.core.main.TestCaseMain.startTestSuite(TestCaseMain.java:142)
	at com.kms.katalon.core.main.TestCaseMain$startTestSuite$0.call(Unknown Source)
	at org.codehaus.groovy.runtime.callsite.CallSiteArray.defaultCall(CallSiteArray.java:48)
	at org.codehaus.groovy.runtime.callsite.AbstractCallSite.call(AbstractCallSite.java:113)
	at org.codehaus.groovy.runtime.callsite.AbstractCallSite.call(AbstractCallSite.java:141)
	at TempTestSuite1541773164048.run(TempTestSuite1541773164048.groovy:36)
	at groovy.lang.GroovyShell.runScriptOrMainOrTestOrRunnable(GroovyShell.java:263)
	at groovy.lang.GroovyShell.run(GroovyShell.java:518)
	at groovy.lang.GroovyShell.run(GroovyShell.java:507)
	at groovy.ui.GroovyMain.processOnce(GroovyMain.java:653)
	at groovy.ui.GroovyMain.run(GroovyMain.java:384)
	at groovy.ui.GroovyMain.process(GroovyMain.java:370)
	at groovy.ui.GroovyMain.processArgs(GroovyMain.java:129)
	at groovy.ui.GroovyMain.main(GroovyMain.java:109)
	at sun.reflect.NativeMethodAccessorImpl.invoke0(Native Method)
	at sun.reflect.NativeMethodAccessorImpl.invoke(NativeMethodAccessorImpl.java:62)
	at sun.reflect.DelegatingMethodAccessorImpl.invoke(DelegatingMethodAccessorImpl.java:43)
	at java.lang.reflect.Method.invoke(Method.java:498)
	at org.codehaus.groovy.tools.GroovyStarter.rootLoader(GroovyStarter.java:109)
	at org.codehaus.groovy.tools.GroovyStarter.main(GroovyStarter.java:131)
)

2018-11-09 21:20:06 - [TEST_STEP][PASSED] - openBrowser: Browser is opened with url: ''

2018-11-09 21:20:07 - [MESSAGE][PASSED] - Browser is opened with url: ''

2018-11-09 21:20:07 - [TEST_STEP][PASSED] - navigateToUrl: Navigate to 'https://bad-web.testing.se.nattaponra.com/' successfully

2018-11-09 21:20:10 - [MESSAGE][PASSED] - Navigate to 'https://bad-web.testing.se.nattaponra.com/' successfully

2018-11-09 21:20:10 - [TEST_STEP][PASSED] - setText: Text '100' is set on object 'Object Repository/Test UI Triangle/Page_/input_ A_aSide (1)'

2018-11-09 21:20:10 - [MESSAGE][PASSED] - Text '100' is set on object 'Object Repository/Test UI Triangle/Page_/input_ A_aSide (1)'

2018-11-09 21:20:10 - [TEST_STEP][PASSED] - setText: Text '100' is set on object 'Object Repository/Test UI Triangle/Page_/input_ B_bSide (1)'

2018-11-09 21:20:10 - [MESSAGE][PASSED] - Text '100' is set on object 'Object Repository/Test UI Triangle/Page_/input_ B_bSide (1)'

2018-11-09 21:20:10 - [TEST_STEP][PASSED] - setText: Text '200' is set on object 'Object Repository/Test UI Triangle/Page_/input_ C_cSide (1)'

2018-11-09 21:20:10 - [MESSAGE][PASSED] - Text '200' is set on object 'Object Repository/Test UI Triangle/Page_/input_ C_cSide (1)'

2018-11-09 21:20:10 - [TEST_STEP][PASSED] - click: Object: 'Object Repository/Test UI Triangle/Page_/a_ (1)' is clicked on

2018-11-09 21:20:10 - [MESSAGE][PASSED] - Object: 'Object Repository/Test UI Triangle/Page_/a_ (1)' is clicked on

2018-11-09 21:20:10 - [TEST_STEP][PASSED] - click: Object: 'Object Repository/Test UI Triangle/Page_/div_Equilateral' is clicked on

2018-11-09 21:20:11 - [MESSAGE][PASSED] - Object: 'Object Repository/Test UI Triangle/Page_/div_Equilateral' is clicked on

2018-11-09 21:20:11 - [TEST_STEP][FAILED] - verifyElementText: Verify element text of test object 'Object Repository/Test UI Triangle/Page_/div_Equilateral' FAILED. (Root cause: Actual text 'Not a Triangle' and expected text 'Isosceles' of test object 'Object Repository/Test UI Triangle/Page_/div_Equilateral' are NOT matched.)

2018-11-09 21:20:12 - [MESSAGE][FAILED] - Actual text 'Not a Triangle' and expected text 'Isosceles' of test object 'Object Repository/Test UI Triangle/Page_/div_Equilateral' are NOT matched.
[[ATTACHMENT|/Users/tee/git/katalon-test-case/Reports/Tee/Equivalance Test Suite - bad Website/20181109_211913/1541773211948.png]]

2018-11-09 21:20:12 - [MESSAGE][FAILED] - Verify element text of test object 'Object Repository/Test UI Triangle/Page_/div_Equilateral' FAILED. (Root cause: Actual text 'Not a Triangle' and expected text 'Isosceles' of test object 'Object Repository/Test UI Triangle/Page_/div_Equilateral' are NOT matched.)
[[ATTACHMENT|/Users/tee/git/katalon-test-case/Reports/Tee/Equivalance Test Suite - bad Website/20181109_211913/1541773212323.png]]]]></system-out>
         <system-err><![CDATA[2018-11-09 21:20:06 - [TEST_CASE][FAILED] - Test Cases/Tee/Web/Equivalence Class - Bad web/TC002_Isosceles: Test Cases/Tee/Web/Equivalence Class - Bad web/TC002_Isosceles FAILED because (of) (Stack trace: com.kms.katalon.core.exception.StepFailedException: Verify element text of test object 'Object Repository/Test UI Triangle/Page_/div_Equilateral' FAILED. (Root cause: Actual text 'Not a Triangle' and expected text 'Isosceles' of test object 'Object Repository/Test UI Triangle/Page_/div_Equilateral' are NOT matched.)
	at com.kms.katalon.core.keyword.internal.KeywordMain.stepFailed(KeywordMain.groovy:36)
	at com.kms.katalon.core.webui.keyword.internal.WebUIKeywordMain.stepFailed(WebUIKeywordMain.groovy:65)
	at com.kms.katalon.core.webui.keyword.internal.WebUIKeywordMain.runKeyword(WebUIKeywordMain.groovy:27)
	at com.kms.katalon.core.webui.keyword.builtin.VerifyElementTextKeyword.verifyElementText(VerifyElementTextKeyword.groovy:72)
	at com.kms.katalon.core.webui.keyword.builtin.VerifyElementTextKeyword.execute(VerifyElementTextKeyword.groovy:40)
	at com.kms.katalon.core.keyword.internal.KeywordExecutor.executeKeywordForPlatform(KeywordExecutor.groovy:53)
	at com.kms.katalon.core.webui.keyword.WebUiBuiltInKeywords.verifyElementText(WebUiBuiltInKeywords.groovy:3663)
	at com.kms.katalon.core.webui.keyword.WebUiBuiltInKeywords$verifyElementText$3.call(Unknown Source)
	at org.codehaus.groovy.runtime.callsite.CallSiteArray.defaultCall(CallSiteArray.java:48)
	at org.codehaus.groovy.runtime.callsite.AbstractCallSite.call(AbstractCallSite.java:113)
	at org.codehaus.groovy.runtime.callsite.AbstractCallSite.call(AbstractCallSite.java:133)
	at Script1541771989077.run(Script1541771989077.groovy:30)
	at com.kms.katalon.core.main.ScriptEngine.run(ScriptEngine.java:183)
	at com.kms.katalon.core.main.ScriptEngine.runScriptAsRawText(ScriptEngine.java:108)
	at com.kms.katalon.core.main.TestCaseExecutor.runScript(TestCaseExecutor.java:294)
	at com.kms.katalon.core.main.TestCaseExecutor.doExecute(TestCaseExecutor.java:285)
	at com.kms.katalon.core.main.TestCaseExecutor.processExecutionPhase(TestCaseExecutor.java:264)
	at com.kms.katalon.core.main.TestCaseExecutor.accessMainPhase(TestCaseExecutor.java:256)
	at com.kms.katalon.core.main.TestCaseExecutor.execute(TestCaseExecutor.java:200)
	at com.kms.katalon.core.main.TestSuiteExecutor.accessTestCaseMainPhase(TestSuiteExecutor.java:129)
	at com.kms.katalon.core.main.TestSuiteExecutor.accessTestSuiteMainPhase(TestSuiteExecutor.java:112)
	at com.kms.katalon.core.main.TestSuiteExecutor.execute(TestSuiteExecutor.java:81)
	at com.kms.katalon.core.main.TestCaseMain.startTestSuite(TestCaseMain.java:142)
	at com.kms.katalon.core.main.TestCaseMain$startTestSuite$0.call(Unknown Source)
	at org.codehaus.groovy.runtime.callsite.CallSiteArray.defaultCall(CallSiteArray.java:48)
	at org.codehaus.groovy.runtime.callsite.AbstractCallSite.call(AbstractCallSite.java:113)
	at org.codehaus.groovy.runtime.callsite.AbstractCallSite.call(AbstractCallSite.java:141)
	at TempTestSuite1541773164048.run(TempTestSuite1541773164048.groovy:36)
	at groovy.lang.GroovyShell.runScriptOrMainOrTestOrRunnable(GroovyShell.java:263)
	at groovy.lang.GroovyShell.run(GroovyShell.java:518)
	at groovy.lang.GroovyShell.run(GroovyShell.java:507)
	at groovy.ui.GroovyMain.processOnce(GroovyMain.java:653)
	at groovy.ui.GroovyMain.run(GroovyMain.java:384)
	at groovy.ui.GroovyMain.process(GroovyMain.java:370)
	at groovy.ui.GroovyMain.processArgs(GroovyMain.java:129)
	at groovy.ui.GroovyMain.main(GroovyMain.java:109)
	at sun.reflect.NativeMethodAccessorImpl.invoke0(Native Method)
	at sun.reflect.NativeMethodAccessorImpl.invoke(NativeMethodAccessorImpl.java:62)
	at sun.reflect.DelegatingMethodAccessorImpl.invoke(DelegatingMethodAccessorImpl.java:43)
	at java.lang.reflect.Method.invoke(Method.java:498)
	at org.codehaus.groovy.tools.GroovyStarter.rootLoader(GroovyStarter.java:109)
	at org.codehaus.groovy.tools.GroovyStarter.main(GroovyStarter.java:131)
)]]></system-err>
      </testcase>
      <testcase name="Test Cases/Tee/Web/Equivalence Class - Bad web/TC011_Out of range" classname="Test Cases/Tee/Web/Equivalence Class - Bad web/TC011_Out of range" status="FAILED">
         <failure type="FAILED" message="(Stack trace: com.kms.katalon.core.exception.StepFailedException: Verify element text of test object 'Object Repository/Test UI Triangle/Page_/div_Equilateral' FAILED. (Root cause: Actual text 'Equilateral' and expected text 'Out of range' of test object 'Object Repository/Test UI Triangle/Page_/div_Equilateral' are NOT matched.)
	at com.kms.katalon.core.keyword.internal.KeywordMain.stepFailed(KeywordMain.groovy:36)
	at com.kms.katalon.core.webui.keyword.internal.WebUIKeywordMain.stepFailed(WebUIKeywordMain.groovy:65)
	at com.kms.katalon.core.webui.keyword.internal.WebUIKeywordMain.runKeyword(WebUIKeywordMain.groovy:27)
	at com.kms.katalon.core.webui.keyword.builtin.VerifyElementTextKeyword.verifyElementText(VerifyElementTextKeyword.groovy:72)
	at com.kms.katalon.core.webui.keyword.builtin.VerifyElementTextKeyword.execute(VerifyElementTextKeyword.groovy:40)
	at com.kms.katalon.core.keyword.internal.KeywordExecutor.executeKeywordForPlatform(KeywordExecutor.groovy:53)
	at com.kms.katalon.core.webui.keyword.WebUiBuiltInKeywords.verifyElementText(WebUiBuiltInKeywords.groovy:3663)
	at com.kms.katalon.core.webui.keyword.WebUiBuiltInKeywords$verifyElementText$3.call(Unknown Source)
	at org.codehaus.groovy.runtime.callsite.CallSiteArray.defaultCall(CallSiteArray.java:48)
	at org.codehaus.groovy.runtime.callsite.AbstractCallSite.call(AbstractCallSite.java:113)
	at org.codehaus.groovy.runtime.callsite.AbstractCallSite.call(AbstractCallSite.java:133)
	at Script1541771989080.run(Script1541771989080.groovy:30)
	at com.kms.katalon.core.main.ScriptEngine.run(ScriptEngine.java:183)
	at com.kms.katalon.core.main.ScriptEngine.runScriptAsRawText(ScriptEngine.java:108)
	at com.kms.katalon.core.main.TestCaseExecutor.runScript(TestCaseExecutor.java:294)
	at com.kms.katalon.core.main.TestCaseExecutor.doExecute(TestCaseExecutor.java:285)
	at com.kms.katalon.core.main.TestCaseExecutor.processExecutionPhase(TestCaseExecutor.java:264)
	at com.kms.katalon.core.main.TestCaseExecutor.accessMainPhase(TestCaseExecutor.java:256)
	at com.kms.katalon.core.main.TestCaseExecutor.execute(TestCaseExecutor.java:200)
	at com.kms.katalon.core.main.TestSuiteExecutor.accessTestCaseMainPhase(TestSuiteExecutor.java:129)
	at com.kms.katalon.core.main.TestSuiteExecutor.accessTestSuiteMainPhase(TestSuiteExecutor.java:112)
	at com.kms.katalon.core.main.TestSuiteExecutor.execute(TestSuiteExecutor.java:81)
	at com.kms.katalon.core.main.TestCaseMain.startTestSuite(TestCaseMain.java:142)
	at com.kms.katalon.core.main.TestCaseMain$startTestSuite$0.call(Unknown Source)
	at org.codehaus.groovy.runtime.callsite.CallSiteArray.defaultCall(CallSiteArray.java:48)
	at org.codehaus.groovy.runtime.callsite.AbstractCallSite.call(AbstractCallSite.java:113)
	at org.codehaus.groovy.runtime.callsite.AbstractCallSite.call(AbstractCallSite.java:141)
	at TempTestSuite1541773164048.run(TempTestSuite1541773164048.groovy:36)
	at groovy.lang.GroovyShell.runScriptOrMainOrTestOrRunnable(GroovyShell.java:263)
	at groovy.lang.GroovyShell.run(GroovyShell.java:518)
	at groovy.lang.GroovyShell.run(GroovyShell.java:507)
	at groovy.ui.GroovyMain.processOnce(GroovyMain.java:653)
	at groovy.ui.GroovyMain.run(GroovyMain.java:384)
	at groovy.ui.GroovyMain.process(GroovyMain.java:370)
	at groovy.ui.GroovyMain.processArgs(GroovyMain.java:129)
	at groovy.ui.GroovyMain.main(GroovyMain.java:109)
	at sun.reflect.NativeMethodAccessorImpl.invoke0(Native Method)
	at sun.reflect.NativeMethodAccessorImpl.invoke(NativeMethodAccessorImpl.java:62)
	at sun.reflect.DelegatingMethodAccessorImpl.invoke(DelegatingMethodAccessorImpl.java:43)
	at java.lang.reflect.Method.invoke(Method.java:498)
	at org.codehaus.groovy.tools.GroovyStarter.rootLoader(GroovyStarter.java:109)
	at org.codehaus.groovy.tools.GroovyStarter.main(GroovyStarter.java:131)
)"/>
         <system-out><![CDATA[2018-11-09 21:20:12 - [TEST_CASE][FAILED] - Test Cases/Tee/Web/Equivalence Class - Bad web/TC011_Out of range: Test Cases/Tee/Web/Equivalence Class - Bad web/TC011_Out of range FAILED because (of) (Stack trace: com.kms.katalon.core.exception.StepFailedException: Verify element text of test object 'Object Repository/Test UI Triangle/Page_/div_Equilateral' FAILED. (Root cause: Actual text 'Equilateral' and expected text 'Out of range' of test object 'Object Repository/Test UI Triangle/Page_/div_Equilateral' are NOT matched.)
	at com.kms.katalon.core.keyword.internal.KeywordMain.stepFailed(KeywordMain.groovy:36)
	at com.kms.katalon.core.webui.keyword.internal.WebUIKeywordMain.stepFailed(WebUIKeywordMain.groovy:65)
	at com.kms.katalon.core.webui.keyword.internal.WebUIKeywordMain.runKeyword(WebUIKeywordMain.groovy:27)
	at com.kms.katalon.core.webui.keyword.builtin.VerifyElementTextKeyword.verifyElementText(VerifyElementTextKeyword.groovy:72)
	at com.kms.katalon.core.webui.keyword.builtin.VerifyElementTextKeyword.execute(VerifyElementTextKeyword.groovy:40)
	at com.kms.katalon.core.keyword.internal.KeywordExecutor.executeKeywordForPlatform(KeywordExecutor.groovy:53)
	at com.kms.katalon.core.webui.keyword.WebUiBuiltInKeywords.verifyElementText(WebUiBuiltInKeywords.groovy:3663)
	at com.kms.katalon.core.webui.keyword.WebUiBuiltInKeywords$verifyElementText$3.call(Unknown Source)
	at org.codehaus.groovy.runtime.callsite.CallSiteArray.defaultCall(CallSiteArray.java:48)
	at org.codehaus.groovy.runtime.callsite.AbstractCallSite.call(AbstractCallSite.java:113)
	at org.codehaus.groovy.runtime.callsite.AbstractCallSite.call(AbstractCallSite.java:133)
	at Script1541771989080.run(Script1541771989080.groovy:30)
	at com.kms.katalon.core.main.ScriptEngine.run(ScriptEngine.java:183)
	at com.kms.katalon.core.main.ScriptEngine.runScriptAsRawText(ScriptEngine.java:108)
	at com.kms.katalon.core.main.TestCaseExecutor.runScript(TestCaseExecutor.java:294)
	at com.kms.katalon.core.main.TestCaseExecutor.doExecute(TestCaseExecutor.java:285)
	at com.kms.katalon.core.main.TestCaseExecutor.processExecutionPhase(TestCaseExecutor.java:264)
	at com.kms.katalon.core.main.TestCaseExecutor.accessMainPhase(TestCaseExecutor.java:256)
	at com.kms.katalon.core.main.TestCaseExecutor.execute(TestCaseExecutor.java:200)
	at com.kms.katalon.core.main.TestSuiteExecutor.accessTestCaseMainPhase(TestSuiteExecutor.java:129)
	at com.kms.katalon.core.main.TestSuiteExecutor.accessTestSuiteMainPhase(TestSuiteExecutor.java:112)
	at com.kms.katalon.core.main.TestSuiteExecutor.execute(TestSuiteExecutor.java:81)
	at com.kms.katalon.core.main.TestCaseMain.startTestSuite(TestCaseMain.java:142)
	at com.kms.katalon.core.main.TestCaseMain$startTestSuite$0.call(Unknown Source)
	at org.codehaus.groovy.runtime.callsite.CallSiteArray.defaultCall(CallSiteArray.java:48)
	at org.codehaus.groovy.runtime.callsite.AbstractCallSite.call(AbstractCallSite.java:113)
	at org.codehaus.groovy.runtime.callsite.AbstractCallSite.call(AbstractCallSite.java:141)
	at TempTestSuite1541773164048.run(TempTestSuite1541773164048.groovy:36)
	at groovy.lang.GroovyShell.runScriptOrMainOrTestOrRunnable(GroovyShell.java:263)
	at groovy.lang.GroovyShell.run(GroovyShell.java:518)
	at groovy.lang.GroovyShell.run(GroovyShell.java:507)
	at groovy.ui.GroovyMain.processOnce(GroovyMain.java:653)
	at groovy.ui.GroovyMain.run(GroovyMain.java:384)
	at groovy.ui.GroovyMain.process(GroovyMain.java:370)
	at groovy.ui.GroovyMain.processArgs(GroovyMain.java:129)
	at groovy.ui.GroovyMain.main(GroovyMain.java:109)
	at sun.reflect.NativeMethodAccessorImpl.invoke0(Native Method)
	at sun.reflect.NativeMethodAccessorImpl.invoke(NativeMethodAccessorImpl.java:62)
	at sun.reflect.DelegatingMethodAccessorImpl.invoke(DelegatingMethodAccessorImpl.java:43)
	at java.lang.reflect.Method.invoke(Method.java:498)
	at org.codehaus.groovy.tools.GroovyStarter.rootLoader(GroovyStarter.java:109)
	at org.codehaus.groovy.tools.GroovyStarter.main(GroovyStarter.java:131)
)

2018-11-09 21:20:12 - [TEST_STEP][PASSED] - openBrowser: Browser is opened with url: ''

2018-11-09 21:20:12 - [MESSAGE][WARNING] - A browser is already opened. Closing browser and opening a new one

2018-11-09 21:20:14 - [MESSAGE][PASSED] - Browser is opened with url: ''

2018-11-09 21:20:14 - [TEST_STEP][PASSED] - navigateToUrl: Navigate to 'https://bad-web.testing.se.nattaponra.com/' successfully

2018-11-09 21:20:16 - [MESSAGE][PASSED] - Navigate to 'https://bad-web.testing.se.nattaponra.com/' successfully

2018-11-09 21:20:16 - [TEST_STEP][PASSED] - setText: Text '200' is set on object 'Object Repository/Test UI Triangle/Page_/input_ A_aSide (1)'

2018-11-09 21:20:16 - [MESSAGE][PASSED] - Text '200' is set on object 'Object Repository/Test UI Triangle/Page_/input_ A_aSide (1)'

2018-11-09 21:20:16 - [TEST_STEP][PASSED] - setText: Text '200' is set on object 'Object Repository/Test UI Triangle/Page_/input_ B_bSide (1)'

2018-11-09 21:20:16 - [MESSAGE][PASSED] - Text '200' is set on object 'Object Repository/Test UI Triangle/Page_/input_ B_bSide (1)'

2018-11-09 21:20:16 - [TEST_STEP][PASSED] - setText: Text '201' is set on object 'Object Repository/Test UI Triangle/Page_/input_ C_cSide (1)'

2018-11-09 21:20:16 - [MESSAGE][PASSED] - Text '201' is set on object 'Object Repository/Test UI Triangle/Page_/input_ C_cSide (1)'

2018-11-09 21:20:16 - [TEST_STEP][PASSED] - click: Object: 'Object Repository/Test UI Triangle/Page_/a_ (1)' is clicked on

2018-11-09 21:20:16 - [MESSAGE][PASSED] - Object: 'Object Repository/Test UI Triangle/Page_/a_ (1)' is clicked on

2018-11-09 21:20:16 - [TEST_STEP][PASSED] - click: Object: 'Object Repository/Test UI Triangle/Page_/div_Equilateral' is clicked on

2018-11-09 21:20:17 - [MESSAGE][PASSED] - Object: 'Object Repository/Test UI Triangle/Page_/div_Equilateral' is clicked on

2018-11-09 21:20:17 - [TEST_STEP][FAILED] - verifyElementText: Verify element text of test object 'Object Repository/Test UI Triangle/Page_/div_Equilateral' FAILED. (Root cause: Actual text 'Equilateral' and expected text 'Out of range' of test object 'Object Repository/Test UI Triangle/Page_/div_Equilateral' are NOT matched.)

2018-11-09 21:20:17 - [MESSAGE][FAILED] - Actual text 'Equilateral' and expected text 'Out of range' of test object 'Object Repository/Test UI Triangle/Page_/div_Equilateral' are NOT matched.
[[ATTACHMENT|/Users/tee/git/katalon-test-case/Reports/Tee/Equivalance Test Suite - bad Website/20181109_211913/1541773217112.png]]

2018-11-09 21:20:17 - [MESSAGE][FAILED] - Verify element text of test object 'Object Repository/Test UI Triangle/Page_/div_Equilateral' FAILED. (Root cause: Actual text 'Equilateral' and expected text 'Out of range' of test object 'Object Repository/Test UI Triangle/Page_/div_Equilateral' are NOT matched.)
[[ATTACHMENT|/Users/tee/git/katalon-test-case/Reports/Tee/Equivalance Test Suite - bad Website/20181109_211913/1541773217495.png]]]]></system-out>
         <system-err><![CDATA[2018-11-09 21:20:12 - [TEST_CASE][FAILED] - Test Cases/Tee/Web/Equivalence Class - Bad web/TC011_Out of range: Test Cases/Tee/Web/Equivalence Class - Bad web/TC011_Out of range FAILED because (of) (Stack trace: com.kms.katalon.core.exception.StepFailedException: Verify element text of test object 'Object Repository/Test UI Triangle/Page_/div_Equilateral' FAILED. (Root cause: Actual text 'Equilateral' and expected text 'Out of range' of test object 'Object Repository/Test UI Triangle/Page_/div_Equilateral' are NOT matched.)
	at com.kms.katalon.core.keyword.internal.KeywordMain.stepFailed(KeywordMain.groovy:36)
	at com.kms.katalon.core.webui.keyword.internal.WebUIKeywordMain.stepFailed(WebUIKeywordMain.groovy:65)
	at com.kms.katalon.core.webui.keyword.internal.WebUIKeywordMain.runKeyword(WebUIKeywordMain.groovy:27)
	at com.kms.katalon.core.webui.keyword.builtin.VerifyElementTextKeyword.verifyElementText(VerifyElementTextKeyword.groovy:72)
	at com.kms.katalon.core.webui.keyword.builtin.VerifyElementTextKeyword.execute(VerifyElementTextKeyword.groovy:40)
	at com.kms.katalon.core.keyword.internal.KeywordExecutor.executeKeywordForPlatform(KeywordExecutor.groovy:53)
	at com.kms.katalon.core.webui.keyword.WebUiBuiltInKeywords.verifyElementText(WebUiBuiltInKeywords.groovy:3663)
	at com.kms.katalon.core.webui.keyword.WebUiBuiltInKeywords$verifyElementText$3.call(Unknown Source)
	at org.codehaus.groovy.runtime.callsite.CallSiteArray.defaultCall(CallSiteArray.java:48)
	at org.codehaus.groovy.runtime.callsite.AbstractCallSite.call(AbstractCallSite.java:113)
	at org.codehaus.groovy.runtime.callsite.AbstractCallSite.call(AbstractCallSite.java:133)
	at Script1541771989080.run(Script1541771989080.groovy:30)
	at com.kms.katalon.core.main.ScriptEngine.run(ScriptEngine.java:183)
	at com.kms.katalon.core.main.ScriptEngine.runScriptAsRawText(ScriptEngine.java:108)
	at com.kms.katalon.core.main.TestCaseExecutor.runScript(TestCaseExecutor.java:294)
	at com.kms.katalon.core.main.TestCaseExecutor.doExecute(TestCaseExecutor.java:285)
	at com.kms.katalon.core.main.TestCaseExecutor.processExecutionPhase(TestCaseExecutor.java:264)
	at com.kms.katalon.core.main.TestCaseExecutor.accessMainPhase(TestCaseExecutor.java:256)
	at com.kms.katalon.core.main.TestCaseExecutor.execute(TestCaseExecutor.java:200)
	at com.kms.katalon.core.main.TestSuiteExecutor.accessTestCaseMainPhase(TestSuiteExecutor.java:129)
	at com.kms.katalon.core.main.TestSuiteExecutor.accessTestSuiteMainPhase(TestSuiteExecutor.java:112)
	at com.kms.katalon.core.main.TestSuiteExecutor.execute(TestSuiteExecutor.java:81)
	at com.kms.katalon.core.main.TestCaseMain.startTestSuite(TestCaseMain.java:142)
	at com.kms.katalon.core.main.TestCaseMain$startTestSuite$0.call(Unknown Source)
	at org.codehaus.groovy.runtime.callsite.CallSiteArray.defaultCall(CallSiteArray.java:48)
	at org.codehaus.groovy.runtime.callsite.AbstractCallSite.call(AbstractCallSite.java:113)
	at org.codehaus.groovy.runtime.callsite.AbstractCallSite.call(AbstractCallSite.java:141)
	at TempTestSuite1541773164048.run(TempTestSuite1541773164048.groovy:36)
	at groovy.lang.GroovyShell.runScriptOrMainOrTestOrRunnable(GroovyShell.java:263)
	at groovy.lang.GroovyShell.run(GroovyShell.java:518)
	at groovy.lang.GroovyShell.run(GroovyShell.java:507)
	at groovy.ui.GroovyMain.processOnce(GroovyMain.java:653)
	at groovy.ui.GroovyMain.run(GroovyMain.java:384)
	at groovy.ui.GroovyMain.process(GroovyMain.java:370)
	at groovy.ui.GroovyMain.processArgs(GroovyMain.java:129)
	at groovy.ui.GroovyMain.main(GroovyMain.java:109)
	at sun.reflect.NativeMethodAccessorImpl.invoke0(Native Method)
	at sun.reflect.NativeMethodAccessorImpl.invoke(NativeMethodAccessorImpl.java:62)
	at sun.reflect.DelegatingMethodAccessorImpl.invoke(DelegatingMethodAccessorImpl.java:43)
	at java.lang.reflect.Method.invoke(Method.java:498)
	at org.codehaus.groovy.tools.GroovyStarter.rootLoader(GroovyStarter.java:109)
	at org.codehaus.groovy.tools.GroovyStarter.main(GroovyStarter.java:131)
)]]></system-err>
      </testcase>
      <testcase name="Test Cases/Tee/Web/Equivalence Class - Bad web/TC001_Equilateral" classname="Test Cases/Tee/Web/Equivalence Class - Bad web/TC001_Equilateral" status="PASSED">
         <system-out><![CDATA[2018-11-09 21:20:17 - [TEST_CASE][PASSED] - Test Cases/Tee/Web/Equivalence Class - Bad web/TC001_Equilateral: Test Cases/Tee/Web/Equivalence Class - Bad web/TC001_Equilateral

2018-11-09 21:20:17 - [TEST_STEP][PASSED] - openBrowser: Browser is opened with url: ''

2018-11-09 21:20:17 - [MESSAGE][WARNING] - A browser is already opened. Closing browser and opening a new one

2018-11-09 21:20:19 - [MESSAGE][PASSED] - Browser is opened with url: ''

2018-11-09 21:20:19 - [TEST_STEP][PASSED] - navigateToUrl: Navigate to 'https://bad-web.testing.se.nattaponra.com/' successfully

2018-11-09 21:20:20 - [MESSAGE][PASSED] - Navigate to 'https://bad-web.testing.se.nattaponra.com/' successfully

2018-11-09 21:20:20 - [TEST_STEP][PASSED] - setText: Text '100' is set on object 'Object Repository/Test UI Triangle/Page_/input_ A_aSide (1)'

2018-11-09 21:20:21 - [MESSAGE][PASSED] - Text '100' is set on object 'Object Repository/Test UI Triangle/Page_/input_ A_aSide (1)'

2018-11-09 21:20:21 - [TEST_STEP][PASSED] - setText: Text '100' is set on object 'Object Repository/Test UI Triangle/Page_/input_ B_bSide (1)'

2018-11-09 21:20:21 - [MESSAGE][PASSED] - Text '100' is set on object 'Object Repository/Test UI Triangle/Page_/input_ B_bSide (1)'

2018-11-09 21:20:21 - [TEST_STEP][PASSED] - setText: Text '100' is set on object 'Object Repository/Test UI Triangle/Page_/input_ C_cSide (1)'

2018-11-09 21:20:21 - [MESSAGE][PASSED] - Text '100' is set on object 'Object Repository/Test UI Triangle/Page_/input_ C_cSide (1)'

2018-11-09 21:20:21 - [TEST_STEP][PASSED] - click: Object: 'Object Repository/Test UI Triangle/Page_/a_ (1)' is clicked on

2018-11-09 21:20:21 - [MESSAGE][PASSED] - Object: 'Object Repository/Test UI Triangle/Page_/a_ (1)' is clicked on

2018-11-09 21:20:21 - [TEST_STEP][PASSED] - click: Object: 'Object Repository/Test UI Triangle/Page_/div_Equilateral' is clicked on

2018-11-09 21:20:21 - [MESSAGE][PASSED] - Object: 'Object Repository/Test UI Triangle/Page_/div_Equilateral' is clicked on

2018-11-09 21:20:21 - [TEST_STEP][PASSED] - verifyElementText: Actual text and expected text of test object 'Object Repository/Test UI Triangle/Page_/div_Equilateral' are matched.

2018-11-09 21:20:22 - [MESSAGE][PASSED] - Actual text and expected text of test object 'Object Repository/Test UI Triangle/Page_/div_Equilateral' are matched.

2018-11-09 21:20:22 - [TEST_STEP][PASSED] - closeBrowser: Browser is closed

2018-11-09 21:20:22 - [MESSAGE][PASSED] - Browser is closed]]></system-out>
         <system-err><![CDATA[]]></system-err>
      </testcase>
      <testcase name="Test Cases/Tee/Web/Equivalence Class - Bad web/TC008_Out of range" classname="Test Cases/Tee/Web/Equivalence Class - Bad web/TC008_Out of range" status="FAILED">
         <failure type="FAILED" message="(Stack trace: com.kms.katalon.core.exception.StepFailedException: Verify element text of test object 'Object Repository/Test UI Triangle/Page_/div_Equilateral' FAILED. (Root cause: Actual text 'Equilateral' and expected text 'Out of range' of test object 'Object Repository/Test UI Triangle/Page_/div_Equilateral' are NOT matched.)
	at com.kms.katalon.core.keyword.internal.KeywordMain.stepFailed(KeywordMain.groovy:36)
	at com.kms.katalon.core.webui.keyword.internal.WebUIKeywordMain.stepFailed(WebUIKeywordMain.groovy:65)
	at com.kms.katalon.core.webui.keyword.internal.WebUIKeywordMain.runKeyword(WebUIKeywordMain.groovy:27)
	at com.kms.katalon.core.webui.keyword.builtin.VerifyElementTextKeyword.verifyElementText(VerifyElementTextKeyword.groovy:72)
	at com.kms.katalon.core.webui.keyword.builtin.VerifyElementTextKeyword.execute(VerifyElementTextKeyword.groovy:40)
	at com.kms.katalon.core.keyword.internal.KeywordExecutor.executeKeywordForPlatform(KeywordExecutor.groovy:53)
	at com.kms.katalon.core.webui.keyword.WebUiBuiltInKeywords.verifyElementText(WebUiBuiltInKeywords.groovy:3663)
	at com.kms.katalon.core.webui.keyword.WebUiBuiltInKeywords$verifyElementText$3.call(Unknown Source)
	at org.codehaus.groovy.runtime.callsite.CallSiteArray.defaultCall(CallSiteArray.java:48)
	at org.codehaus.groovy.runtime.callsite.AbstractCallSite.call(AbstractCallSite.java:113)
	at org.codehaus.groovy.runtime.callsite.AbstractCallSite.call(AbstractCallSite.java:133)
	at Script1541771989082.run(Script1541771989082.groovy:30)
	at com.kms.katalon.core.main.ScriptEngine.run(ScriptEngine.java:183)
	at com.kms.katalon.core.main.ScriptEngine.runScriptAsRawText(ScriptEngine.java:108)
	at com.kms.katalon.core.main.TestCaseExecutor.runScript(TestCaseExecutor.java:294)
	at com.kms.katalon.core.main.TestCaseExecutor.doExecute(TestCaseExecutor.java:285)
	at com.kms.katalon.core.main.TestCaseExecutor.processExecutionPhase(TestCaseExecutor.java:264)
	at com.kms.katalon.core.main.TestCaseExecutor.accessMainPhase(TestCaseExecutor.java:256)
	at com.kms.katalon.core.main.TestCaseExecutor.execute(TestCaseExecutor.java:200)
	at com.kms.katalon.core.main.TestSuiteExecutor.accessTestCaseMainPhase(TestSuiteExecutor.java:129)
	at com.kms.katalon.core.main.TestSuiteExecutor.accessTestSuiteMainPhase(TestSuiteExecutor.java:112)
	at com.kms.katalon.core.main.TestSuiteExecutor.execute(TestSuiteExecutor.java:81)
	at com.kms.katalon.core.main.TestCaseMain.startTestSuite(TestCaseMain.java:142)
	at com.kms.katalon.core.main.TestCaseMain$startTestSuite$0.call(Unknown Source)
	at org.codehaus.groovy.runtime.callsite.CallSiteArray.defaultCall(CallSiteArray.java:48)
	at org.codehaus.groovy.runtime.callsite.AbstractCallSite.call(AbstractCallSite.java:113)
	at org.codehaus.groovy.runtime.callsite.AbstractCallSite.call(AbstractCallSite.java:141)
	at TempTestSuite1541773164048.run(TempTestSuite1541773164048.groovy:36)
	at groovy.lang.GroovyShell.runScriptOrMainOrTestOrRunnable(GroovyShell.java:263)
	at groovy.lang.GroovyShell.run(GroovyShell.java:518)
	at groovy.lang.GroovyShell.run(GroovyShell.java:507)
	at groovy.ui.GroovyMain.processOnce(GroovyMain.java:653)
	at groovy.ui.GroovyMain.run(GroovyMain.java:384)
	at groovy.ui.GroovyMain.process(GroovyMain.java:370)
	at groovy.ui.GroovyMain.processArgs(GroovyMain.java:129)
	at groovy.ui.GroovyMain.main(GroovyMain.java:109)
	at sun.reflect.NativeMethodAccessorImpl.invoke0(Native Method)
	at sun.reflect.NativeMethodAccessorImpl.invoke(NativeMethodAccessorImpl.java:62)
	at sun.reflect.DelegatingMethodAccessorImpl.invoke(DelegatingMethodAccessorImpl.java:43)
	at java.lang.reflect.Method.invoke(Method.java:498)
	at org.codehaus.groovy.tools.GroovyStarter.rootLoader(GroovyStarter.java:109)
	at org.codehaus.groovy.tools.GroovyStarter.main(GroovyStarter.java:131)
)"/>
         <system-out><![CDATA[2018-11-09 21:20:22 - [TEST_CASE][FAILED] - Test Cases/Tee/Web/Equivalence Class - Bad web/TC008_Out of range: Test Cases/Tee/Web/Equivalence Class - Bad web/TC008_Out of range FAILED because (of) (Stack trace: com.kms.katalon.core.exception.StepFailedException: Verify element text of test object 'Object Repository/Test UI Triangle/Page_/div_Equilateral' FAILED. (Root cause: Actual text 'Equilateral' and expected text 'Out of range' of test object 'Object Repository/Test UI Triangle/Page_/div_Equilateral' are NOT matched.)
	at com.kms.katalon.core.keyword.internal.KeywordMain.stepFailed(KeywordMain.groovy:36)
	at com.kms.katalon.core.webui.keyword.internal.WebUIKeywordMain.stepFailed(WebUIKeywordMain.groovy:65)
	at com.kms.katalon.core.webui.keyword.internal.WebUIKeywordMain.runKeyword(WebUIKeywordMain.groovy:27)
	at com.kms.katalon.core.webui.keyword.builtin.VerifyElementTextKeyword.verifyElementText(VerifyElementTextKeyword.groovy:72)
	at com.kms.katalon.core.webui.keyword.builtin.VerifyElementTextKeyword.execute(VerifyElementTextKeyword.groovy:40)
	at com.kms.katalon.core.keyword.internal.KeywordExecutor.executeKeywordForPlatform(KeywordExecutor.groovy:53)
	at com.kms.katalon.core.webui.keyword.WebUiBuiltInKeywords.verifyElementText(WebUiBuiltInKeywords.groovy:3663)
	at com.kms.katalon.core.webui.keyword.WebUiBuiltInKeywords$verifyElementText$3.call(Unknown Source)
	at org.codehaus.groovy.runtime.callsite.CallSiteArray.defaultCall(CallSiteArray.java:48)
	at org.codehaus.groovy.runtime.callsite.AbstractCallSite.call(AbstractCallSite.java:113)
	at org.codehaus.groovy.runtime.callsite.AbstractCallSite.call(AbstractCallSite.java:133)
	at Script1541771989082.run(Script1541771989082.groovy:30)
	at com.kms.katalon.core.main.ScriptEngine.run(ScriptEngine.java:183)
	at com.kms.katalon.core.main.ScriptEngine.runScriptAsRawText(ScriptEngine.java:108)
	at com.kms.katalon.core.main.TestCaseExecutor.runScript(TestCaseExecutor.java:294)
	at com.kms.katalon.core.main.TestCaseExecutor.doExecute(TestCaseExecutor.java:285)
	at com.kms.katalon.core.main.TestCaseExecutor.processExecutionPhase(TestCaseExecutor.java:264)
	at com.kms.katalon.core.main.TestCaseExecutor.accessMainPhase(TestCaseExecutor.java:256)
	at com.kms.katalon.core.main.TestCaseExecutor.execute(TestCaseExecutor.java:200)
	at com.kms.katalon.core.main.TestSuiteExecutor.accessTestCaseMainPhase(TestSuiteExecutor.java:129)
	at com.kms.katalon.core.main.TestSuiteExecutor.accessTestSuiteMainPhase(TestSuiteExecutor.java:112)
	at com.kms.katalon.core.main.TestSuiteExecutor.execute(TestSuiteExecutor.java:81)
	at com.kms.katalon.core.main.TestCaseMain.startTestSuite(TestCaseMain.java:142)
	at com.kms.katalon.core.main.TestCaseMain$startTestSuite$0.call(Unknown Source)
	at org.codehaus.groovy.runtime.callsite.CallSiteArray.defaultCall(CallSiteArray.java:48)
	at org.codehaus.groovy.runtime.callsite.AbstractCallSite.call(AbstractCallSite.java:113)
	at org.codehaus.groovy.runtime.callsite.AbstractCallSite.call(AbstractCallSite.java:141)
	at TempTestSuite1541773164048.run(TempTestSuite1541773164048.groovy:36)
	at groovy.lang.GroovyShell.runScriptOrMainOrTestOrRunnable(GroovyShell.java:263)
	at groovy.lang.GroovyShell.run(GroovyShell.java:518)
	at groovy.lang.GroovyShell.run(GroovyShell.java:507)
	at groovy.ui.GroovyMain.processOnce(GroovyMain.java:653)
	at groovy.ui.GroovyMain.run(GroovyMain.java:384)
	at groovy.ui.GroovyMain.process(GroovyMain.java:370)
	at groovy.ui.GroovyMain.processArgs(GroovyMain.java:129)
	at groovy.ui.GroovyMain.main(GroovyMain.java:109)
	at sun.reflect.NativeMethodAccessorImpl.invoke0(Native Method)
	at sun.reflect.NativeMethodAccessorImpl.invoke(NativeMethodAccessorImpl.java:62)
	at sun.reflect.DelegatingMethodAccessorImpl.invoke(DelegatingMethodAccessorImpl.java:43)
	at java.lang.reflect.Method.invoke(Method.java:498)
	at org.codehaus.groovy.tools.GroovyStarter.rootLoader(GroovyStarter.java:109)
	at org.codehaus.groovy.tools.GroovyStarter.main(GroovyStarter.java:131)
)

2018-11-09 21:20:22 - [TEST_STEP][PASSED] - openBrowser: Browser is opened with url: ''

2018-11-09 21:20:23 - [MESSAGE][PASSED] - Browser is opened with url: ''

2018-11-09 21:20:23 - [TEST_STEP][PASSED] - navigateToUrl: Navigate to 'https://bad-web.testing.se.nattaponra.com/' successfully

2018-11-09 21:20:25 - [MESSAGE][PASSED] - Navigate to 'https://bad-web.testing.se.nattaponra.com/' successfully

2018-11-09 21:20:25 - [TEST_STEP][PASSED] - setText: Text '200' is set on object 'Object Repository/Test UI Triangle/Page_/input_ A_aSide (1)'

2018-11-09 21:20:25 - [MESSAGE][PASSED] - Text '200' is set on object 'Object Repository/Test UI Triangle/Page_/input_ A_aSide (1)'

2018-11-09 21:20:25 - [TEST_STEP][PASSED] - setText: Text '200' is set on object 'Object Repository/Test UI Triangle/Page_/input_ B_bSide (1)'

2018-11-09 21:20:25 - [MESSAGE][PASSED] - Text '200' is set on object 'Object Repository/Test UI Triangle/Page_/input_ B_bSide (1)'

2018-11-09 21:20:25 - [TEST_STEP][PASSED] - setText: Text '0.3' is set on object 'Object Repository/Test UI Triangle/Page_/input_ C_cSide (1)'

2018-11-09 21:20:25 - [MESSAGE][PASSED] - Text '0.3' is set on object 'Object Repository/Test UI Triangle/Page_/input_ C_cSide (1)'

2018-11-09 21:20:25 - [TEST_STEP][PASSED] - click: Object: 'Object Repository/Test UI Triangle/Page_/a_ (1)' is clicked on

2018-11-09 21:20:25 - [MESSAGE][PASSED] - Object: 'Object Repository/Test UI Triangle/Page_/a_ (1)' is clicked on

2018-11-09 21:20:25 - [TEST_STEP][PASSED] - click: Object: 'Object Repository/Test UI Triangle/Page_/div_Equilateral' is clicked on

2018-11-09 21:20:26 - [MESSAGE][PASSED] - Object: 'Object Repository/Test UI Triangle/Page_/div_Equilateral' is clicked on

2018-11-09 21:20:26 - [TEST_STEP][FAILED] - verifyElementText: Verify element text of test object 'Object Repository/Test UI Triangle/Page_/div_Equilateral' FAILED. (Root cause: Actual text 'Equilateral' and expected text 'Out of range' of test object 'Object Repository/Test UI Triangle/Page_/div_Equilateral' are NOT matched.)

2018-11-09 21:20:26 - [MESSAGE][FAILED] - Actual text 'Equilateral' and expected text 'Out of range' of test object 'Object Repository/Test UI Triangle/Page_/div_Equilateral' are NOT matched.
[[ATTACHMENT|/Users/tee/git/katalon-test-case/Reports/Tee/Equivalance Test Suite - bad Website/20181109_211913/1541773226288.png]]

2018-11-09 21:20:26 - [MESSAGE][FAILED] - Verify element text of test object 'Object Repository/Test UI Triangle/Page_/div_Equilateral' FAILED. (Root cause: Actual text 'Equilateral' and expected text 'Out of range' of test object 'Object Repository/Test UI Triangle/Page_/div_Equilateral' are NOT matched.)
[[ATTACHMENT|/Users/tee/git/katalon-test-case/Reports/Tee/Equivalance Test Suite - bad Website/20181109_211913/1541773226665.png]]]]></system-out>
         <system-err><![CDATA[2018-11-09 21:20:22 - [TEST_CASE][FAILED] - Test Cases/Tee/Web/Equivalence Class - Bad web/TC008_Out of range: Test Cases/Tee/Web/Equivalence Class - Bad web/TC008_Out of range FAILED because (of) (Stack trace: com.kms.katalon.core.exception.StepFailedException: Verify element text of test object 'Object Repository/Test UI Triangle/Page_/div_Equilateral' FAILED. (Root cause: Actual text 'Equilateral' and expected text 'Out of range' of test object 'Object Repository/Test UI Triangle/Page_/div_Equilateral' are NOT matched.)
	at com.kms.katalon.core.keyword.internal.KeywordMain.stepFailed(KeywordMain.groovy:36)
	at com.kms.katalon.core.webui.keyword.internal.WebUIKeywordMain.stepFailed(WebUIKeywordMain.groovy:65)
	at com.kms.katalon.core.webui.keyword.internal.WebUIKeywordMain.runKeyword(WebUIKeywordMain.groovy:27)
	at com.kms.katalon.core.webui.keyword.builtin.VerifyElementTextKeyword.verifyElementText(VerifyElementTextKeyword.groovy:72)
	at com.kms.katalon.core.webui.keyword.builtin.VerifyElementTextKeyword.execute(VerifyElementTextKeyword.groovy:40)
	at com.kms.katalon.core.keyword.internal.KeywordExecutor.executeKeywordForPlatform(KeywordExecutor.groovy:53)
	at com.kms.katalon.core.webui.keyword.WebUiBuiltInKeywords.verifyElementText(WebUiBuiltInKeywords.groovy:3663)
	at com.kms.katalon.core.webui.keyword.WebUiBuiltInKeywords$verifyElementText$3.call(Unknown Source)
	at org.codehaus.groovy.runtime.callsite.CallSiteArray.defaultCall(CallSiteArray.java:48)
	at org.codehaus.groovy.runtime.callsite.AbstractCallSite.call(AbstractCallSite.java:113)
	at org.codehaus.groovy.runtime.callsite.AbstractCallSite.call(AbstractCallSite.java:133)
	at Script1541771989082.run(Script1541771989082.groovy:30)
	at com.kms.katalon.core.main.ScriptEngine.run(ScriptEngine.java:183)
	at com.kms.katalon.core.main.ScriptEngine.runScriptAsRawText(ScriptEngine.java:108)
	at com.kms.katalon.core.main.TestCaseExecutor.runScript(TestCaseExecutor.java:294)
	at com.kms.katalon.core.main.TestCaseExecutor.doExecute(TestCaseExecutor.java:285)
	at com.kms.katalon.core.main.TestCaseExecutor.processExecutionPhase(TestCaseExecutor.java:264)
	at com.kms.katalon.core.main.TestCaseExecutor.accessMainPhase(TestCaseExecutor.java:256)
	at com.kms.katalon.core.main.TestCaseExecutor.execute(TestCaseExecutor.java:200)
	at com.kms.katalon.core.main.TestSuiteExecutor.accessTestCaseMainPhase(TestSuiteExecutor.java:129)
	at com.kms.katalon.core.main.TestSuiteExecutor.accessTestSuiteMainPhase(TestSuiteExecutor.java:112)
	at com.kms.katalon.core.main.TestSuiteExecutor.execute(TestSuiteExecutor.java:81)
	at com.kms.katalon.core.main.TestCaseMain.startTestSuite(TestCaseMain.java:142)
	at com.kms.katalon.core.main.TestCaseMain$startTestSuite$0.call(Unknown Source)
	at org.codehaus.groovy.runtime.callsite.CallSiteArray.defaultCall(CallSiteArray.java:48)
	at org.codehaus.groovy.runtime.callsite.AbstractCallSite.call(AbstractCallSite.java:113)
	at org.codehaus.groovy.runtime.callsite.AbstractCallSite.call(AbstractCallSite.java:141)
	at TempTestSuite1541773164048.run(TempTestSuite1541773164048.groovy:36)
	at groovy.lang.GroovyShell.runScriptOrMainOrTestOrRunnable(GroovyShell.java:263)
	at groovy.lang.GroovyShell.run(GroovyShell.java:518)
	at groovy.lang.GroovyShell.run(GroovyShell.java:507)
	at groovy.ui.GroovyMain.processOnce(GroovyMain.java:653)
	at groovy.ui.GroovyMain.run(GroovyMain.java:384)
	at groovy.ui.GroovyMain.process(GroovyMain.java:370)
	at groovy.ui.GroovyMain.processArgs(GroovyMain.java:129)
	at groovy.ui.GroovyMain.main(GroovyMain.java:109)
	at sun.reflect.NativeMethodAccessorImpl.invoke0(Native Method)
	at sun.reflect.NativeMethodAccessorImpl.invoke(NativeMethodAccessorImpl.java:62)
	at sun.reflect.DelegatingMethodAccessorImpl.invoke(DelegatingMethodAccessorImpl.java:43)
	at java.lang.reflect.Method.invoke(Method.java:498)
	at org.codehaus.groovy.tools.GroovyStarter.rootLoader(GroovyStarter.java:109)
	at org.codehaus.groovy.tools.GroovyStarter.main(GroovyStarter.java:131)
)]]></system-err>
      </testcase>
      <testcase name="Test Cases/Tee/Web/Equivalence Class - Bad web/TC009_Out of range " classname="Test Cases/Tee/Web/Equivalence Class - Bad web/TC009_Out of range " status="FAILED">
         <failure type="FAILED" message="(Stack trace: com.kms.katalon.core.exception.StepFailedException: Verify element text of test object 'Object Repository/Test UI Triangle/Page_/div_Equilateral' FAILED. (Root cause: Actual text 'Isosceles' and expected text 'Out of range' of test object 'Object Repository/Test UI Triangle/Page_/div_Equilateral' are NOT matched.)
	at com.kms.katalon.core.keyword.internal.KeywordMain.stepFailed(KeywordMain.groovy:36)
	at com.kms.katalon.core.webui.keyword.internal.WebUIKeywordMain.stepFailed(WebUIKeywordMain.groovy:65)
	at com.kms.katalon.core.webui.keyword.internal.WebUIKeywordMain.runKeyword(WebUIKeywordMain.groovy:27)
	at com.kms.katalon.core.webui.keyword.builtin.VerifyElementTextKeyword.verifyElementText(VerifyElementTextKeyword.groovy:72)
	at com.kms.katalon.core.webui.keyword.builtin.VerifyElementTextKeyword.execute(VerifyElementTextKeyword.groovy:40)
	at com.kms.katalon.core.keyword.internal.KeywordExecutor.executeKeywordForPlatform(KeywordExecutor.groovy:53)
	at com.kms.katalon.core.webui.keyword.WebUiBuiltInKeywords.verifyElementText(WebUiBuiltInKeywords.groovy:3663)
	at com.kms.katalon.core.webui.keyword.WebUiBuiltInKeywords$verifyElementText$3.call(Unknown Source)
	at org.codehaus.groovy.runtime.callsite.CallSiteArray.defaultCall(CallSiteArray.java:48)
	at org.codehaus.groovy.runtime.callsite.AbstractCallSite.call(AbstractCallSite.java:113)
	at org.codehaus.groovy.runtime.callsite.AbstractCallSite.call(AbstractCallSite.java:133)
	at Script1541771989083.run(Script1541771989083.groovy:30)
	at com.kms.katalon.core.main.ScriptEngine.run(ScriptEngine.java:183)
	at com.kms.katalon.core.main.ScriptEngine.runScriptAsRawText(ScriptEngine.java:108)
	at com.kms.katalon.core.main.TestCaseExecutor.runScript(TestCaseExecutor.java:294)
	at com.kms.katalon.core.main.TestCaseExecutor.doExecute(TestCaseExecutor.java:285)
	at com.kms.katalon.core.main.TestCaseExecutor.processExecutionPhase(TestCaseExecutor.java:264)
	at com.kms.katalon.core.main.TestCaseExecutor.accessMainPhase(TestCaseExecutor.java:256)
	at com.kms.katalon.core.main.TestCaseExecutor.execute(TestCaseExecutor.java:200)
	at com.kms.katalon.core.main.TestSuiteExecutor.accessTestCaseMainPhase(TestSuiteExecutor.java:129)
	at com.kms.katalon.core.main.TestSuiteExecutor.accessTestSuiteMainPhase(TestSuiteExecutor.java:112)
	at com.kms.katalon.core.main.TestSuiteExecutor.execute(TestSuiteExecutor.java:81)
	at com.kms.katalon.core.main.TestCaseMain.startTestSuite(TestCaseMain.java:142)
	at com.kms.katalon.core.main.TestCaseMain$startTestSuite$0.call(Unknown Source)
	at org.codehaus.groovy.runtime.callsite.CallSiteArray.defaultCall(CallSiteArray.java:48)
	at org.codehaus.groovy.runtime.callsite.AbstractCallSite.call(AbstractCallSite.java:113)
	at org.codehaus.groovy.runtime.callsite.AbstractCallSite.call(AbstractCallSite.java:141)
	at TempTestSuite1541773164048.run(TempTestSuite1541773164048.groovy:36)
	at groovy.lang.GroovyShell.runScriptOrMainOrTestOrRunnable(GroovyShell.java:263)
	at groovy.lang.GroovyShell.run(GroovyShell.java:518)
	at groovy.lang.GroovyShell.run(GroovyShell.java:507)
	at groovy.ui.GroovyMain.processOnce(GroovyMain.java:653)
	at groovy.ui.GroovyMain.run(GroovyMain.java:384)
	at groovy.ui.GroovyMain.process(GroovyMain.java:370)
	at groovy.ui.GroovyMain.processArgs(GroovyMain.java:129)
	at groovy.ui.GroovyMain.main(GroovyMain.java:109)
	at sun.reflect.NativeMethodAccessorImpl.invoke0(Native Method)
	at sun.reflect.NativeMethodAccessorImpl.invoke(NativeMethodAccessorImpl.java:62)
	at sun.reflect.DelegatingMethodAccessorImpl.invoke(DelegatingMethodAccessorImpl.java:43)
	at java.lang.reflect.Method.invoke(Method.java:498)
	at org.codehaus.groovy.tools.GroovyStarter.rootLoader(GroovyStarter.java:109)
	at org.codehaus.groovy.tools.GroovyStarter.main(GroovyStarter.java:131)
)"/>
         <system-out><![CDATA[2018-11-09 21:20:27 - [TEST_CASE][FAILED] - Test Cases/Tee/Web/Equivalence Class - Bad web/TC009_Out of range : Test Cases/Tee/Web/Equivalence Class - Bad web/TC009_Out of range  FAILED because (of) (Stack trace: com.kms.katalon.core.exception.StepFailedException: Verify element text of test object 'Object Repository/Test UI Triangle/Page_/div_Equilateral' FAILED. (Root cause: Actual text 'Isosceles' and expected text 'Out of range' of test object 'Object Repository/Test UI Triangle/Page_/div_Equilateral' are NOT matched.)
	at com.kms.katalon.core.keyword.internal.KeywordMain.stepFailed(KeywordMain.groovy:36)
	at com.kms.katalon.core.webui.keyword.internal.WebUIKeywordMain.stepFailed(WebUIKeywordMain.groovy:65)
	at com.kms.katalon.core.webui.keyword.internal.WebUIKeywordMain.runKeyword(WebUIKeywordMain.groovy:27)
	at com.kms.katalon.core.webui.keyword.builtin.VerifyElementTextKeyword.verifyElementText(VerifyElementTextKeyword.groovy:72)
	at com.kms.katalon.core.webui.keyword.builtin.VerifyElementTextKeyword.execute(VerifyElementTextKeyword.groovy:40)
	at com.kms.katalon.core.keyword.internal.KeywordExecutor.executeKeywordForPlatform(KeywordExecutor.groovy:53)
	at com.kms.katalon.core.webui.keyword.WebUiBuiltInKeywords.verifyElementText(WebUiBuiltInKeywords.groovy:3663)
	at com.kms.katalon.core.webui.keyword.WebUiBuiltInKeywords$verifyElementText$3.call(Unknown Source)
	at org.codehaus.groovy.runtime.callsite.CallSiteArray.defaultCall(CallSiteArray.java:48)
	at org.codehaus.groovy.runtime.callsite.AbstractCallSite.call(AbstractCallSite.java:113)
	at org.codehaus.groovy.runtime.callsite.AbstractCallSite.call(AbstractCallSite.java:133)
	at Script1541771989083.run(Script1541771989083.groovy:30)
	at com.kms.katalon.core.main.ScriptEngine.run(ScriptEngine.java:183)
	at com.kms.katalon.core.main.ScriptEngine.runScriptAsRawText(ScriptEngine.java:108)
	at com.kms.katalon.core.main.TestCaseExecutor.runScript(TestCaseExecutor.java:294)
	at com.kms.katalon.core.main.TestCaseExecutor.doExecute(TestCaseExecutor.java:285)
	at com.kms.katalon.core.main.TestCaseExecutor.processExecutionPhase(TestCaseExecutor.java:264)
	at com.kms.katalon.core.main.TestCaseExecutor.accessMainPhase(TestCaseExecutor.java:256)
	at com.kms.katalon.core.main.TestCaseExecutor.execute(TestCaseExecutor.java:200)
	at com.kms.katalon.core.main.TestSuiteExecutor.accessTestCaseMainPhase(TestSuiteExecutor.java:129)
	at com.kms.katalon.core.main.TestSuiteExecutor.accessTestSuiteMainPhase(TestSuiteExecutor.java:112)
	at com.kms.katalon.core.main.TestSuiteExecutor.execute(TestSuiteExecutor.java:81)
	at com.kms.katalon.core.main.TestCaseMain.startTestSuite(TestCaseMain.java:142)
	at com.kms.katalon.core.main.TestCaseMain$startTestSuite$0.call(Unknown Source)
	at org.codehaus.groovy.runtime.callsite.CallSiteArray.defaultCall(CallSiteArray.java:48)
	at org.codehaus.groovy.runtime.callsite.AbstractCallSite.call(AbstractCallSite.java:113)
	at org.codehaus.groovy.runtime.callsite.AbstractCallSite.call(AbstractCallSite.java:141)
	at TempTestSuite1541773164048.run(TempTestSuite1541773164048.groovy:36)
	at groovy.lang.GroovyShell.runScriptOrMainOrTestOrRunnable(GroovyShell.java:263)
	at groovy.lang.GroovyShell.run(GroovyShell.java:518)
	at groovy.lang.GroovyShell.run(GroovyShell.java:507)
	at groovy.ui.GroovyMain.processOnce(GroovyMain.java:653)
	at groovy.ui.GroovyMain.run(GroovyMain.java:384)
	at groovy.ui.GroovyMain.process(GroovyMain.java:370)
	at groovy.ui.GroovyMain.processArgs(GroovyMain.java:129)
	at groovy.ui.GroovyMain.main(GroovyMain.java:109)
	at sun.reflect.NativeMethodAccessorImpl.invoke0(Native Method)
	at sun.reflect.NativeMethodAccessorImpl.invoke(NativeMethodAccessorImpl.java:62)
	at sun.reflect.DelegatingMethodAccessorImpl.invoke(DelegatingMethodAccessorImpl.java:43)
	at java.lang.reflect.Method.invoke(Method.java:498)
	at org.codehaus.groovy.tools.GroovyStarter.rootLoader(GroovyStarter.java:109)
	at org.codehaus.groovy.tools.GroovyStarter.main(GroovyStarter.java:131)
)

2018-11-09 21:20:27 - [TEST_STEP][PASSED] - openBrowser: Browser is opened with url: ''

2018-11-09 21:20:27 - [MESSAGE][WARNING] - A browser is already opened. Closing browser and opening a new one

2018-11-09 21:20:28 - [MESSAGE][PASSED] - Browser is opened with url: ''

2018-11-09 21:20:28 - [TEST_STEP][PASSED] - navigateToUrl: Navigate to 'https://bad-web.testing.se.nattaponra.com/' successfully

2018-11-09 21:20:30 - [MESSAGE][PASSED] - Navigate to 'https://bad-web.testing.se.nattaponra.com/' successfully

2018-11-09 21:20:30 - [TEST_STEP][PASSED] - setText: Text '200' is set on object 'Object Repository/Test UI Triangle/Page_/input_ A_aSide (1)'

2018-11-09 21:20:30 - [MESSAGE][PASSED] - Text '200' is set on object 'Object Repository/Test UI Triangle/Page_/input_ A_aSide (1)'

2018-11-09 21:20:30 - [TEST_STEP][PASSED] - setText: Text '0.3' is set on object 'Object Repository/Test UI Triangle/Page_/input_ B_bSide (1)'

2018-11-09 21:20:30 - [MESSAGE][PASSED] - Text '0.3' is set on object 'Object Repository/Test UI Triangle/Page_/input_ B_bSide (1)'

2018-11-09 21:20:30 - [TEST_STEP][PASSED] - setText: Text '200' is set on object 'Object Repository/Test UI Triangle/Page_/input_ C_cSide (1)'

2018-11-09 21:20:30 - [MESSAGE][PASSED] - Text '200' is set on object 'Object Repository/Test UI Triangle/Page_/input_ C_cSide (1)'

2018-11-09 21:20:30 - [TEST_STEP][PASSED] - click: Object: 'Object Repository/Test UI Triangle/Page_/a_ (1)' is clicked on

2018-11-09 21:20:30 - [MESSAGE][PASSED] - Object: 'Object Repository/Test UI Triangle/Page_/a_ (1)' is clicked on

2018-11-09 21:20:30 - [TEST_STEP][PASSED] - click: Object: 'Object Repository/Test UI Triangle/Page_/div_Equilateral' is clicked on

2018-11-09 21:20:31 - [MESSAGE][PASSED] - Object: 'Object Repository/Test UI Triangle/Page_/div_Equilateral' is clicked on

2018-11-09 21:20:31 - [TEST_STEP][FAILED] - verifyElementText: Verify element text of test object 'Object Repository/Test UI Triangle/Page_/div_Equilateral' FAILED. (Root cause: Actual text 'Isosceles' and expected text 'Out of range' of test object 'Object Repository/Test UI Triangle/Page_/div_Equilateral' are NOT matched.)

2018-11-09 21:20:31 - [MESSAGE][FAILED] - Actual text 'Isosceles' and expected text 'Out of range' of test object 'Object Repository/Test UI Triangle/Page_/div_Equilateral' are NOT matched.
[[ATTACHMENT|/Users/tee/git/katalon-test-case/Reports/Tee/Equivalance Test Suite - bad Website/20181109_211913/1541773231504.png]]

2018-11-09 21:20:32 - [MESSAGE][FAILED] - Verify element text of test object 'Object Repository/Test UI Triangle/Page_/div_Equilateral' FAILED. (Root cause: Actual text 'Isosceles' and expected text 'Out of range' of test object 'Object Repository/Test UI Triangle/Page_/div_Equilateral' are NOT matched.)
[[ATTACHMENT|/Users/tee/git/katalon-test-case/Reports/Tee/Equivalance Test Suite - bad Website/20181109_211913/1541773231881.png]]]]></system-out>
         <system-err><![CDATA[2018-11-09 21:20:27 - [TEST_CASE][FAILED] - Test Cases/Tee/Web/Equivalence Class - Bad web/TC009_Out of range : Test Cases/Tee/Web/Equivalence Class - Bad web/TC009_Out of range  FAILED because (of) (Stack trace: com.kms.katalon.core.exception.StepFailedException: Verify element text of test object 'Object Repository/Test UI Triangle/Page_/div_Equilateral' FAILED. (Root cause: Actual text 'Isosceles' and expected text 'Out of range' of test object 'Object Repository/Test UI Triangle/Page_/div_Equilateral' are NOT matched.)
	at com.kms.katalon.core.keyword.internal.KeywordMain.stepFailed(KeywordMain.groovy:36)
	at com.kms.katalon.core.webui.keyword.internal.WebUIKeywordMain.stepFailed(WebUIKeywordMain.groovy:65)
	at com.kms.katalon.core.webui.keyword.internal.WebUIKeywordMain.runKeyword(WebUIKeywordMain.groovy:27)
	at com.kms.katalon.core.webui.keyword.builtin.VerifyElementTextKeyword.verifyElementText(VerifyElementTextKeyword.groovy:72)
	at com.kms.katalon.core.webui.keyword.builtin.VerifyElementTextKeyword.execute(VerifyElementTextKeyword.groovy:40)
	at com.kms.katalon.core.keyword.internal.KeywordExecutor.executeKeywordForPlatform(KeywordExecutor.groovy:53)
	at com.kms.katalon.core.webui.keyword.WebUiBuiltInKeywords.verifyElementText(WebUiBuiltInKeywords.groovy:3663)
	at com.kms.katalon.core.webui.keyword.WebUiBuiltInKeywords$verifyElementText$3.call(Unknown Source)
	at org.codehaus.groovy.runtime.callsite.CallSiteArray.defaultCall(CallSiteArray.java:48)
	at org.codehaus.groovy.runtime.callsite.AbstractCallSite.call(AbstractCallSite.java:113)
	at org.codehaus.groovy.runtime.callsite.AbstractCallSite.call(AbstractCallSite.java:133)
	at Script1541771989083.run(Script1541771989083.groovy:30)
	at com.kms.katalon.core.main.ScriptEngine.run(ScriptEngine.java:183)
	at com.kms.katalon.core.main.ScriptEngine.runScriptAsRawText(ScriptEngine.java:108)
	at com.kms.katalon.core.main.TestCaseExecutor.runScript(TestCaseExecutor.java:294)
	at com.kms.katalon.core.main.TestCaseExecutor.doExecute(TestCaseExecutor.java:285)
	at com.kms.katalon.core.main.TestCaseExecutor.processExecutionPhase(TestCaseExecutor.java:264)
	at com.kms.katalon.core.main.TestCaseExecutor.accessMainPhase(TestCaseExecutor.java:256)
	at com.kms.katalon.core.main.TestCaseExecutor.execute(TestCaseExecutor.java:200)
	at com.kms.katalon.core.main.TestSuiteExecutor.accessTestCaseMainPhase(TestSuiteExecutor.java:129)
	at com.kms.katalon.core.main.TestSuiteExecutor.accessTestSuiteMainPhase(TestSuiteExecutor.java:112)
	at com.kms.katalon.core.main.TestSuiteExecutor.execute(TestSuiteExecutor.java:81)
	at com.kms.katalon.core.main.TestCaseMain.startTestSuite(TestCaseMain.java:142)
	at com.kms.katalon.core.main.TestCaseMain$startTestSuite$0.call(Unknown Source)
	at org.codehaus.groovy.runtime.callsite.CallSiteArray.defaultCall(CallSiteArray.java:48)
	at org.codehaus.groovy.runtime.callsite.AbstractCallSite.call(AbstractCallSite.java:113)
	at org.codehaus.groovy.runtime.callsite.AbstractCallSite.call(AbstractCallSite.java:141)
	at TempTestSuite1541773164048.run(TempTestSuite1541773164048.groovy:36)
	at groovy.lang.GroovyShell.runScriptOrMainOrTestOrRunnable(GroovyShell.java:263)
	at groovy.lang.GroovyShell.run(GroovyShell.java:518)
	at groovy.lang.GroovyShell.run(GroovyShell.java:507)
	at groovy.ui.GroovyMain.processOnce(GroovyMain.java:653)
	at groovy.ui.GroovyMain.run(GroovyMain.java:384)
	at groovy.ui.GroovyMain.process(GroovyMain.java:370)
	at groovy.ui.GroovyMain.processArgs(GroovyMain.java:129)
	at groovy.ui.GroovyMain.main(GroovyMain.java:109)
	at sun.reflect.NativeMethodAccessorImpl.invoke0(Native Method)
	at sun.reflect.NativeMethodAccessorImpl.invoke(NativeMethodAccessorImpl.java:62)
	at sun.reflect.DelegatingMethodAccessorImpl.invoke(DelegatingMethodAccessorImpl.java:43)
	at java.lang.reflect.Method.invoke(Method.java:498)
	at org.codehaus.groovy.tools.GroovyStarter.rootLoader(GroovyStarter.java:109)
	at org.codehaus.groovy.tools.GroovyStarter.main(GroovyStarter.java:131)
)]]></system-err>
      </testcase>
      <testcase name="Test Cases/Tee/Web/Equivalence Class - Bad web/TC010_Out of range" classname="Test Cases/Tee/Web/Equivalence Class - Bad web/TC010_Out of range" status="FAILED">
         <failure type="FAILED" message="(Stack trace: com.kms.katalon.core.exception.StepFailedException: Verify element text of test object 'Object Repository/Test UI Triangle/Page_/div_Equilateral' FAILED. (Root cause: Actual text 'Equilateral' and expected text 'Out of range' of test object 'Object Repository/Test UI Triangle/Page_/div_Equilateral' are NOT matched.)
	at com.kms.katalon.core.keyword.internal.KeywordMain.stepFailed(KeywordMain.groovy:36)
	at com.kms.katalon.core.webui.keyword.internal.WebUIKeywordMain.stepFailed(WebUIKeywordMain.groovy:65)
	at com.kms.katalon.core.webui.keyword.internal.WebUIKeywordMain.runKeyword(WebUIKeywordMain.groovy:27)
	at com.kms.katalon.core.webui.keyword.builtin.VerifyElementTextKeyword.verifyElementText(VerifyElementTextKeyword.groovy:72)
	at com.kms.katalon.core.webui.keyword.builtin.VerifyElementTextKeyword.execute(VerifyElementTextKeyword.groovy:40)
	at com.kms.katalon.core.keyword.internal.KeywordExecutor.executeKeywordForPlatform(KeywordExecutor.groovy:53)
	at com.kms.katalon.core.webui.keyword.WebUiBuiltInKeywords.verifyElementText(WebUiBuiltInKeywords.groovy:3663)
	at com.kms.katalon.core.webui.keyword.WebUiBuiltInKeywords$verifyElementText$3.call(Unknown Source)
	at org.codehaus.groovy.runtime.callsite.CallSiteArray.defaultCall(CallSiteArray.java:48)
	at org.codehaus.groovy.runtime.callsite.AbstractCallSite.call(AbstractCallSite.java:113)
	at org.codehaus.groovy.runtime.callsite.AbstractCallSite.call(AbstractCallSite.java:133)
	at Script1541771989085.run(Script1541771989085.groovy:30)
	at com.kms.katalon.core.main.ScriptEngine.run(ScriptEngine.java:183)
	at com.kms.katalon.core.main.ScriptEngine.runScriptAsRawText(ScriptEngine.java:108)
	at com.kms.katalon.core.main.TestCaseExecutor.runScript(TestCaseExecutor.java:294)
	at com.kms.katalon.core.main.TestCaseExecutor.doExecute(TestCaseExecutor.java:285)
	at com.kms.katalon.core.main.TestCaseExecutor.processExecutionPhase(TestCaseExecutor.java:264)
	at com.kms.katalon.core.main.TestCaseExecutor.accessMainPhase(TestCaseExecutor.java:256)
	at com.kms.katalon.core.main.TestCaseExecutor.execute(TestCaseExecutor.java:200)
	at com.kms.katalon.core.main.TestSuiteExecutor.accessTestCaseMainPhase(TestSuiteExecutor.java:129)
	at com.kms.katalon.core.main.TestSuiteExecutor.accessTestSuiteMainPhase(TestSuiteExecutor.java:112)
	at com.kms.katalon.core.main.TestSuiteExecutor.execute(TestSuiteExecutor.java:81)
	at com.kms.katalon.core.main.TestCaseMain.startTestSuite(TestCaseMain.java:142)
	at com.kms.katalon.core.main.TestCaseMain$startTestSuite$0.call(Unknown Source)
	at org.codehaus.groovy.runtime.callsite.CallSiteArray.defaultCall(CallSiteArray.java:48)
	at org.codehaus.groovy.runtime.callsite.AbstractCallSite.call(AbstractCallSite.java:113)
	at org.codehaus.groovy.runtime.callsite.AbstractCallSite.call(AbstractCallSite.java:141)
	at TempTestSuite1541773164048.run(TempTestSuite1541773164048.groovy:36)
	at groovy.lang.GroovyShell.runScriptOrMainOrTestOrRunnable(GroovyShell.java:263)
	at groovy.lang.GroovyShell.run(GroovyShell.java:518)
	at groovy.lang.GroovyShell.run(GroovyShell.java:507)
	at groovy.ui.GroovyMain.processOnce(GroovyMain.java:653)
	at groovy.ui.GroovyMain.run(GroovyMain.java:384)
	at groovy.ui.GroovyMain.process(GroovyMain.java:370)
	at groovy.ui.GroovyMain.processArgs(GroovyMain.java:129)
	at groovy.ui.GroovyMain.main(GroovyMain.java:109)
	at sun.reflect.NativeMethodAccessorImpl.invoke0(Native Method)
	at sun.reflect.NativeMethodAccessorImpl.invoke(NativeMethodAccessorImpl.java:62)
	at sun.reflect.DelegatingMethodAccessorImpl.invoke(DelegatingMethodAccessorImpl.java:43)
	at java.lang.reflect.Method.invoke(Method.java:498)
	at org.codehaus.groovy.tools.GroovyStarter.rootLoader(GroovyStarter.java:109)
	at org.codehaus.groovy.tools.GroovyStarter.main(GroovyStarter.java:131)
)"/>
         <system-out><![CDATA[2018-11-09 21:20:32 - [TEST_CASE][FAILED] - Test Cases/Tee/Web/Equivalence Class - Bad web/TC010_Out of range: Test Cases/Tee/Web/Equivalence Class - Bad web/TC010_Out of range FAILED because (of) (Stack trace: com.kms.katalon.core.exception.StepFailedException: Verify element text of test object 'Object Repository/Test UI Triangle/Page_/div_Equilateral' FAILED. (Root cause: Actual text 'Equilateral' and expected text 'Out of range' of test object 'Object Repository/Test UI Triangle/Page_/div_Equilateral' are NOT matched.)
	at com.kms.katalon.core.keyword.internal.KeywordMain.stepFailed(KeywordMain.groovy:36)
	at com.kms.katalon.core.webui.keyword.internal.WebUIKeywordMain.stepFailed(WebUIKeywordMain.groovy:65)
	at com.kms.katalon.core.webui.keyword.internal.WebUIKeywordMain.runKeyword(WebUIKeywordMain.groovy:27)
	at com.kms.katalon.core.webui.keyword.builtin.VerifyElementTextKeyword.verifyElementText(VerifyElementTextKeyword.groovy:72)
	at com.kms.katalon.core.webui.keyword.builtin.VerifyElementTextKeyword.execute(VerifyElementTextKeyword.groovy:40)
	at com.kms.katalon.core.keyword.internal.KeywordExecutor.executeKeywordForPlatform(KeywordExecutor.groovy:53)
	at com.kms.katalon.core.webui.keyword.WebUiBuiltInKeywords.verifyElementText(WebUiBuiltInKeywords.groovy:3663)
	at com.kms.katalon.core.webui.keyword.WebUiBuiltInKeywords$verifyElementText$3.call(Unknown Source)
	at org.codehaus.groovy.runtime.callsite.CallSiteArray.defaultCall(CallSiteArray.java:48)
	at org.codehaus.groovy.runtime.callsite.AbstractCallSite.call(AbstractCallSite.java:113)
	at org.codehaus.groovy.runtime.callsite.AbstractCallSite.call(AbstractCallSite.java:133)
	at Script1541771989085.run(Script1541771989085.groovy:30)
	at com.kms.katalon.core.main.ScriptEngine.run(ScriptEngine.java:183)
	at com.kms.katalon.core.main.ScriptEngine.runScriptAsRawText(ScriptEngine.java:108)
	at com.kms.katalon.core.main.TestCaseExecutor.runScript(TestCaseExecutor.java:294)
	at com.kms.katalon.core.main.TestCaseExecutor.doExecute(TestCaseExecutor.java:285)
	at com.kms.katalon.core.main.TestCaseExecutor.processExecutionPhase(TestCaseExecutor.java:264)
	at com.kms.katalon.core.main.TestCaseExecutor.accessMainPhase(TestCaseExecutor.java:256)
	at com.kms.katalon.core.main.TestCaseExecutor.execute(TestCaseExecutor.java:200)
	at com.kms.katalon.core.main.TestSuiteExecutor.accessTestCaseMainPhase(TestSuiteExecutor.java:129)
	at com.kms.katalon.core.main.TestSuiteExecutor.accessTestSuiteMainPhase(TestSuiteExecutor.java:112)
	at com.kms.katalon.core.main.TestSuiteExecutor.execute(TestSuiteExecutor.java:81)
	at com.kms.katalon.core.main.TestCaseMain.startTestSuite(TestCaseMain.java:142)
	at com.kms.katalon.core.main.TestCaseMain$startTestSuite$0.call(Unknown Source)
	at org.codehaus.groovy.runtime.callsite.CallSiteArray.defaultCall(CallSiteArray.java:48)
	at org.codehaus.groovy.runtime.callsite.AbstractCallSite.call(AbstractCallSite.java:113)
	at org.codehaus.groovy.runtime.callsite.AbstractCallSite.call(AbstractCallSite.java:141)
	at TempTestSuite1541773164048.run(TempTestSuite1541773164048.groovy:36)
	at groovy.lang.GroovyShell.runScriptOrMainOrTestOrRunnable(GroovyShell.java:263)
	at groovy.lang.GroovyShell.run(GroovyShell.java:518)
	at groovy.lang.GroovyShell.run(GroovyShell.java:507)
	at groovy.ui.GroovyMain.processOnce(GroovyMain.java:653)
	at groovy.ui.GroovyMain.run(GroovyMain.java:384)
	at groovy.ui.GroovyMain.process(GroovyMain.java:370)
	at groovy.ui.GroovyMain.processArgs(GroovyMain.java:129)
	at groovy.ui.GroovyMain.main(GroovyMain.java:109)
	at sun.reflect.NativeMethodAccessorImpl.invoke0(Native Method)
	at sun.reflect.NativeMethodAccessorImpl.invoke(NativeMethodAccessorImpl.java:62)
	at sun.reflect.DelegatingMethodAccessorImpl.invoke(DelegatingMethodAccessorImpl.java:43)
	at java.lang.reflect.Method.invoke(Method.java:498)
	at org.codehaus.groovy.tools.GroovyStarter.rootLoader(GroovyStarter.java:109)
	at org.codehaus.groovy.tools.GroovyStarter.main(GroovyStarter.java:131)
)

2018-11-09 21:20:32 - [TEST_STEP][PASSED] - openBrowser: Browser is opened with url: ''

2018-11-09 21:20:32 - [MESSAGE][WARNING] - A browser is already opened. Closing browser and opening a new one

2018-11-09 21:20:33 - [MESSAGE][PASSED] - Browser is opened with url: ''

2018-11-09 21:20:33 - [TEST_STEP][PASSED] - navigateToUrl: Navigate to 'https://bad-web.testing.se.nattaponra.com/' successfully

2018-11-09 21:20:35 - [MESSAGE][PASSED] - Navigate to 'https://bad-web.testing.se.nattaponra.com/' successfully

2018-11-09 21:20:35 - [TEST_STEP][PASSED] - setText: Text '0.3' is set on object 'Object Repository/Test UI Triangle/Page_/input_ A_aSide (1)'

2018-11-09 21:20:35 - [MESSAGE][PASSED] - Text '0.3' is set on object 'Object Repository/Test UI Triangle/Page_/input_ A_aSide (1)'

2018-11-09 21:20:35 - [TEST_STEP][PASSED] - setText: Text '200' is set on object 'Object Repository/Test UI Triangle/Page_/input_ B_bSide (1)'

2018-11-09 21:20:35 - [MESSAGE][PASSED] - Text '200' is set on object 'Object Repository/Test UI Triangle/Page_/input_ B_bSide (1)'

2018-11-09 21:20:35 - [TEST_STEP][PASSED] - setText: Text '200' is set on object 'Object Repository/Test UI Triangle/Page_/input_ C_cSide (1)'

2018-11-09 21:20:35 - [MESSAGE][PASSED] - Text '200' is set on object 'Object Repository/Test UI Triangle/Page_/input_ C_cSide (1)'

2018-11-09 21:20:35 - [TEST_STEP][PASSED] - click: Object: 'Object Repository/Test UI Triangle/Page_/a_ (1)' is clicked on

2018-11-09 21:20:36 - [MESSAGE][PASSED] - Object: 'Object Repository/Test UI Triangle/Page_/a_ (1)' is clicked on

2018-11-09 21:20:36 - [TEST_STEP][PASSED] - click: Object: 'Object Repository/Test UI Triangle/Page_/div_Equilateral' is clicked on

2018-11-09 21:20:36 - [MESSAGE][PASSED] - Object: 'Object Repository/Test UI Triangle/Page_/div_Equilateral' is clicked on

2018-11-09 21:20:36 - [TEST_STEP][FAILED] - verifyElementText: Verify element text of test object 'Object Repository/Test UI Triangle/Page_/div_Equilateral' FAILED. (Root cause: Actual text 'Equilateral' and expected text 'Out of range' of test object 'Object Repository/Test UI Triangle/Page_/div_Equilateral' are NOT matched.)

2018-11-09 21:20:37 - [MESSAGE][FAILED] - Actual text 'Equilateral' and expected text 'Out of range' of test object 'Object Repository/Test UI Triangle/Page_/div_Equilateral' are NOT matched.
[[ATTACHMENT|/Users/tee/git/katalon-test-case/Reports/Tee/Equivalance Test Suite - bad Website/20181109_211913/1541773236783.png]]

2018-11-09 21:20:40 - [MESSAGE][FAILED] - Verify element text of test object 'Object Repository/Test UI Triangle/Page_/div_Equilateral' FAILED. (Root cause: Actual text 'Equilateral' and expected text 'Out of range' of test object 'Object Repository/Test UI Triangle/Page_/div_Equilateral' are NOT matched.)
[[ATTACHMENT|/Users/tee/git/katalon-test-case/Reports/Tee/Equivalance Test Suite - bad Website/20181109_211913/1541773237209.png]]]]></system-out>
         <system-err><![CDATA[2018-11-09 21:20:32 - [TEST_CASE][FAILED] - Test Cases/Tee/Web/Equivalence Class - Bad web/TC010_Out of range: Test Cases/Tee/Web/Equivalence Class - Bad web/TC010_Out of range FAILED because (of) (Stack trace: com.kms.katalon.core.exception.StepFailedException: Verify element text of test object 'Object Repository/Test UI Triangle/Page_/div_Equilateral' FAILED. (Root cause: Actual text 'Equilateral' and expected text 'Out of range' of test object 'Object Repository/Test UI Triangle/Page_/div_Equilateral' are NOT matched.)
	at com.kms.katalon.core.keyword.internal.KeywordMain.stepFailed(KeywordMain.groovy:36)
	at com.kms.katalon.core.webui.keyword.internal.WebUIKeywordMain.stepFailed(WebUIKeywordMain.groovy:65)
	at com.kms.katalon.core.webui.keyword.internal.WebUIKeywordMain.runKeyword(WebUIKeywordMain.groovy:27)
	at com.kms.katalon.core.webui.keyword.builtin.VerifyElementTextKeyword.verifyElementText(VerifyElementTextKeyword.groovy:72)
	at com.kms.katalon.core.webui.keyword.builtin.VerifyElementTextKeyword.execute(VerifyElementTextKeyword.groovy:40)
	at com.kms.katalon.core.keyword.internal.KeywordExecutor.executeKeywordForPlatform(KeywordExecutor.groovy:53)
	at com.kms.katalon.core.webui.keyword.WebUiBuiltInKeywords.verifyElementText(WebUiBuiltInKeywords.groovy:3663)
	at com.kms.katalon.core.webui.keyword.WebUiBuiltInKeywords$verifyElementText$3.call(Unknown Source)
	at org.codehaus.groovy.runtime.callsite.CallSiteArray.defaultCall(CallSiteArray.java:48)
	at org.codehaus.groovy.runtime.callsite.AbstractCallSite.call(AbstractCallSite.java:113)
	at org.codehaus.groovy.runtime.callsite.AbstractCallSite.call(AbstractCallSite.java:133)
	at Script1541771989085.run(Script1541771989085.groovy:30)
	at com.kms.katalon.core.main.ScriptEngine.run(ScriptEngine.java:183)
	at com.kms.katalon.core.main.ScriptEngine.runScriptAsRawText(ScriptEngine.java:108)
	at com.kms.katalon.core.main.TestCaseExecutor.runScript(TestCaseExecutor.java:294)
	at com.kms.katalon.core.main.TestCaseExecutor.doExecute(TestCaseExecutor.java:285)
	at com.kms.katalon.core.main.TestCaseExecutor.processExecutionPhase(TestCaseExecutor.java:264)
	at com.kms.katalon.core.main.TestCaseExecutor.accessMainPhase(TestCaseExecutor.java:256)
	at com.kms.katalon.core.main.TestCaseExecutor.execute(TestCaseExecutor.java:200)
	at com.kms.katalon.core.main.TestSuiteExecutor.accessTestCaseMainPhase(TestSuiteExecutor.java:129)
	at com.kms.katalon.core.main.TestSuiteExecutor.accessTestSuiteMainPhase(TestSuiteExecutor.java:112)
	at com.kms.katalon.core.main.TestSuiteExecutor.execute(TestSuiteExecutor.java:81)
	at com.kms.katalon.core.main.TestCaseMain.startTestSuite(TestCaseMain.java:142)
	at com.kms.katalon.core.main.TestCaseMain$startTestSuite$0.call(Unknown Source)
	at org.codehaus.groovy.runtime.callsite.CallSiteArray.defaultCall(CallSiteArray.java:48)
	at org.codehaus.groovy.runtime.callsite.AbstractCallSite.call(AbstractCallSite.java:113)
	at org.codehaus.groovy.runtime.callsite.AbstractCallSite.call(AbstractCallSite.java:141)
	at TempTestSuite1541773164048.run(TempTestSuite1541773164048.groovy:36)
	at groovy.lang.GroovyShell.runScriptOrMainOrTestOrRunnable(GroovyShell.java:263)
	at groovy.lang.GroovyShell.run(GroovyShell.java:518)
	at groovy.lang.GroovyShell.run(GroovyShell.java:507)
	at groovy.ui.GroovyMain.processOnce(GroovyMain.java:653)
	at groovy.ui.GroovyMain.run(GroovyMain.java:384)
	at groovy.ui.GroovyMain.process(GroovyMain.java:370)
	at groovy.ui.GroovyMain.processArgs(GroovyMain.java:129)
	at groovy.ui.GroovyMain.main(GroovyMain.java:109)
	at sun.reflect.NativeMethodAccessorImpl.invoke0(Native Method)
	at sun.reflect.NativeMethodAccessorImpl.invoke(NativeMethodAccessorImpl.java:62)
	at sun.reflect.DelegatingMethodAccessorImpl.invoke(DelegatingMethodAccessorImpl.java:43)
	at java.lang.reflect.Method.invoke(Method.java:498)
	at org.codehaus.groovy.tools.GroovyStarter.rootLoader(GroovyStarter.java:109)
	at org.codehaus.groovy.tools.GroovyStarter.main(GroovyStarter.java:131)
)]]></system-err>
      </testcase>
      <system-out><![CDATA[2018-11-09 21:19:25 - [TEST_SUITE][FAILED] - Equivalance Test Suite - bad Website: Test Cases/Tee/Web/Equivalence Class - Bad web/TC014_Scelene FAILED because (of) (Stack trace: com.kms.katalon.core.exception.StepFailedException: Verify element text of test object 'Object Repository/Test UI Triangle/Page_/div_Equilateral' FAILED. (Root cause: Actual text 'Equilateral' and expected text 'Out of range' of test object 'Object Repository/Test UI Triangle/Page_/div_Equilateral' are NOT matched.)
	at com.kms.katalon.core.keyword.internal.KeywordMain.stepFailed(KeywordMain.groovy:36)
	at com.kms.katalon.core.webui.keyword.internal.WebUIKeywordMain.stepFailed(WebUIKeywordMain.groovy:65)
	at com.kms.katalon.core.webui.keyword.internal.WebUIKeywordMain.runKeyword(WebUIKeywordMain.groovy:27)
	at com.kms.katalon.core.webui.keyword.builtin.VerifyElementTextKeyword.verifyElementText(VerifyElementTextKeyword.groovy:72)
	at com.kms.katalon.core.webui.keyword.builtin.VerifyElementTextKeyword.execute(VerifyElementTextKeyword.groovy:40)
	at com.kms.katalon.core.keyword.internal.KeywordExecutor.executeKeywordForPlatform(KeywordExecutor.groovy:53)
	at com.kms.katalon.core.webui.keyword.WebUiBuiltInKeywords.verifyElementText(WebUiBuiltInKeywords.groovy:3663)
	at com.kms.katalon.core.webui.keyword.WebUiBuiltInKeywords$verifyElementText$3.call(Unknown Source)
	at org.codehaus.groovy.runtime.callsite.CallSiteArray.defaultCall(CallSiteArray.java:48)
	at org.codehaus.groovy.runtime.callsite.AbstractCallSite.call(AbstractCallSite.java:113)
	at org.codehaus.groovy.runtime.callsite.AbstractCallSite.call(AbstractCallSite.java:133)
	at Script1541771989068.run(Script1541771989068.groovy:30)
	at com.kms.katalon.core.main.ScriptEngine.run(ScriptEngine.java:183)
	at com.kms.katalon.core.main.ScriptEngine.runScriptAsRawText(ScriptEngine.java:108)
	at com.kms.katalon.core.main.TestCaseExecutor.runScript(TestCaseExecutor.java:294)
	at com.kms.katalon.core.main.TestCaseExecutor.doExecute(TestCaseExecutor.java:285)
	at com.kms.katalon.core.main.TestCaseExecutor.processExecutionPhase(TestCaseExecutor.java:264)
	at com.kms.katalon.core.main.TestCaseExecutor.accessMainPhase(TestCaseExecutor.java:256)
	at com.kms.katalon.core.main.TestCaseExecutor.execute(TestCaseExecutor.java:200)
	at com.kms.katalon.core.main.TestSuiteExecutor.accessTestCaseMainPhase(TestSuiteExecutor.java:129)
	at com.kms.katalon.core.main.TestSuiteExecutor.accessTestSuiteMainPhase(TestSuiteExecutor.java:112)
	at com.kms.katalon.core.main.TestSuiteExecutor.execute(TestSuiteExecutor.java:81)
	at com.kms.katalon.core.main.TestCaseMain.startTestSuite(TestCaseMain.java:142)
	at com.kms.katalon.core.main.TestCaseMain$startTestSuite$0.call(Unknown Source)
	at org.codehaus.groovy.runtime.callsite.CallSiteArray.defaultCall(CallSiteArray.java:48)
	at org.codehaus.groovy.runtime.callsite.AbstractCallSite.call(AbstractCallSite.java:113)
	at org.codehaus.groovy.runtime.callsite.AbstractCallSite.call(AbstractCallSite.java:141)
	at TempTestSuite1541773164048.run(TempTestSuite1541773164048.groovy:36)
	at groovy.lang.GroovyShell.runScriptOrMainOrTestOrRunnable(GroovyShell.java:263)
	at groovy.lang.GroovyShell.run(GroovyShell.java:518)
	at groovy.lang.GroovyShell.run(GroovyShell.java:507)
	at groovy.ui.GroovyMain.processOnce(GroovyMain.java:653)
	at groovy.ui.GroovyMain.run(GroovyMain.java:384)
	at groovy.ui.GroovyMain.process(GroovyMain.java:370)
	at groovy.ui.GroovyMain.processArgs(GroovyMain.java:129)
	at groovy.ui.GroovyMain.main(GroovyMain.java:109)
	at sun.reflect.NativeMethodAccessorImpl.invoke0(Native Method)
	at sun.reflect.NativeMethodAccessorImpl.invoke(NativeMethodAccessorImpl.java:62)
	at sun.reflect.DelegatingMethodAccessorImpl.invoke(DelegatingMethodAccessorImpl.java:43)
	at java.lang.reflect.Method.invoke(Method.java:498)
	at org.codehaus.groovy.tools.GroovyStarter.rootLoader(GroovyStarter.java:109)
	at org.codehaus.groovy.tools.GroovyStarter.main(GroovyStarter.java:131)
)]]></system-out>
      <system-err><![CDATA[2018-11-09 21:19:25 - [TEST_SUITE][FAILED] - Equivalance Test Suite - bad Website: Test Cases/Tee/Web/Equivalence Class - Bad web/TC014_Scelene FAILED because (of) (Stack trace: com.kms.katalon.core.exception.StepFailedException: Verify element text of test object 'Object Repository/Test UI Triangle/Page_/div_Equilateral' FAILED. (Root cause: Actual text 'Equilateral' and expected text 'Out of range' of test object 'Object Repository/Test UI Triangle/Page_/div_Equilateral' are NOT matched.)
	at com.kms.katalon.core.keyword.internal.KeywordMain.stepFailed(KeywordMain.groovy:36)
	at com.kms.katalon.core.webui.keyword.internal.WebUIKeywordMain.stepFailed(WebUIKeywordMain.groovy:65)
	at com.kms.katalon.core.webui.keyword.internal.WebUIKeywordMain.runKeyword(WebUIKeywordMain.groovy:27)
	at com.kms.katalon.core.webui.keyword.builtin.VerifyElementTextKeyword.verifyElementText(VerifyElementTextKeyword.groovy:72)
	at com.kms.katalon.core.webui.keyword.builtin.VerifyElementTextKeyword.execute(VerifyElementTextKeyword.groovy:40)
	at com.kms.katalon.core.keyword.internal.KeywordExecutor.executeKeywordForPlatform(KeywordExecutor.groovy:53)
	at com.kms.katalon.core.webui.keyword.WebUiBuiltInKeywords.verifyElementText(WebUiBuiltInKeywords.groovy:3663)
	at com.kms.katalon.core.webui.keyword.WebUiBuiltInKeywords$verifyElementText$3.call(Unknown Source)
	at org.codehaus.groovy.runtime.callsite.CallSiteArray.defaultCall(CallSiteArray.java:48)
	at org.codehaus.groovy.runtime.callsite.AbstractCallSite.call(AbstractCallSite.java:113)
	at org.codehaus.groovy.runtime.callsite.AbstractCallSite.call(AbstractCallSite.java:133)
	at Script1541771989068.run(Script1541771989068.groovy:30)
	at com.kms.katalon.core.main.ScriptEngine.run(ScriptEngine.java:183)
	at com.kms.katalon.core.main.ScriptEngine.runScriptAsRawText(ScriptEngine.java:108)
	at com.kms.katalon.core.main.TestCaseExecutor.runScript(TestCaseExecutor.java:294)
	at com.kms.katalon.core.main.TestCaseExecutor.doExecute(TestCaseExecutor.java:285)
	at com.kms.katalon.core.main.TestCaseExecutor.processExecutionPhase(TestCaseExecutor.java:264)
	at com.kms.katalon.core.main.TestCaseExecutor.accessMainPhase(TestCaseExecutor.java:256)
	at com.kms.katalon.core.main.TestCaseExecutor.execute(TestCaseExecutor.java:200)
	at com.kms.katalon.core.main.TestSuiteExecutor.accessTestCaseMainPhase(TestSuiteExecutor.java:129)
	at com.kms.katalon.core.main.TestSuiteExecutor.accessTestSuiteMainPhase(TestSuiteExecutor.java:112)
	at com.kms.katalon.core.main.TestSuiteExecutor.execute(TestSuiteExecutor.java:81)
	at com.kms.katalon.core.main.TestCaseMain.startTestSuite(TestCaseMain.java:142)
	at com.kms.katalon.core.main.TestCaseMain$startTestSuite$0.call(Unknown Source)
	at org.codehaus.groovy.runtime.callsite.CallSiteArray.defaultCall(CallSiteArray.java:48)
	at org.codehaus.groovy.runtime.callsite.AbstractCallSite.call(AbstractCallSite.java:113)
	at org.codehaus.groovy.runtime.callsite.AbstractCallSite.call(AbstractCallSite.java:141)
	at TempTestSuite1541773164048.run(TempTestSuite1541773164048.groovy:36)
	at groovy.lang.GroovyShell.runScriptOrMainOrTestOrRunnable(GroovyShell.java:263)
	at groovy.lang.GroovyShell.run(GroovyShell.java:518)
	at groovy.lang.GroovyShell.run(GroovyShell.java:507)
	at groovy.ui.GroovyMain.processOnce(GroovyMain.java:653)
	at groovy.ui.GroovyMain.run(GroovyMain.java:384)
	at groovy.ui.GroovyMain.process(GroovyMain.java:370)
	at groovy.ui.GroovyMain.processArgs(GroovyMain.java:129)
	at groovy.ui.GroovyMain.main(GroovyMain.java:109)
	at sun.reflect.NativeMethodAccessorImpl.invoke0(Native Method)
	at sun.reflect.NativeMethodAccessorImpl.invoke(NativeMethodAccessorImpl.java:62)
	at sun.reflect.DelegatingMethodAccessorImpl.invoke(DelegatingMethodAccessorImpl.java:43)
	at java.lang.reflect.Method.invoke(Method.java:498)
	at org.codehaus.groovy.tools.GroovyStarter.rootLoader(GroovyStarter.java:109)
	at org.codehaus.groovy.tools.GroovyStarter.main(GroovyStarter.java:131)
)]]></system-err>
   </testsuite>
</testsuites>
