<?xml version="1.0" encoding="UTF-8"?>
<testsuites name="Equivalance Test Suite - good Website" time="134" tests="5" failures="9" errors="0">
   <testsuite name="Equivalance Test Suite - good Website" tests="5" failures="9" errors="0" time="134" timestamp="2018-11-09 21:04:22" hostname="Tee - 192.168.43.240" id="Test Suites/Tee/Equivalance Test Suite - good Website">
      <properties>
         <property name="deviceName" value=""/>
         <property name="devicePlatform" value=""/>
         <property name="logFolder" value="/Users/tee/git/katalon-test-case/Reports/Tee/Equivalance Test Suite - good Website/20181109_210410"/>
         <property name="logFiles" value="/Users/tee/git/katalon-test-case/Reports/Tee/Equivalance Test Suite - good Website/20181109_210410/execution0.log"/>
         <property name="attachments" value="/Users/tee/git/katalon-test-case/Reports/Tee/Equivalance Test Suite - good Website/20181109_210410/1541772269111.png, /Users/tee/git/katalon-test-case/Reports/Tee/Equivalance Test Suite - good Website/20181109_210410/1541772269569.png, /Users/tee/git/katalon-test-case/Reports/Tee/Equivalance Test Suite - good Website/20181109_210410/1541772275046.png, /Users/tee/git/katalon-test-case/Reports/Tee/Equivalance Test Suite - good Website/20181109_210410/1541772275437.png, /Users/tee/git/katalon-test-case/Reports/Tee/Equivalance Test Suite - good Website/20181109_210410/1541772288641.png, /Users/tee/git/katalon-test-case/Reports/Tee/Equivalance Test Suite - good Website/20181109_210410/1541772289249.png, /Users/tee/git/katalon-test-case/Reports/Tee/Equivalance Test Suite - good Website/20181109_210410/1541772302675.png, /Users/tee/git/katalon-test-case/Reports/Tee/Equivalance Test Suite - good Website/20181109_210410/1541772303266.png, /Users/tee/git/katalon-test-case/Reports/Tee/Equivalance Test Suite - good Website/20181109_210410/1541772328597.png, /Users/tee/git/katalon-test-case/Reports/Tee/Equivalance Test Suite - good Website/20181109_210410/1541772329161.png, /Users/tee/git/katalon-test-case/Reports/Tee/Equivalance Test Suite - good Website/20181109_210410/1541772351234.png, /Users/tee/git/katalon-test-case/Reports/Tee/Equivalance Test Suite - good Website/20181109_210410/1541772351823.png, /Users/tee/git/katalon-test-case/Reports/Tee/Equivalance Test Suite - good Website/20181109_210410/1541772357447.png, /Users/tee/git/katalon-test-case/Reports/Tee/Equivalance Test Suite - good Website/20181109_210410/1541772357883.png, /Users/tee/git/katalon-test-case/Reports/Tee/Equivalance Test Suite - good Website/20181109_210410/1541772372326.png, /Users/tee/git/katalon-test-case/Reports/Tee/Equivalance Test Suite - good Website/20181109_210410/1541772372886.png, /Users/tee/git/katalon-test-case/Reports/Tee/Equivalance Test Suite - good Website/20181109_210410/1541772390274.png, /Users/tee/git/katalon-test-case/Reports/Tee/Equivalance Test Suite - good Website/20181109_210410/1541772390883.png"/>
         <property name="hostName" value="Tee - 192.168.43.240"/>
         <property name="os" value="Mac OS X 64bit"/>
         <property name="katalonVersion" value="5.8.4.14"/>
         <property name="browser" value="Chrome 70.0.3538.77"/>
         <property name="hostAddress" value="192.168.43.240"/>
         <property name="sessionId" value="dc2591c93004859e0759535b56bb0bd0"/>
         <property name="seleniumVersion" value="3.7.1"/>
         <property name="proxyInformation" value="ProxyInformation{proxyOption=NO_PROXY, proxyServerType=HTTP, password=, proxyServerAddress=, proxyServerPort=0}"/>
         <property name="platform" value="Mac OS X"/>
      </properties>
      <testcase name="Test Cases/Tee/Web/Equivalence Class - good web/TC010_Out of range" classname="Test Cases/Tee/Web/Equivalence Class - good web/TC010_Out of range" status="FAILED">
         <failure type="FAILED" message="(Stack trace: com.kms.katalon.core.exception.StepFailedException: Verify element text of test object 'Object Repository/Test UI Triangle/Page_/div_Equilateral' FAILED. (Root cause: Actual text 'Isosceles' and expected text 'Out of range' of test object 'Object Repository/Test UI Triangle/Page_/div_Equilateral' are NOT matched.)
	at com.kms.katalon.core.keyword.internal.KeywordMain.stepFailed(KeywordMain.groovy:36)
	at com.kms.katalon.core.webui.keyword.internal.WebUIKeywordMain.stepFailed(WebUIKeywordMain.groovy:65)
	at com.kms.katalon.core.webui.keyword.internal.WebUIKeywordMain.runKeyword(WebUIKeywordMain.groovy:27)
	at com.kms.katalon.core.webui.keyword.builtin.VerifyElementTextKeyword.verifyElementText(VerifyElementTextKeyword.groovy:72)
	at com.kms.katalon.core.webui.keyword.builtin.VerifyElementTextKeyword.execute(VerifyElementTextKeyword.groovy:40)
	at com.kms.katalon.core.keyword.internal.KeywordExecutor.executeKeywordForPlatform(KeywordExecutor.groovy:53)
	at com.kms.katalon.core.webui.keyword.WebUiBuiltInKeywords.verifyElementText(WebUiBuiltInKeywords.groovy:3663)
	at com.kms.katalon.core.webui.keyword.WebUiBuiltInKeywords$verifyElementText$3.call(Unknown Source)
	at org.codehaus.groovy.runtime.callsite.CallSiteArray.defaultCall(CallSiteArray.java:48)
	at org.codehaus.groovy.runtime.callsite.AbstractCallSite.call(AbstractCallSite.java:113)
	at org.codehaus.groovy.runtime.callsite.AbstractCallSite.call(AbstractCallSite.java:133)
	at Script1541771976308.run(Script1541771976308.groovy:30)
	at com.kms.katalon.core.main.ScriptEngine.run(ScriptEngine.java:183)
	at com.kms.katalon.core.main.ScriptEngine.runScriptAsRawText(ScriptEngine.java:108)
	at com.kms.katalon.core.main.TestCaseExecutor.runScript(TestCaseExecutor.java:294)
	at com.kms.katalon.core.main.TestCaseExecutor.doExecute(TestCaseExecutor.java:285)
	at com.kms.katalon.core.main.TestCaseExecutor.processExecutionPhase(TestCaseExecutor.java:264)
	at com.kms.katalon.core.main.TestCaseExecutor.accessMainPhase(TestCaseExecutor.java:256)
	at com.kms.katalon.core.main.TestCaseExecutor.execute(TestCaseExecutor.java:200)
	at com.kms.katalon.core.main.TestSuiteExecutor.accessTestCaseMainPhase(TestSuiteExecutor.java:129)
	at com.kms.katalon.core.main.TestSuiteExecutor.accessTestSuiteMainPhase(TestSuiteExecutor.java:112)
	at com.kms.katalon.core.main.TestSuiteExecutor.execute(TestSuiteExecutor.java:81)
	at com.kms.katalon.core.main.TestCaseMain.startTestSuite(TestCaseMain.java:142)
	at com.kms.katalon.core.main.TestCaseMain$startTestSuite$0.call(Unknown Source)
	at org.codehaus.groovy.runtime.callsite.CallSiteArray.defaultCall(CallSiteArray.java:48)
	at org.codehaus.groovy.runtime.callsite.AbstractCallSite.call(AbstractCallSite.java:113)
	at org.codehaus.groovy.runtime.callsite.AbstractCallSite.call(AbstractCallSite.java:141)
	at TempTestSuite1541772260532.run(TempTestSuite1541772260532.groovy:36)
	at groovy.lang.GroovyShell.runScriptOrMainOrTestOrRunnable(GroovyShell.java:263)
	at groovy.lang.GroovyShell.run(GroovyShell.java:518)
	at groovy.lang.GroovyShell.run(GroovyShell.java:507)
	at groovy.ui.GroovyMain.processOnce(GroovyMain.java:653)
	at groovy.ui.GroovyMain.run(GroovyMain.java:384)
	at groovy.ui.GroovyMain.process(GroovyMain.java:370)
	at groovy.ui.GroovyMain.processArgs(GroovyMain.java:129)
	at groovy.ui.GroovyMain.main(GroovyMain.java:109)
	at sun.reflect.NativeMethodAccessorImpl.invoke0(Native Method)
	at sun.reflect.NativeMethodAccessorImpl.invoke(NativeMethodAccessorImpl.java:62)
	at sun.reflect.DelegatingMethodAccessorImpl.invoke(DelegatingMethodAccessorImpl.java:43)
	at java.lang.reflect.Method.invoke(Method.java:498)
	at org.codehaus.groovy.tools.GroovyStarter.rootLoader(GroovyStarter.java:109)
	at org.codehaus.groovy.tools.GroovyStarter.main(GroovyStarter.java:131)
)"/>
         <system-out><![CDATA[2018-11-09 21:04:23 - [TEST_CASE][FAILED] - Test Cases/Tee/Web/Equivalence Class - good web/TC010_Out of range: Test Cases/Tee/Web/Equivalence Class - good web/TC010_Out of range FAILED because (of) (Stack trace: com.kms.katalon.core.exception.StepFailedException: Verify element text of test object 'Object Repository/Test UI Triangle/Page_/div_Equilateral' FAILED. (Root cause: Actual text 'Isosceles' and expected text 'Out of range' of test object 'Object Repository/Test UI Triangle/Page_/div_Equilateral' are NOT matched.)
	at com.kms.katalon.core.keyword.internal.KeywordMain.stepFailed(KeywordMain.groovy:36)
	at com.kms.katalon.core.webui.keyword.internal.WebUIKeywordMain.stepFailed(WebUIKeywordMain.groovy:65)
	at com.kms.katalon.core.webui.keyword.internal.WebUIKeywordMain.runKeyword(WebUIKeywordMain.groovy:27)
	at com.kms.katalon.core.webui.keyword.builtin.VerifyElementTextKeyword.verifyElementText(VerifyElementTextKeyword.groovy:72)
	at com.kms.katalon.core.webui.keyword.builtin.VerifyElementTextKeyword.execute(VerifyElementTextKeyword.groovy:40)
	at com.kms.katalon.core.keyword.internal.KeywordExecutor.executeKeywordForPlatform(KeywordExecutor.groovy:53)
	at com.kms.katalon.core.webui.keyword.WebUiBuiltInKeywords.verifyElementText(WebUiBuiltInKeywords.groovy:3663)
	at com.kms.katalon.core.webui.keyword.WebUiBuiltInKeywords$verifyElementText$3.call(Unknown Source)
	at org.codehaus.groovy.runtime.callsite.CallSiteArray.defaultCall(CallSiteArray.java:48)
	at org.codehaus.groovy.runtime.callsite.AbstractCallSite.call(AbstractCallSite.java:113)
	at org.codehaus.groovy.runtime.callsite.AbstractCallSite.call(AbstractCallSite.java:133)
	at Script1541771976308.run(Script1541771976308.groovy:30)
	at com.kms.katalon.core.main.ScriptEngine.run(ScriptEngine.java:183)
	at com.kms.katalon.core.main.ScriptEngine.runScriptAsRawText(ScriptEngine.java:108)
	at com.kms.katalon.core.main.TestCaseExecutor.runScript(TestCaseExecutor.java:294)
	at com.kms.katalon.core.main.TestCaseExecutor.doExecute(TestCaseExecutor.java:285)
	at com.kms.katalon.core.main.TestCaseExecutor.processExecutionPhase(TestCaseExecutor.java:264)
	at com.kms.katalon.core.main.TestCaseExecutor.accessMainPhase(TestCaseExecutor.java:256)
	at com.kms.katalon.core.main.TestCaseExecutor.execute(TestCaseExecutor.java:200)
	at com.kms.katalon.core.main.TestSuiteExecutor.accessTestCaseMainPhase(TestSuiteExecutor.java:129)
	at com.kms.katalon.core.main.TestSuiteExecutor.accessTestSuiteMainPhase(TestSuiteExecutor.java:112)
	at com.kms.katalon.core.main.TestSuiteExecutor.execute(TestSuiteExecutor.java:81)
	at com.kms.katalon.core.main.TestCaseMain.startTestSuite(TestCaseMain.java:142)
	at com.kms.katalon.core.main.TestCaseMain$startTestSuite$0.call(Unknown Source)
	at org.codehaus.groovy.runtime.callsite.CallSiteArray.defaultCall(CallSiteArray.java:48)
	at org.codehaus.groovy.runtime.callsite.AbstractCallSite.call(AbstractCallSite.java:113)
	at org.codehaus.groovy.runtime.callsite.AbstractCallSite.call(AbstractCallSite.java:141)
	at TempTestSuite1541772260532.run(TempTestSuite1541772260532.groovy:36)
	at groovy.lang.GroovyShell.runScriptOrMainOrTestOrRunnable(GroovyShell.java:263)
	at groovy.lang.GroovyShell.run(GroovyShell.java:518)
	at groovy.lang.GroovyShell.run(GroovyShell.java:507)
	at groovy.ui.GroovyMain.processOnce(GroovyMain.java:653)
	at groovy.ui.GroovyMain.run(GroovyMain.java:384)
	at groovy.ui.GroovyMain.process(GroovyMain.java:370)
	at groovy.ui.GroovyMain.processArgs(GroovyMain.java:129)
	at groovy.ui.GroovyMain.main(GroovyMain.java:109)
	at sun.reflect.NativeMethodAccessorImpl.invoke0(Native Method)
	at sun.reflect.NativeMethodAccessorImpl.invoke(NativeMethodAccessorImpl.java:62)
	at sun.reflect.DelegatingMethodAccessorImpl.invoke(DelegatingMethodAccessorImpl.java:43)
	at java.lang.reflect.Method.invoke(Method.java:498)
	at org.codehaus.groovy.tools.GroovyStarter.rootLoader(GroovyStarter.java:109)
	at org.codehaus.groovy.tools.GroovyStarter.main(GroovyStarter.java:131)
)

2018-11-09 21:04:23 - [TEST_STEP][PASSED] - openBrowser: Browser is opened with url: ''

2018-11-09 21:04:26 - [MESSAGE][PASSED] - Browser is opened with url: ''

2018-11-09 21:04:26 - [TEST_STEP][PASSED] - navigateToUrl: Navigate to 'https://good-web.testing.se.nattaponra.com/' successfully

2018-11-09 21:04:27 - [MESSAGE][PASSED] - Navigate to 'https://good-web.testing.se.nattaponra.com/' successfully

2018-11-09 21:04:27 - [TEST_STEP][PASSED] - setText: Text '0.3' is set on object 'Object Repository/Test UI Triangle/Page_/input_ A_aSide (1)'

2018-11-09 21:04:28 - [MESSAGE][PASSED] - Text '0.3' is set on object 'Object Repository/Test UI Triangle/Page_/input_ A_aSide (1)'

2018-11-09 21:04:28 - [TEST_STEP][PASSED] - setText: Text '200' is set on object 'Object Repository/Test UI Triangle/Page_/input_ B_bSide (1)'

2018-11-09 21:04:28 - [MESSAGE][PASSED] - Text '200' is set on object 'Object Repository/Test UI Triangle/Page_/input_ B_bSide (1)'

2018-11-09 21:04:28 - [TEST_STEP][PASSED] - setText: Text '200' is set on object 'Object Repository/Test UI Triangle/Page_/input_ C_cSide (1)'

2018-11-09 21:04:28 - [MESSAGE][PASSED] - Text '200' is set on object 'Object Repository/Test UI Triangle/Page_/input_ C_cSide (1)'

2018-11-09 21:04:28 - [TEST_STEP][PASSED] - click: Object: 'Object Repository/Test UI Triangle/Page_/a_ (1)' is clicked on

2018-11-09 21:04:28 - [MESSAGE][PASSED] - Object: 'Object Repository/Test UI Triangle/Page_/a_ (1)' is clicked on

2018-11-09 21:04:28 - [TEST_STEP][PASSED] - click: Object: 'Object Repository/Test UI Triangle/Page_/div_Equilateral' is clicked on

2018-11-09 21:04:29 - [MESSAGE][PASSED] - Object: 'Object Repository/Test UI Triangle/Page_/div_Equilateral' is clicked on

2018-11-09 21:04:29 - [TEST_STEP][FAILED] - verifyElementText: Verify element text of test object 'Object Repository/Test UI Triangle/Page_/div_Equilateral' FAILED. (Root cause: Actual text 'Isosceles' and expected text 'Out of range' of test object 'Object Repository/Test UI Triangle/Page_/div_Equilateral' are NOT matched.)

2018-11-09 21:04:29 - [MESSAGE][FAILED] - Actual text 'Isosceles' and expected text 'Out of range' of test object 'Object Repository/Test UI Triangle/Page_/div_Equilateral' are NOT matched.
[[ATTACHMENT|/Users/tee/git/katalon-test-case/Reports/Tee/Equivalance Test Suite - good Website/20181109_210410/1541772269111.png]]

2018-11-09 21:04:29 - [MESSAGE][FAILED] - Verify element text of test object 'Object Repository/Test UI Triangle/Page_/div_Equilateral' FAILED. (Root cause: Actual text 'Isosceles' and expected text 'Out of range' of test object 'Object Repository/Test UI Triangle/Page_/div_Equilateral' are NOT matched.)
[[ATTACHMENT|/Users/tee/git/katalon-test-case/Reports/Tee/Equivalance Test Suite - good Website/20181109_210410/1541772269569.png]]]]></system-out>
         <system-err><![CDATA[2018-11-09 21:04:23 - [TEST_CASE][FAILED] - Test Cases/Tee/Web/Equivalence Class - good web/TC010_Out of range: Test Cases/Tee/Web/Equivalence Class - good web/TC010_Out of range FAILED because (of) (Stack trace: com.kms.katalon.core.exception.StepFailedException: Verify element text of test object 'Object Repository/Test UI Triangle/Page_/div_Equilateral' FAILED. (Root cause: Actual text 'Isosceles' and expected text 'Out of range' of test object 'Object Repository/Test UI Triangle/Page_/div_Equilateral' are NOT matched.)
	at com.kms.katalon.core.keyword.internal.KeywordMain.stepFailed(KeywordMain.groovy:36)
	at com.kms.katalon.core.webui.keyword.internal.WebUIKeywordMain.stepFailed(WebUIKeywordMain.groovy:65)
	at com.kms.katalon.core.webui.keyword.internal.WebUIKeywordMain.runKeyword(WebUIKeywordMain.groovy:27)
	at com.kms.katalon.core.webui.keyword.builtin.VerifyElementTextKeyword.verifyElementText(VerifyElementTextKeyword.groovy:72)
	at com.kms.katalon.core.webui.keyword.builtin.VerifyElementTextKeyword.execute(VerifyElementTextKeyword.groovy:40)
	at com.kms.katalon.core.keyword.internal.KeywordExecutor.executeKeywordForPlatform(KeywordExecutor.groovy:53)
	at com.kms.katalon.core.webui.keyword.WebUiBuiltInKeywords.verifyElementText(WebUiBuiltInKeywords.groovy:3663)
	at com.kms.katalon.core.webui.keyword.WebUiBuiltInKeywords$verifyElementText$3.call(Unknown Source)
	at org.codehaus.groovy.runtime.callsite.CallSiteArray.defaultCall(CallSiteArray.java:48)
	at org.codehaus.groovy.runtime.callsite.AbstractCallSite.call(AbstractCallSite.java:113)
	at org.codehaus.groovy.runtime.callsite.AbstractCallSite.call(AbstractCallSite.java:133)
	at Script1541771976308.run(Script1541771976308.groovy:30)
	at com.kms.katalon.core.main.ScriptEngine.run(ScriptEngine.java:183)
	at com.kms.katalon.core.main.ScriptEngine.runScriptAsRawText(ScriptEngine.java:108)
	at com.kms.katalon.core.main.TestCaseExecutor.runScript(TestCaseExecutor.java:294)
	at com.kms.katalon.core.main.TestCaseExecutor.doExecute(TestCaseExecutor.java:285)
	at com.kms.katalon.core.main.TestCaseExecutor.processExecutionPhase(TestCaseExecutor.java:264)
	at com.kms.katalon.core.main.TestCaseExecutor.accessMainPhase(TestCaseExecutor.java:256)
	at com.kms.katalon.core.main.TestCaseExecutor.execute(TestCaseExecutor.java:200)
	at com.kms.katalon.core.main.TestSuiteExecutor.accessTestCaseMainPhase(TestSuiteExecutor.java:129)
	at com.kms.katalon.core.main.TestSuiteExecutor.accessTestSuiteMainPhase(TestSuiteExecutor.java:112)
	at com.kms.katalon.core.main.TestSuiteExecutor.execute(TestSuiteExecutor.java:81)
	at com.kms.katalon.core.main.TestCaseMain.startTestSuite(TestCaseMain.java:142)
	at com.kms.katalon.core.main.TestCaseMain$startTestSuite$0.call(Unknown Source)
	at org.codehaus.groovy.runtime.callsite.CallSiteArray.defaultCall(CallSiteArray.java:48)
	at org.codehaus.groovy.runtime.callsite.AbstractCallSite.call(AbstractCallSite.java:113)
	at org.codehaus.groovy.runtime.callsite.AbstractCallSite.call(AbstractCallSite.java:141)
	at TempTestSuite1541772260532.run(TempTestSuite1541772260532.groovy:36)
	at groovy.lang.GroovyShell.runScriptOrMainOrTestOrRunnable(GroovyShell.java:263)
	at groovy.lang.GroovyShell.run(GroovyShell.java:518)
	at groovy.lang.GroovyShell.run(GroovyShell.java:507)
	at groovy.ui.GroovyMain.processOnce(GroovyMain.java:653)
	at groovy.ui.GroovyMain.run(GroovyMain.java:384)
	at groovy.ui.GroovyMain.process(GroovyMain.java:370)
	at groovy.ui.GroovyMain.processArgs(GroovyMain.java:129)
	at groovy.ui.GroovyMain.main(GroovyMain.java:109)
	at sun.reflect.NativeMethodAccessorImpl.invoke0(Native Method)
	at sun.reflect.NativeMethodAccessorImpl.invoke(NativeMethodAccessorImpl.java:62)
	at sun.reflect.DelegatingMethodAccessorImpl.invoke(DelegatingMethodAccessorImpl.java:43)
	at java.lang.reflect.Method.invoke(Method.java:498)
	at org.codehaus.groovy.tools.GroovyStarter.rootLoader(GroovyStarter.java:109)
	at org.codehaus.groovy.tools.GroovyStarter.main(GroovyStarter.java:131)
)]]></system-err>
      </testcase>
      <testcase name="Test Cases/Tee/Web/Equivalence Class - good web/TC009_Out of range " classname="Test Cases/Tee/Web/Equivalence Class - good web/TC009_Out of range " status="FAILED">
         <failure type="FAILED" message="(Stack trace: com.kms.katalon.core.exception.StepFailedException: Verify element text of test object 'Object Repository/Test UI Triangle/Page_/div_Equilateral' FAILED. (Root cause: Actual text 'Isosceles' and expected text 'Out of range' of test object 'Object Repository/Test UI Triangle/Page_/div_Equilateral' are NOT matched.)
	at com.kms.katalon.core.keyword.internal.KeywordMain.stepFailed(KeywordMain.groovy:36)
	at com.kms.katalon.core.webui.keyword.internal.WebUIKeywordMain.stepFailed(WebUIKeywordMain.groovy:65)
	at com.kms.katalon.core.webui.keyword.internal.WebUIKeywordMain.runKeyword(WebUIKeywordMain.groovy:27)
	at com.kms.katalon.core.webui.keyword.builtin.VerifyElementTextKeyword.verifyElementText(VerifyElementTextKeyword.groovy:72)
	at com.kms.katalon.core.webui.keyword.builtin.VerifyElementTextKeyword.execute(VerifyElementTextKeyword.groovy:40)
	at com.kms.katalon.core.keyword.internal.KeywordExecutor.executeKeywordForPlatform(KeywordExecutor.groovy:53)
	at com.kms.katalon.core.webui.keyword.WebUiBuiltInKeywords.verifyElementText(WebUiBuiltInKeywords.groovy:3663)
	at com.kms.katalon.core.webui.keyword.WebUiBuiltInKeywords$verifyElementText$3.call(Unknown Source)
	at org.codehaus.groovy.runtime.callsite.CallSiteArray.defaultCall(CallSiteArray.java:48)
	at org.codehaus.groovy.runtime.callsite.AbstractCallSite.call(AbstractCallSite.java:113)
	at org.codehaus.groovy.runtime.callsite.AbstractCallSite.call(AbstractCallSite.java:133)
	at Script1541771976305.run(Script1541771976305.groovy:30)
	at com.kms.katalon.core.main.ScriptEngine.run(ScriptEngine.java:183)
	at com.kms.katalon.core.main.ScriptEngine.runScriptAsRawText(ScriptEngine.java:108)
	at com.kms.katalon.core.main.TestCaseExecutor.runScript(TestCaseExecutor.java:294)
	at com.kms.katalon.core.main.TestCaseExecutor.doExecute(TestCaseExecutor.java:285)
	at com.kms.katalon.core.main.TestCaseExecutor.processExecutionPhase(TestCaseExecutor.java:264)
	at com.kms.katalon.core.main.TestCaseExecutor.accessMainPhase(TestCaseExecutor.java:256)
	at com.kms.katalon.core.main.TestCaseExecutor.execute(TestCaseExecutor.java:200)
	at com.kms.katalon.core.main.TestSuiteExecutor.accessTestCaseMainPhase(TestSuiteExecutor.java:129)
	at com.kms.katalon.core.main.TestSuiteExecutor.accessTestSuiteMainPhase(TestSuiteExecutor.java:112)
	at com.kms.katalon.core.main.TestSuiteExecutor.execute(TestSuiteExecutor.java:81)
	at com.kms.katalon.core.main.TestCaseMain.startTestSuite(TestCaseMain.java:142)
	at com.kms.katalon.core.main.TestCaseMain$startTestSuite$0.call(Unknown Source)
	at org.codehaus.groovy.runtime.callsite.CallSiteArray.defaultCall(CallSiteArray.java:48)
	at org.codehaus.groovy.runtime.callsite.AbstractCallSite.call(AbstractCallSite.java:113)
	at org.codehaus.groovy.runtime.callsite.AbstractCallSite.call(AbstractCallSite.java:141)
	at TempTestSuite1541772260532.run(TempTestSuite1541772260532.groovy:36)
	at groovy.lang.GroovyShell.runScriptOrMainOrTestOrRunnable(GroovyShell.java:263)
	at groovy.lang.GroovyShell.run(GroovyShell.java:518)
	at groovy.lang.GroovyShell.run(GroovyShell.java:507)
	at groovy.ui.GroovyMain.processOnce(GroovyMain.java:653)
	at groovy.ui.GroovyMain.run(GroovyMain.java:384)
	at groovy.ui.GroovyMain.process(GroovyMain.java:370)
	at groovy.ui.GroovyMain.processArgs(GroovyMain.java:129)
	at groovy.ui.GroovyMain.main(GroovyMain.java:109)
	at sun.reflect.NativeMethodAccessorImpl.invoke0(Native Method)
	at sun.reflect.NativeMethodAccessorImpl.invoke(NativeMethodAccessorImpl.java:62)
	at sun.reflect.DelegatingMethodAccessorImpl.invoke(DelegatingMethodAccessorImpl.java:43)
	at java.lang.reflect.Method.invoke(Method.java:498)
	at org.codehaus.groovy.tools.GroovyStarter.rootLoader(GroovyStarter.java:109)
	at org.codehaus.groovy.tools.GroovyStarter.main(GroovyStarter.java:131)
)"/>
         <system-out><![CDATA[2018-11-09 21:04:29 - [TEST_CASE][FAILED] - Test Cases/Tee/Web/Equivalence Class - good web/TC009_Out of range : Test Cases/Tee/Web/Equivalence Class - good web/TC009_Out of range  FAILED because (of) (Stack trace: com.kms.katalon.core.exception.StepFailedException: Verify element text of test object 'Object Repository/Test UI Triangle/Page_/div_Equilateral' FAILED. (Root cause: Actual text 'Isosceles' and expected text 'Out of range' of test object 'Object Repository/Test UI Triangle/Page_/div_Equilateral' are NOT matched.)
	at com.kms.katalon.core.keyword.internal.KeywordMain.stepFailed(KeywordMain.groovy:36)
	at com.kms.katalon.core.webui.keyword.internal.WebUIKeywordMain.stepFailed(WebUIKeywordMain.groovy:65)
	at com.kms.katalon.core.webui.keyword.internal.WebUIKeywordMain.runKeyword(WebUIKeywordMain.groovy:27)
	at com.kms.katalon.core.webui.keyword.builtin.VerifyElementTextKeyword.verifyElementText(VerifyElementTextKeyword.groovy:72)
	at com.kms.katalon.core.webui.keyword.builtin.VerifyElementTextKeyword.execute(VerifyElementTextKeyword.groovy:40)
	at com.kms.katalon.core.keyword.internal.KeywordExecutor.executeKeywordForPlatform(KeywordExecutor.groovy:53)
	at com.kms.katalon.core.webui.keyword.WebUiBuiltInKeywords.verifyElementText(WebUiBuiltInKeywords.groovy:3663)
	at com.kms.katalon.core.webui.keyword.WebUiBuiltInKeywords$verifyElementText$3.call(Unknown Source)
	at org.codehaus.groovy.runtime.callsite.CallSiteArray.defaultCall(CallSiteArray.java:48)
	at org.codehaus.groovy.runtime.callsite.AbstractCallSite.call(AbstractCallSite.java:113)
	at org.codehaus.groovy.runtime.callsite.AbstractCallSite.call(AbstractCallSite.java:133)
	at Script1541771976305.run(Script1541771976305.groovy:30)
	at com.kms.katalon.core.main.ScriptEngine.run(ScriptEngine.java:183)
	at com.kms.katalon.core.main.ScriptEngine.runScriptAsRawText(ScriptEngine.java:108)
	at com.kms.katalon.core.main.TestCaseExecutor.runScript(TestCaseExecutor.java:294)
	at com.kms.katalon.core.main.TestCaseExecutor.doExecute(TestCaseExecutor.java:285)
	at com.kms.katalon.core.main.TestCaseExecutor.processExecutionPhase(TestCaseExecutor.java:264)
	at com.kms.katalon.core.main.TestCaseExecutor.accessMainPhase(TestCaseExecutor.java:256)
	at com.kms.katalon.core.main.TestCaseExecutor.execute(TestCaseExecutor.java:200)
	at com.kms.katalon.core.main.TestSuiteExecutor.accessTestCaseMainPhase(TestSuiteExecutor.java:129)
	at com.kms.katalon.core.main.TestSuiteExecutor.accessTestSuiteMainPhase(TestSuiteExecutor.java:112)
	at com.kms.katalon.core.main.TestSuiteExecutor.execute(TestSuiteExecutor.java:81)
	at com.kms.katalon.core.main.TestCaseMain.startTestSuite(TestCaseMain.java:142)
	at com.kms.katalon.core.main.TestCaseMain$startTestSuite$0.call(Unknown Source)
	at org.codehaus.groovy.runtime.callsite.CallSiteArray.defaultCall(CallSiteArray.java:48)
	at org.codehaus.groovy.runtime.callsite.AbstractCallSite.call(AbstractCallSite.java:113)
	at org.codehaus.groovy.runtime.callsite.AbstractCallSite.call(AbstractCallSite.java:141)
	at TempTestSuite1541772260532.run(TempTestSuite1541772260532.groovy:36)
	at groovy.lang.GroovyShell.runScriptOrMainOrTestOrRunnable(GroovyShell.java:263)
	at groovy.lang.GroovyShell.run(GroovyShell.java:518)
	at groovy.lang.GroovyShell.run(GroovyShell.java:507)
	at groovy.ui.GroovyMain.processOnce(GroovyMain.java:653)
	at groovy.ui.GroovyMain.run(GroovyMain.java:384)
	at groovy.ui.GroovyMain.process(GroovyMain.java:370)
	at groovy.ui.GroovyMain.processArgs(GroovyMain.java:129)
	at groovy.ui.GroovyMain.main(GroovyMain.java:109)
	at sun.reflect.NativeMethodAccessorImpl.invoke0(Native Method)
	at sun.reflect.NativeMethodAccessorImpl.invoke(NativeMethodAccessorImpl.java:62)
	at sun.reflect.DelegatingMethodAccessorImpl.invoke(DelegatingMethodAccessorImpl.java:43)
	at java.lang.reflect.Method.invoke(Method.java:498)
	at org.codehaus.groovy.tools.GroovyStarter.rootLoader(GroovyStarter.java:109)
	at org.codehaus.groovy.tools.GroovyStarter.main(GroovyStarter.java:131)
)

2018-11-09 21:04:30 - [TEST_STEP][PASSED] - openBrowser: Browser is opened with url: ''

2018-11-09 21:04:30 - [MESSAGE][WARNING] - A browser is already opened. Closing browser and opening a new one

2018-11-09 21:04:31 - [MESSAGE][PASSED] - Browser is opened with url: ''

2018-11-09 21:04:31 - [TEST_STEP][PASSED] - navigateToUrl: Navigate to 'https://good-web.testing.se.nattaponra.com/' successfully

2018-11-09 21:04:33 - [MESSAGE][PASSED] - Navigate to 'https://good-web.testing.se.nattaponra.com/' successfully

2018-11-09 21:04:33 - [TEST_STEP][PASSED] - setText: Text '200' is set on object 'Object Repository/Test UI Triangle/Page_/input_ A_aSide (1)'

2018-11-09 21:04:33 - [MESSAGE][PASSED] - Text '200' is set on object 'Object Repository/Test UI Triangle/Page_/input_ A_aSide (1)'

2018-11-09 21:04:33 - [TEST_STEP][PASSED] - setText: Text '0.3' is set on object 'Object Repository/Test UI Triangle/Page_/input_ B_bSide (1)'

2018-11-09 21:04:33 - [MESSAGE][PASSED] - Text '0.3' is set on object 'Object Repository/Test UI Triangle/Page_/input_ B_bSide (1)'

2018-11-09 21:04:33 - [TEST_STEP][PASSED] - setText: Text '200' is set on object 'Object Repository/Test UI Triangle/Page_/input_ C_cSide (1)'

2018-11-09 21:04:33 - [MESSAGE][PASSED] - Text '200' is set on object 'Object Repository/Test UI Triangle/Page_/input_ C_cSide (1)'

2018-11-09 21:04:33 - [TEST_STEP][PASSED] - click: Object: 'Object Repository/Test UI Triangle/Page_/a_ (1)' is clicked on

2018-11-09 21:04:33 - [MESSAGE][PASSED] - Object: 'Object Repository/Test UI Triangle/Page_/a_ (1)' is clicked on

2018-11-09 21:04:33 - [TEST_STEP][PASSED] - click: Object: 'Object Repository/Test UI Triangle/Page_/div_Equilateral' is clicked on

2018-11-09 21:04:35 - [MESSAGE][PASSED] - Object: 'Object Repository/Test UI Triangle/Page_/div_Equilateral' is clicked on

2018-11-09 21:04:35 - [TEST_STEP][FAILED] - verifyElementText: Verify element text of test object 'Object Repository/Test UI Triangle/Page_/div_Equilateral' FAILED. (Root cause: Actual text 'Isosceles' and expected text 'Out of range' of test object 'Object Repository/Test UI Triangle/Page_/div_Equilateral' are NOT matched.)

2018-11-09 21:04:35 - [MESSAGE][FAILED] - Actual text 'Isosceles' and expected text 'Out of range' of test object 'Object Repository/Test UI Triangle/Page_/div_Equilateral' are NOT matched.
[[ATTACHMENT|/Users/tee/git/katalon-test-case/Reports/Tee/Equivalance Test Suite - good Website/20181109_210410/1541772275046.png]]

2018-11-09 21:04:35 - [MESSAGE][FAILED] - Verify element text of test object 'Object Repository/Test UI Triangle/Page_/div_Equilateral' FAILED. (Root cause: Actual text 'Isosceles' and expected text 'Out of range' of test object 'Object Repository/Test UI Triangle/Page_/div_Equilateral' are NOT matched.)
[[ATTACHMENT|/Users/tee/git/katalon-test-case/Reports/Tee/Equivalance Test Suite - good Website/20181109_210410/1541772275437.png]]]]></system-out>
         <system-err><![CDATA[2018-11-09 21:04:29 - [TEST_CASE][FAILED] - Test Cases/Tee/Web/Equivalence Class - good web/TC009_Out of range : Test Cases/Tee/Web/Equivalence Class - good web/TC009_Out of range  FAILED because (of) (Stack trace: com.kms.katalon.core.exception.StepFailedException: Verify element text of test object 'Object Repository/Test UI Triangle/Page_/div_Equilateral' FAILED. (Root cause: Actual text 'Isosceles' and expected text 'Out of range' of test object 'Object Repository/Test UI Triangle/Page_/div_Equilateral' are NOT matched.)
	at com.kms.katalon.core.keyword.internal.KeywordMain.stepFailed(KeywordMain.groovy:36)
	at com.kms.katalon.core.webui.keyword.internal.WebUIKeywordMain.stepFailed(WebUIKeywordMain.groovy:65)
	at com.kms.katalon.core.webui.keyword.internal.WebUIKeywordMain.runKeyword(WebUIKeywordMain.groovy:27)
	at com.kms.katalon.core.webui.keyword.builtin.VerifyElementTextKeyword.verifyElementText(VerifyElementTextKeyword.groovy:72)
	at com.kms.katalon.core.webui.keyword.builtin.VerifyElementTextKeyword.execute(VerifyElementTextKeyword.groovy:40)
	at com.kms.katalon.core.keyword.internal.KeywordExecutor.executeKeywordForPlatform(KeywordExecutor.groovy:53)
	at com.kms.katalon.core.webui.keyword.WebUiBuiltInKeywords.verifyElementText(WebUiBuiltInKeywords.groovy:3663)
	at com.kms.katalon.core.webui.keyword.WebUiBuiltInKeywords$verifyElementText$3.call(Unknown Source)
	at org.codehaus.groovy.runtime.callsite.CallSiteArray.defaultCall(CallSiteArray.java:48)
	at org.codehaus.groovy.runtime.callsite.AbstractCallSite.call(AbstractCallSite.java:113)
	at org.codehaus.groovy.runtime.callsite.AbstractCallSite.call(AbstractCallSite.java:133)
	at Script1541771976305.run(Script1541771976305.groovy:30)
	at com.kms.katalon.core.main.ScriptEngine.run(ScriptEngine.java:183)
	at com.kms.katalon.core.main.ScriptEngine.runScriptAsRawText(ScriptEngine.java:108)
	at com.kms.katalon.core.main.TestCaseExecutor.runScript(TestCaseExecutor.java:294)
	at com.kms.katalon.core.main.TestCaseExecutor.doExecute(TestCaseExecutor.java:285)
	at com.kms.katalon.core.main.TestCaseExecutor.processExecutionPhase(TestCaseExecutor.java:264)
	at com.kms.katalon.core.main.TestCaseExecutor.accessMainPhase(TestCaseExecutor.java:256)
	at com.kms.katalon.core.main.TestCaseExecutor.execute(TestCaseExecutor.java:200)
	at com.kms.katalon.core.main.TestSuiteExecutor.accessTestCaseMainPhase(TestSuiteExecutor.java:129)
	at com.kms.katalon.core.main.TestSuiteExecutor.accessTestSuiteMainPhase(TestSuiteExecutor.java:112)
	at com.kms.katalon.core.main.TestSuiteExecutor.execute(TestSuiteExecutor.java:81)
	at com.kms.katalon.core.main.TestCaseMain.startTestSuite(TestCaseMain.java:142)
	at com.kms.katalon.core.main.TestCaseMain$startTestSuite$0.call(Unknown Source)
	at org.codehaus.groovy.runtime.callsite.CallSiteArray.defaultCall(CallSiteArray.java:48)
	at org.codehaus.groovy.runtime.callsite.AbstractCallSite.call(AbstractCallSite.java:113)
	at org.codehaus.groovy.runtime.callsite.AbstractCallSite.call(AbstractCallSite.java:141)
	at TempTestSuite1541772260532.run(TempTestSuite1541772260532.groovy:36)
	at groovy.lang.GroovyShell.runScriptOrMainOrTestOrRunnable(GroovyShell.java:263)
	at groovy.lang.GroovyShell.run(GroovyShell.java:518)
	at groovy.lang.GroovyShell.run(GroovyShell.java:507)
	at groovy.ui.GroovyMain.processOnce(GroovyMain.java:653)
	at groovy.ui.GroovyMain.run(GroovyMain.java:384)
	at groovy.ui.GroovyMain.process(GroovyMain.java:370)
	at groovy.ui.GroovyMain.processArgs(GroovyMain.java:129)
	at groovy.ui.GroovyMain.main(GroovyMain.java:109)
	at sun.reflect.NativeMethodAccessorImpl.invoke0(Native Method)
	at sun.reflect.NativeMethodAccessorImpl.invoke(NativeMethodAccessorImpl.java:62)
	at sun.reflect.DelegatingMethodAccessorImpl.invoke(DelegatingMethodAccessorImpl.java:43)
	at java.lang.reflect.Method.invoke(Method.java:498)
	at org.codehaus.groovy.tools.GroovyStarter.rootLoader(GroovyStarter.java:109)
	at org.codehaus.groovy.tools.GroovyStarter.main(GroovyStarter.java:131)
)]]></system-err>
      </testcase>
      <testcase name="Test Cases/Tee/Web/Equivalence Class - good web/TC008_Out of range" classname="Test Cases/Tee/Web/Equivalence Class - good web/TC008_Out of range" status="FAILED">
         <failure type="FAILED" message="(Stack trace: com.kms.katalon.core.exception.StepFailedException: Verify element text of test object 'Object Repository/Test UI Triangle/Page_/div_Equilateral' FAILED. (Root cause: Actual text 'Isosceles' and expected text 'Out of range' of test object 'Object Repository/Test UI Triangle/Page_/div_Equilateral' are NOT matched.)
	at com.kms.katalon.core.keyword.internal.KeywordMain.stepFailed(KeywordMain.groovy:36)
	at com.kms.katalon.core.webui.keyword.internal.WebUIKeywordMain.stepFailed(WebUIKeywordMain.groovy:65)
	at com.kms.katalon.core.webui.keyword.internal.WebUIKeywordMain.runKeyword(WebUIKeywordMain.groovy:27)
	at com.kms.katalon.core.webui.keyword.builtin.VerifyElementTextKeyword.verifyElementText(VerifyElementTextKeyword.groovy:72)
	at com.kms.katalon.core.webui.keyword.builtin.VerifyElementTextKeyword.execute(VerifyElementTextKeyword.groovy:40)
	at com.kms.katalon.core.keyword.internal.KeywordExecutor.executeKeywordForPlatform(KeywordExecutor.groovy:53)
	at com.kms.katalon.core.webui.keyword.WebUiBuiltInKeywords.verifyElementText(WebUiBuiltInKeywords.groovy:3663)
	at com.kms.katalon.core.webui.keyword.WebUiBuiltInKeywords$verifyElementText$3.call(Unknown Source)
	at org.codehaus.groovy.runtime.callsite.CallSiteArray.defaultCall(CallSiteArray.java:48)
	at org.codehaus.groovy.runtime.callsite.AbstractCallSite.call(AbstractCallSite.java:113)
	at org.codehaus.groovy.runtime.callsite.AbstractCallSite.call(AbstractCallSite.java:133)
	at Script1541771976303.run(Script1541771976303.groovy:30)
	at com.kms.katalon.core.main.ScriptEngine.run(ScriptEngine.java:183)
	at com.kms.katalon.core.main.ScriptEngine.runScriptAsRawText(ScriptEngine.java:108)
	at com.kms.katalon.core.main.TestCaseExecutor.runScript(TestCaseExecutor.java:294)
	at com.kms.katalon.core.main.TestCaseExecutor.doExecute(TestCaseExecutor.java:285)
	at com.kms.katalon.core.main.TestCaseExecutor.processExecutionPhase(TestCaseExecutor.java:264)
	at com.kms.katalon.core.main.TestCaseExecutor.accessMainPhase(TestCaseExecutor.java:256)
	at com.kms.katalon.core.main.TestCaseExecutor.execute(TestCaseExecutor.java:200)
	at com.kms.katalon.core.main.TestSuiteExecutor.accessTestCaseMainPhase(TestSuiteExecutor.java:129)
	at com.kms.katalon.core.main.TestSuiteExecutor.accessTestSuiteMainPhase(TestSuiteExecutor.java:112)
	at com.kms.katalon.core.main.TestSuiteExecutor.execute(TestSuiteExecutor.java:81)
	at com.kms.katalon.core.main.TestCaseMain.startTestSuite(TestCaseMain.java:142)
	at com.kms.katalon.core.main.TestCaseMain$startTestSuite$0.call(Unknown Source)
	at org.codehaus.groovy.runtime.callsite.CallSiteArray.defaultCall(CallSiteArray.java:48)
	at org.codehaus.groovy.runtime.callsite.AbstractCallSite.call(AbstractCallSite.java:113)
	at org.codehaus.groovy.runtime.callsite.AbstractCallSite.call(AbstractCallSite.java:141)
	at TempTestSuite1541772260532.run(TempTestSuite1541772260532.groovy:36)
	at groovy.lang.GroovyShell.runScriptOrMainOrTestOrRunnable(GroovyShell.java:263)
	at groovy.lang.GroovyShell.run(GroovyShell.java:518)
	at groovy.lang.GroovyShell.run(GroovyShell.java:507)
	at groovy.ui.GroovyMain.processOnce(GroovyMain.java:653)
	at groovy.ui.GroovyMain.run(GroovyMain.java:384)
	at groovy.ui.GroovyMain.process(GroovyMain.java:370)
	at groovy.ui.GroovyMain.processArgs(GroovyMain.java:129)
	at groovy.ui.GroovyMain.main(GroovyMain.java:109)
	at sun.reflect.NativeMethodAccessorImpl.invoke0(Native Method)
	at sun.reflect.NativeMethodAccessorImpl.invoke(NativeMethodAccessorImpl.java:62)
	at sun.reflect.DelegatingMethodAccessorImpl.invoke(DelegatingMethodAccessorImpl.java:43)
	at java.lang.reflect.Method.invoke(Method.java:498)
	at org.codehaus.groovy.tools.GroovyStarter.rootLoader(GroovyStarter.java:109)
	at org.codehaus.groovy.tools.GroovyStarter.main(GroovyStarter.java:131)
)"/>
         <system-out><![CDATA[2018-11-09 21:04:35 - [TEST_CASE][FAILED] - Test Cases/Tee/Web/Equivalence Class - good web/TC008_Out of range: Test Cases/Tee/Web/Equivalence Class - good web/TC008_Out of range FAILED because (of) (Stack trace: com.kms.katalon.core.exception.StepFailedException: Verify element text of test object 'Object Repository/Test UI Triangle/Page_/div_Equilateral' FAILED. (Root cause: Actual text 'Isosceles' and expected text 'Out of range' of test object 'Object Repository/Test UI Triangle/Page_/div_Equilateral' are NOT matched.)
	at com.kms.katalon.core.keyword.internal.KeywordMain.stepFailed(KeywordMain.groovy:36)
	at com.kms.katalon.core.webui.keyword.internal.WebUIKeywordMain.stepFailed(WebUIKeywordMain.groovy:65)
	at com.kms.katalon.core.webui.keyword.internal.WebUIKeywordMain.runKeyword(WebUIKeywordMain.groovy:27)
	at com.kms.katalon.core.webui.keyword.builtin.VerifyElementTextKeyword.verifyElementText(VerifyElementTextKeyword.groovy:72)
	at com.kms.katalon.core.webui.keyword.builtin.VerifyElementTextKeyword.execute(VerifyElementTextKeyword.groovy:40)
	at com.kms.katalon.core.keyword.internal.KeywordExecutor.executeKeywordForPlatform(KeywordExecutor.groovy:53)
	at com.kms.katalon.core.webui.keyword.WebUiBuiltInKeywords.verifyElementText(WebUiBuiltInKeywords.groovy:3663)
	at com.kms.katalon.core.webui.keyword.WebUiBuiltInKeywords$verifyElementText$3.call(Unknown Source)
	at org.codehaus.groovy.runtime.callsite.CallSiteArray.defaultCall(CallSiteArray.java:48)
	at org.codehaus.groovy.runtime.callsite.AbstractCallSite.call(AbstractCallSite.java:113)
	at org.codehaus.groovy.runtime.callsite.AbstractCallSite.call(AbstractCallSite.java:133)
	at Script1541771976303.run(Script1541771976303.groovy:30)
	at com.kms.katalon.core.main.ScriptEngine.run(ScriptEngine.java:183)
	at com.kms.katalon.core.main.ScriptEngine.runScriptAsRawText(ScriptEngine.java:108)
	at com.kms.katalon.core.main.TestCaseExecutor.runScript(TestCaseExecutor.java:294)
	at com.kms.katalon.core.main.TestCaseExecutor.doExecute(TestCaseExecutor.java:285)
	at com.kms.katalon.core.main.TestCaseExecutor.processExecutionPhase(TestCaseExecutor.java:264)
	at com.kms.katalon.core.main.TestCaseExecutor.accessMainPhase(TestCaseExecutor.java:256)
	at com.kms.katalon.core.main.TestCaseExecutor.execute(TestCaseExecutor.java:200)
	at com.kms.katalon.core.main.TestSuiteExecutor.accessTestCaseMainPhase(TestSuiteExecutor.java:129)
	at com.kms.katalon.core.main.TestSuiteExecutor.accessTestSuiteMainPhase(TestSuiteExecutor.java:112)
	at com.kms.katalon.core.main.TestSuiteExecutor.execute(TestSuiteExecutor.java:81)
	at com.kms.katalon.core.main.TestCaseMain.startTestSuite(TestCaseMain.java:142)
	at com.kms.katalon.core.main.TestCaseMain$startTestSuite$0.call(Unknown Source)
	at org.codehaus.groovy.runtime.callsite.CallSiteArray.defaultCall(CallSiteArray.java:48)
	at org.codehaus.groovy.runtime.callsite.AbstractCallSite.call(AbstractCallSite.java:113)
	at org.codehaus.groovy.runtime.callsite.AbstractCallSite.call(AbstractCallSite.java:141)
	at TempTestSuite1541772260532.run(TempTestSuite1541772260532.groovy:36)
	at groovy.lang.GroovyShell.runScriptOrMainOrTestOrRunnable(GroovyShell.java:263)
	at groovy.lang.GroovyShell.run(GroovyShell.java:518)
	at groovy.lang.GroovyShell.run(GroovyShell.java:507)
	at groovy.ui.GroovyMain.processOnce(GroovyMain.java:653)
	at groovy.ui.GroovyMain.run(GroovyMain.java:384)
	at groovy.ui.GroovyMain.process(GroovyMain.java:370)
	at groovy.ui.GroovyMain.processArgs(GroovyMain.java:129)
	at groovy.ui.GroovyMain.main(GroovyMain.java:109)
	at sun.reflect.NativeMethodAccessorImpl.invoke0(Native Method)
	at sun.reflect.NativeMethodAccessorImpl.invoke(NativeMethodAccessorImpl.java:62)
	at sun.reflect.DelegatingMethodAccessorImpl.invoke(DelegatingMethodAccessorImpl.java:43)
	at java.lang.reflect.Method.invoke(Method.java:498)
	at org.codehaus.groovy.tools.GroovyStarter.rootLoader(GroovyStarter.java:109)
	at org.codehaus.groovy.tools.GroovyStarter.main(GroovyStarter.java:131)
)

2018-11-09 21:04:35 - [TEST_STEP][PASSED] - openBrowser: Browser is opened with url: ''

2018-11-09 21:04:35 - [MESSAGE][WARNING] - A browser is already opened. Closing browser and opening a new one

2018-11-09 21:04:37 - [MESSAGE][PASSED] - Browser is opened with url: ''

2018-11-09 21:04:37 - [TEST_STEP][PASSED] - navigateToUrl: Navigate to 'https://good-web.testing.se.nattaponra.com/' successfully

2018-11-09 21:04:39 - [MESSAGE][PASSED] - Navigate to 'https://good-web.testing.se.nattaponra.com/' successfully

2018-11-09 21:04:39 - [TEST_STEP][PASSED] - setText: Text '200' is set on object 'Object Repository/Test UI Triangle/Page_/input_ A_aSide (1)'

2018-11-09 21:04:39 - [MESSAGE][PASSED] - Text '200' is set on object 'Object Repository/Test UI Triangle/Page_/input_ A_aSide (1)'

2018-11-09 21:04:39 - [TEST_STEP][PASSED] - setText: Text '200' is set on object 'Object Repository/Test UI Triangle/Page_/input_ B_bSide (1)'

2018-11-09 21:04:39 - [MESSAGE][PASSED] - Text '200' is set on object 'Object Repository/Test UI Triangle/Page_/input_ B_bSide (1)'

2018-11-09 21:04:39 - [TEST_STEP][PASSED] - setText: Text '0.3' is set on object 'Object Repository/Test UI Triangle/Page_/input_ C_cSide (1)'

2018-11-09 21:04:39 - [MESSAGE][PASSED] - Text '0.3' is set on object 'Object Repository/Test UI Triangle/Page_/input_ C_cSide (1)'

2018-11-09 21:04:39 - [TEST_STEP][PASSED] - click: Object: 'Object Repository/Test UI Triangle/Page_/a_ (1)' is clicked on

2018-11-09 21:04:42 - [MESSAGE][PASSED] - Object: 'Object Repository/Test UI Triangle/Page_/a_ (1)' is clicked on

2018-11-09 21:04:42 - [TEST_STEP][PASSED] - click: Object: 'Object Repository/Test UI Triangle/Page_/div_Equilateral' is clicked on

2018-11-09 21:04:48 - [MESSAGE][PASSED] - Object: 'Object Repository/Test UI Triangle/Page_/div_Equilateral' is clicked on

2018-11-09 21:04:48 - [TEST_STEP][FAILED] - verifyElementText: Verify element text of test object 'Object Repository/Test UI Triangle/Page_/div_Equilateral' FAILED. (Root cause: Actual text 'Isosceles' and expected text 'Out of range' of test object 'Object Repository/Test UI Triangle/Page_/div_Equilateral' are NOT matched.)

2018-11-09 21:04:49 - [MESSAGE][FAILED] - Actual text 'Isosceles' and expected text 'Out of range' of test object 'Object Repository/Test UI Triangle/Page_/div_Equilateral' are NOT matched.
[[ATTACHMENT|/Users/tee/git/katalon-test-case/Reports/Tee/Equivalance Test Suite - good Website/20181109_210410/1541772288641.png]]

2018-11-09 21:04:49 - [MESSAGE][FAILED] - Verify element text of test object 'Object Repository/Test UI Triangle/Page_/div_Equilateral' FAILED. (Root cause: Actual text 'Isosceles' and expected text 'Out of range' of test object 'Object Repository/Test UI Triangle/Page_/div_Equilateral' are NOT matched.)
[[ATTACHMENT|/Users/tee/git/katalon-test-case/Reports/Tee/Equivalance Test Suite - good Website/20181109_210410/1541772289249.png]]]]></system-out>
         <system-err><![CDATA[2018-11-09 21:04:35 - [TEST_CASE][FAILED] - Test Cases/Tee/Web/Equivalence Class - good web/TC008_Out of range: Test Cases/Tee/Web/Equivalence Class - good web/TC008_Out of range FAILED because (of) (Stack trace: com.kms.katalon.core.exception.StepFailedException: Verify element text of test object 'Object Repository/Test UI Triangle/Page_/div_Equilateral' FAILED. (Root cause: Actual text 'Isosceles' and expected text 'Out of range' of test object 'Object Repository/Test UI Triangle/Page_/div_Equilateral' are NOT matched.)
	at com.kms.katalon.core.keyword.internal.KeywordMain.stepFailed(KeywordMain.groovy:36)
	at com.kms.katalon.core.webui.keyword.internal.WebUIKeywordMain.stepFailed(WebUIKeywordMain.groovy:65)
	at com.kms.katalon.core.webui.keyword.internal.WebUIKeywordMain.runKeyword(WebUIKeywordMain.groovy:27)
	at com.kms.katalon.core.webui.keyword.builtin.VerifyElementTextKeyword.verifyElementText(VerifyElementTextKeyword.groovy:72)
	at com.kms.katalon.core.webui.keyword.builtin.VerifyElementTextKeyword.execute(VerifyElementTextKeyword.groovy:40)
	at com.kms.katalon.core.keyword.internal.KeywordExecutor.executeKeywordForPlatform(KeywordExecutor.groovy:53)
	at com.kms.katalon.core.webui.keyword.WebUiBuiltInKeywords.verifyElementText(WebUiBuiltInKeywords.groovy:3663)
	at com.kms.katalon.core.webui.keyword.WebUiBuiltInKeywords$verifyElementText$3.call(Unknown Source)
	at org.codehaus.groovy.runtime.callsite.CallSiteArray.defaultCall(CallSiteArray.java:48)
	at org.codehaus.groovy.runtime.callsite.AbstractCallSite.call(AbstractCallSite.java:113)
	at org.codehaus.groovy.runtime.callsite.AbstractCallSite.call(AbstractCallSite.java:133)
	at Script1541771976303.run(Script1541771976303.groovy:30)
	at com.kms.katalon.core.main.ScriptEngine.run(ScriptEngine.java:183)
	at com.kms.katalon.core.main.ScriptEngine.runScriptAsRawText(ScriptEngine.java:108)
	at com.kms.katalon.core.main.TestCaseExecutor.runScript(TestCaseExecutor.java:294)
	at com.kms.katalon.core.main.TestCaseExecutor.doExecute(TestCaseExecutor.java:285)
	at com.kms.katalon.core.main.TestCaseExecutor.processExecutionPhase(TestCaseExecutor.java:264)
	at com.kms.katalon.core.main.TestCaseExecutor.accessMainPhase(TestCaseExecutor.java:256)
	at com.kms.katalon.core.main.TestCaseExecutor.execute(TestCaseExecutor.java:200)
	at com.kms.katalon.core.main.TestSuiteExecutor.accessTestCaseMainPhase(TestSuiteExecutor.java:129)
	at com.kms.katalon.core.main.TestSuiteExecutor.accessTestSuiteMainPhase(TestSuiteExecutor.java:112)
	at com.kms.katalon.core.main.TestSuiteExecutor.execute(TestSuiteExecutor.java:81)
	at com.kms.katalon.core.main.TestCaseMain.startTestSuite(TestCaseMain.java:142)
	at com.kms.katalon.core.main.TestCaseMain$startTestSuite$0.call(Unknown Source)
	at org.codehaus.groovy.runtime.callsite.CallSiteArray.defaultCall(CallSiteArray.java:48)
	at org.codehaus.groovy.runtime.callsite.AbstractCallSite.call(AbstractCallSite.java:113)
	at org.codehaus.groovy.runtime.callsite.AbstractCallSite.call(AbstractCallSite.java:141)
	at TempTestSuite1541772260532.run(TempTestSuite1541772260532.groovy:36)
	at groovy.lang.GroovyShell.runScriptOrMainOrTestOrRunnable(GroovyShell.java:263)
	at groovy.lang.GroovyShell.run(GroovyShell.java:518)
	at groovy.lang.GroovyShell.run(GroovyShell.java:507)
	at groovy.ui.GroovyMain.processOnce(GroovyMain.java:653)
	at groovy.ui.GroovyMain.run(GroovyMain.java:384)
	at groovy.ui.GroovyMain.process(GroovyMain.java:370)
	at groovy.ui.GroovyMain.processArgs(GroovyMain.java:129)
	at groovy.ui.GroovyMain.main(GroovyMain.java:109)
	at sun.reflect.NativeMethodAccessorImpl.invoke0(Native Method)
	at sun.reflect.NativeMethodAccessorImpl.invoke(NativeMethodAccessorImpl.java:62)
	at sun.reflect.DelegatingMethodAccessorImpl.invoke(DelegatingMethodAccessorImpl.java:43)
	at java.lang.reflect.Method.invoke(Method.java:498)
	at org.codehaus.groovy.tools.GroovyStarter.rootLoader(GroovyStarter.java:109)
	at org.codehaus.groovy.tools.GroovyStarter.main(GroovyStarter.java:131)
)]]></system-err>
      </testcase>
      <testcase name="Test Cases/Tee/Web/Equivalence Class - good web/TC011_Out of range" classname="Test Cases/Tee/Web/Equivalence Class - good web/TC011_Out of range" status="FAILED">
         <failure type="FAILED" message="(Stack trace: com.kms.katalon.core.exception.StepFailedException: Verify element text of test object 'Object Repository/Test UI Triangle/Page_/div_Equilateral' FAILED. (Root cause: Actual text 'Isosceles' and expected text 'Out of range' of test object 'Object Repository/Test UI Triangle/Page_/div_Equilateral' are NOT matched.)
	at com.kms.katalon.core.keyword.internal.KeywordMain.stepFailed(KeywordMain.groovy:36)
	at com.kms.katalon.core.webui.keyword.internal.WebUIKeywordMain.stepFailed(WebUIKeywordMain.groovy:65)
	at com.kms.katalon.core.webui.keyword.internal.WebUIKeywordMain.runKeyword(WebUIKeywordMain.groovy:27)
	at com.kms.katalon.core.webui.keyword.builtin.VerifyElementTextKeyword.verifyElementText(VerifyElementTextKeyword.groovy:72)
	at com.kms.katalon.core.webui.keyword.builtin.VerifyElementTextKeyword.execute(VerifyElementTextKeyword.groovy:40)
	at com.kms.katalon.core.keyword.internal.KeywordExecutor.executeKeywordForPlatform(KeywordExecutor.groovy:53)
	at com.kms.katalon.core.webui.keyword.WebUiBuiltInKeywords.verifyElementText(WebUiBuiltInKeywords.groovy:3663)
	at com.kms.katalon.core.webui.keyword.WebUiBuiltInKeywords$verifyElementText$3.call(Unknown Source)
	at org.codehaus.groovy.runtime.callsite.CallSiteArray.defaultCall(CallSiteArray.java:48)
	at org.codehaus.groovy.runtime.callsite.AbstractCallSite.call(AbstractCallSite.java:113)
	at org.codehaus.groovy.runtime.callsite.AbstractCallSite.call(AbstractCallSite.java:133)
	at Script1541771976300.run(Script1541771976300.groovy:30)
	at com.kms.katalon.core.main.ScriptEngine.run(ScriptEngine.java:183)
	at com.kms.katalon.core.main.ScriptEngine.runScriptAsRawText(ScriptEngine.java:108)
	at com.kms.katalon.core.main.TestCaseExecutor.runScript(TestCaseExecutor.java:294)
	at com.kms.katalon.core.main.TestCaseExecutor.doExecute(TestCaseExecutor.java:285)
	at com.kms.katalon.core.main.TestCaseExecutor.processExecutionPhase(TestCaseExecutor.java:264)
	at com.kms.katalon.core.main.TestCaseExecutor.accessMainPhase(TestCaseExecutor.java:256)
	at com.kms.katalon.core.main.TestCaseExecutor.execute(TestCaseExecutor.java:200)
	at com.kms.katalon.core.main.TestSuiteExecutor.accessTestCaseMainPhase(TestSuiteExecutor.java:129)
	at com.kms.katalon.core.main.TestSuiteExecutor.accessTestSuiteMainPhase(TestSuiteExecutor.java:112)
	at com.kms.katalon.core.main.TestSuiteExecutor.execute(TestSuiteExecutor.java:81)
	at com.kms.katalon.core.main.TestCaseMain.startTestSuite(TestCaseMain.java:142)
	at com.kms.katalon.core.main.TestCaseMain$startTestSuite$0.call(Unknown Source)
	at org.codehaus.groovy.runtime.callsite.CallSiteArray.defaultCall(CallSiteArray.java:48)
	at org.codehaus.groovy.runtime.callsite.AbstractCallSite.call(AbstractCallSite.java:113)
	at org.codehaus.groovy.runtime.callsite.AbstractCallSite.call(AbstractCallSite.java:141)
	at TempTestSuite1541772260532.run(TempTestSuite1541772260532.groovy:36)
	at groovy.lang.GroovyShell.runScriptOrMainOrTestOrRunnable(GroovyShell.java:263)
	at groovy.lang.GroovyShell.run(GroovyShell.java:518)
	at groovy.lang.GroovyShell.run(GroovyShell.java:507)
	at groovy.ui.GroovyMain.processOnce(GroovyMain.java:653)
	at groovy.ui.GroovyMain.run(GroovyMain.java:384)
	at groovy.ui.GroovyMain.process(GroovyMain.java:370)
	at groovy.ui.GroovyMain.processArgs(GroovyMain.java:129)
	at groovy.ui.GroovyMain.main(GroovyMain.java:109)
	at sun.reflect.NativeMethodAccessorImpl.invoke0(Native Method)
	at sun.reflect.NativeMethodAccessorImpl.invoke(NativeMethodAccessorImpl.java:62)
	at sun.reflect.DelegatingMethodAccessorImpl.invoke(DelegatingMethodAccessorImpl.java:43)
	at java.lang.reflect.Method.invoke(Method.java:498)
	at org.codehaus.groovy.tools.GroovyStarter.rootLoader(GroovyStarter.java:109)
	at org.codehaus.groovy.tools.GroovyStarter.main(GroovyStarter.java:131)
)"/>
         <system-out><![CDATA[2018-11-09 21:04:49 - [TEST_CASE][FAILED] - Test Cases/Tee/Web/Equivalence Class - good web/TC011_Out of range: Test Cases/Tee/Web/Equivalence Class - good web/TC011_Out of range FAILED because (of) (Stack trace: com.kms.katalon.core.exception.StepFailedException: Verify element text of test object 'Object Repository/Test UI Triangle/Page_/div_Equilateral' FAILED. (Root cause: Actual text 'Isosceles' and expected text 'Out of range' of test object 'Object Repository/Test UI Triangle/Page_/div_Equilateral' are NOT matched.)
	at com.kms.katalon.core.keyword.internal.KeywordMain.stepFailed(KeywordMain.groovy:36)
	at com.kms.katalon.core.webui.keyword.internal.WebUIKeywordMain.stepFailed(WebUIKeywordMain.groovy:65)
	at com.kms.katalon.core.webui.keyword.internal.WebUIKeywordMain.runKeyword(WebUIKeywordMain.groovy:27)
	at com.kms.katalon.core.webui.keyword.builtin.VerifyElementTextKeyword.verifyElementText(VerifyElementTextKeyword.groovy:72)
	at com.kms.katalon.core.webui.keyword.builtin.VerifyElementTextKeyword.execute(VerifyElementTextKeyword.groovy:40)
	at com.kms.katalon.core.keyword.internal.KeywordExecutor.executeKeywordForPlatform(KeywordExecutor.groovy:53)
	at com.kms.katalon.core.webui.keyword.WebUiBuiltInKeywords.verifyElementText(WebUiBuiltInKeywords.groovy:3663)
	at com.kms.katalon.core.webui.keyword.WebUiBuiltInKeywords$verifyElementText$3.call(Unknown Source)
	at org.codehaus.groovy.runtime.callsite.CallSiteArray.defaultCall(CallSiteArray.java:48)
	at org.codehaus.groovy.runtime.callsite.AbstractCallSite.call(AbstractCallSite.java:113)
	at org.codehaus.groovy.runtime.callsite.AbstractCallSite.call(AbstractCallSite.java:133)
	at Script1541771976300.run(Script1541771976300.groovy:30)
	at com.kms.katalon.core.main.ScriptEngine.run(ScriptEngine.java:183)
	at com.kms.katalon.core.main.ScriptEngine.runScriptAsRawText(ScriptEngine.java:108)
	at com.kms.katalon.core.main.TestCaseExecutor.runScript(TestCaseExecutor.java:294)
	at com.kms.katalon.core.main.TestCaseExecutor.doExecute(TestCaseExecutor.java:285)
	at com.kms.katalon.core.main.TestCaseExecutor.processExecutionPhase(TestCaseExecutor.java:264)
	at com.kms.katalon.core.main.TestCaseExecutor.accessMainPhase(TestCaseExecutor.java:256)
	at com.kms.katalon.core.main.TestCaseExecutor.execute(TestCaseExecutor.java:200)
	at com.kms.katalon.core.main.TestSuiteExecutor.accessTestCaseMainPhase(TestSuiteExecutor.java:129)
	at com.kms.katalon.core.main.TestSuiteExecutor.accessTestSuiteMainPhase(TestSuiteExecutor.java:112)
	at com.kms.katalon.core.main.TestSuiteExecutor.execute(TestSuiteExecutor.java:81)
	at com.kms.katalon.core.main.TestCaseMain.startTestSuite(TestCaseMain.java:142)
	at com.kms.katalon.core.main.TestCaseMain$startTestSuite$0.call(Unknown Source)
	at org.codehaus.groovy.runtime.callsite.CallSiteArray.defaultCall(CallSiteArray.java:48)
	at org.codehaus.groovy.runtime.callsite.AbstractCallSite.call(AbstractCallSite.java:113)
	at org.codehaus.groovy.runtime.callsite.AbstractCallSite.call(AbstractCallSite.java:141)
	at TempTestSuite1541772260532.run(TempTestSuite1541772260532.groovy:36)
	at groovy.lang.GroovyShell.runScriptOrMainOrTestOrRunnable(GroovyShell.java:263)
	at groovy.lang.GroovyShell.run(GroovyShell.java:518)
	at groovy.lang.GroovyShell.run(GroovyShell.java:507)
	at groovy.ui.GroovyMain.processOnce(GroovyMain.java:653)
	at groovy.ui.GroovyMain.run(GroovyMain.java:384)
	at groovy.ui.GroovyMain.process(GroovyMain.java:370)
	at groovy.ui.GroovyMain.processArgs(GroovyMain.java:129)
	at groovy.ui.GroovyMain.main(GroovyMain.java:109)
	at sun.reflect.NativeMethodAccessorImpl.invoke0(Native Method)
	at sun.reflect.NativeMethodAccessorImpl.invoke(NativeMethodAccessorImpl.java:62)
	at sun.reflect.DelegatingMethodAccessorImpl.invoke(DelegatingMethodAccessorImpl.java:43)
	at java.lang.reflect.Method.invoke(Method.java:498)
	at org.codehaus.groovy.tools.GroovyStarter.rootLoader(GroovyStarter.java:109)
	at org.codehaus.groovy.tools.GroovyStarter.main(GroovyStarter.java:131)
)

2018-11-09 21:04:49 - [TEST_STEP][PASSED] - openBrowser: Browser is opened with url: ''

2018-11-09 21:04:49 - [MESSAGE][WARNING] - A browser is already opened. Closing browser and opening a new one

2018-11-09 21:04:51 - [MESSAGE][PASSED] - Browser is opened with url: ''

2018-11-09 21:04:51 - [TEST_STEP][PASSED] - navigateToUrl: Navigate to 'https://good-web.testing.se.nattaponra.com/' successfully

2018-11-09 21:04:53 - [MESSAGE][PASSED] - Navigate to 'https://good-web.testing.se.nattaponra.com/' successfully

2018-11-09 21:04:53 - [TEST_STEP][PASSED] - setText: Text '200' is set on object 'Object Repository/Test UI Triangle/Page_/input_ A_aSide (1)'

2018-11-09 21:04:54 - [MESSAGE][PASSED] - Text '200' is set on object 'Object Repository/Test UI Triangle/Page_/input_ A_aSide (1)'

2018-11-09 21:04:54 - [TEST_STEP][PASSED] - setText: Text '200' is set on object 'Object Repository/Test UI Triangle/Page_/input_ B_bSide (1)'

2018-11-09 21:04:54 - [MESSAGE][PASSED] - Text '200' is set on object 'Object Repository/Test UI Triangle/Page_/input_ B_bSide (1)'

2018-11-09 21:04:54 - [TEST_STEP][PASSED] - setText: Text '201' is set on object 'Object Repository/Test UI Triangle/Page_/input_ C_cSide (1)'

2018-11-09 21:04:54 - [MESSAGE][PASSED] - Text '201' is set on object 'Object Repository/Test UI Triangle/Page_/input_ C_cSide (1)'

2018-11-09 21:04:54 - [TEST_STEP][PASSED] - click: Object: 'Object Repository/Test UI Triangle/Page_/a_ (1)' is clicked on

2018-11-09 21:04:56 - [MESSAGE][PASSED] - Object: 'Object Repository/Test UI Triangle/Page_/a_ (1)' is clicked on

2018-11-09 21:04:56 - [TEST_STEP][PASSED] - click: Object: 'Object Repository/Test UI Triangle/Page_/div_Equilateral' is clicked on

2018-11-09 21:05:02 - [MESSAGE][PASSED] - Object: 'Object Repository/Test UI Triangle/Page_/div_Equilateral' is clicked on

2018-11-09 21:05:02 - [TEST_STEP][FAILED] - verifyElementText: Verify element text of test object 'Object Repository/Test UI Triangle/Page_/div_Equilateral' FAILED. (Root cause: Actual text 'Isosceles' and expected text 'Out of range' of test object 'Object Repository/Test UI Triangle/Page_/div_Equilateral' are NOT matched.)

2018-11-09 21:05:03 - [MESSAGE][FAILED] - Actual text 'Isosceles' and expected text 'Out of range' of test object 'Object Repository/Test UI Triangle/Page_/div_Equilateral' are NOT matched.
[[ATTACHMENT|/Users/tee/git/katalon-test-case/Reports/Tee/Equivalance Test Suite - good Website/20181109_210410/1541772302675.png]]

2018-11-09 21:05:03 - [MESSAGE][FAILED] - Verify element text of test object 'Object Repository/Test UI Triangle/Page_/div_Equilateral' FAILED. (Root cause: Actual text 'Isosceles' and expected text 'Out of range' of test object 'Object Repository/Test UI Triangle/Page_/div_Equilateral' are NOT matched.)
[[ATTACHMENT|/Users/tee/git/katalon-test-case/Reports/Tee/Equivalance Test Suite - good Website/20181109_210410/1541772303266.png]]]]></system-out>
         <system-err><![CDATA[2018-11-09 21:04:49 - [TEST_CASE][FAILED] - Test Cases/Tee/Web/Equivalence Class - good web/TC011_Out of range: Test Cases/Tee/Web/Equivalence Class - good web/TC011_Out of range FAILED because (of) (Stack trace: com.kms.katalon.core.exception.StepFailedException: Verify element text of test object 'Object Repository/Test UI Triangle/Page_/div_Equilateral' FAILED. (Root cause: Actual text 'Isosceles' and expected text 'Out of range' of test object 'Object Repository/Test UI Triangle/Page_/div_Equilateral' are NOT matched.)
	at com.kms.katalon.core.keyword.internal.KeywordMain.stepFailed(KeywordMain.groovy:36)
	at com.kms.katalon.core.webui.keyword.internal.WebUIKeywordMain.stepFailed(WebUIKeywordMain.groovy:65)
	at com.kms.katalon.core.webui.keyword.internal.WebUIKeywordMain.runKeyword(WebUIKeywordMain.groovy:27)
	at com.kms.katalon.core.webui.keyword.builtin.VerifyElementTextKeyword.verifyElementText(VerifyElementTextKeyword.groovy:72)
	at com.kms.katalon.core.webui.keyword.builtin.VerifyElementTextKeyword.execute(VerifyElementTextKeyword.groovy:40)
	at com.kms.katalon.core.keyword.internal.KeywordExecutor.executeKeywordForPlatform(KeywordExecutor.groovy:53)
	at com.kms.katalon.core.webui.keyword.WebUiBuiltInKeywords.verifyElementText(WebUiBuiltInKeywords.groovy:3663)
	at com.kms.katalon.core.webui.keyword.WebUiBuiltInKeywords$verifyElementText$3.call(Unknown Source)
	at org.codehaus.groovy.runtime.callsite.CallSiteArray.defaultCall(CallSiteArray.java:48)
	at org.codehaus.groovy.runtime.callsite.AbstractCallSite.call(AbstractCallSite.java:113)
	at org.codehaus.groovy.runtime.callsite.AbstractCallSite.call(AbstractCallSite.java:133)
	at Script1541771976300.run(Script1541771976300.groovy:30)
	at com.kms.katalon.core.main.ScriptEngine.run(ScriptEngine.java:183)
	at com.kms.katalon.core.main.ScriptEngine.runScriptAsRawText(ScriptEngine.java:108)
	at com.kms.katalon.core.main.TestCaseExecutor.runScript(TestCaseExecutor.java:294)
	at com.kms.katalon.core.main.TestCaseExecutor.doExecute(TestCaseExecutor.java:285)
	at com.kms.katalon.core.main.TestCaseExecutor.processExecutionPhase(TestCaseExecutor.java:264)
	at com.kms.katalon.core.main.TestCaseExecutor.accessMainPhase(TestCaseExecutor.java:256)
	at com.kms.katalon.core.main.TestCaseExecutor.execute(TestCaseExecutor.java:200)
	at com.kms.katalon.core.main.TestSuiteExecutor.accessTestCaseMainPhase(TestSuiteExecutor.java:129)
	at com.kms.katalon.core.main.TestSuiteExecutor.accessTestSuiteMainPhase(TestSuiteExecutor.java:112)
	at com.kms.katalon.core.main.TestSuiteExecutor.execute(TestSuiteExecutor.java:81)
	at com.kms.katalon.core.main.TestCaseMain.startTestSuite(TestCaseMain.java:142)
	at com.kms.katalon.core.main.TestCaseMain$startTestSuite$0.call(Unknown Source)
	at org.codehaus.groovy.runtime.callsite.CallSiteArray.defaultCall(CallSiteArray.java:48)
	at org.codehaus.groovy.runtime.callsite.AbstractCallSite.call(AbstractCallSite.java:113)
	at org.codehaus.groovy.runtime.callsite.AbstractCallSite.call(AbstractCallSite.java:141)
	at TempTestSuite1541772260532.run(TempTestSuite1541772260532.groovy:36)
	at groovy.lang.GroovyShell.runScriptOrMainOrTestOrRunnable(GroovyShell.java:263)
	at groovy.lang.GroovyShell.run(GroovyShell.java:518)
	at groovy.lang.GroovyShell.run(GroovyShell.java:507)
	at groovy.ui.GroovyMain.processOnce(GroovyMain.java:653)
	at groovy.ui.GroovyMain.run(GroovyMain.java:384)
	at groovy.ui.GroovyMain.process(GroovyMain.java:370)
	at groovy.ui.GroovyMain.processArgs(GroovyMain.java:129)
	at groovy.ui.GroovyMain.main(GroovyMain.java:109)
	at sun.reflect.NativeMethodAccessorImpl.invoke0(Native Method)
	at sun.reflect.NativeMethodAccessorImpl.invoke(NativeMethodAccessorImpl.java:62)
	at sun.reflect.DelegatingMethodAccessorImpl.invoke(DelegatingMethodAccessorImpl.java:43)
	at java.lang.reflect.Method.invoke(Method.java:498)
	at org.codehaus.groovy.tools.GroovyStarter.rootLoader(GroovyStarter.java:109)
	at org.codehaus.groovy.tools.GroovyStarter.main(GroovyStarter.java:131)
)]]></system-err>
      </testcase>
      <testcase name="Test Cases/Tee/Web/Equivalence Class - good web/TC001_Equilateral" classname="Test Cases/Tee/Web/Equivalence Class - good web/TC001_Equilateral" status="PASSED">
         <system-out><![CDATA[2018-11-09 21:05:03 - [TEST_CASE][PASSED] - Test Cases/Tee/Web/Equivalence Class - good web/TC001_Equilateral: Test Cases/Tee/Web/Equivalence Class - good web/TC001_Equilateral

2018-11-09 21:05:03 - [TEST_STEP][PASSED] - openBrowser: Browser is opened with url: ''

2018-11-09 21:05:03 - [MESSAGE][WARNING] - A browser is already opened. Closing browser and opening a new one

2018-11-09 21:05:04 - [MESSAGE][PASSED] - Browser is opened with url: ''

2018-11-09 21:05:04 - [TEST_STEP][PASSED] - navigateToUrl: Navigate to 'https://good-web.testing.se.nattaponra.com/' successfully

2018-11-09 21:05:07 - [MESSAGE][PASSED] - Navigate to 'https://good-web.testing.se.nattaponra.com/' successfully

2018-11-09 21:05:07 - [TEST_STEP][PASSED] - setText: Text '100' is set on object 'Object Repository/Test UI Triangle/Page_/input_ A_aSide (1)'

2018-11-09 21:05:07 - [MESSAGE][PASSED] - Text '100' is set on object 'Object Repository/Test UI Triangle/Page_/input_ A_aSide (1)'

2018-11-09 21:05:07 - [TEST_STEP][PASSED] - setText: Text '100' is set on object 'Object Repository/Test UI Triangle/Page_/input_ B_bSide (1)'

2018-11-09 21:05:07 - [MESSAGE][PASSED] - Text '100' is set on object 'Object Repository/Test UI Triangle/Page_/input_ B_bSide (1)'

2018-11-09 21:05:07 - [TEST_STEP][PASSED] - setText: Text '100' is set on object 'Object Repository/Test UI Triangle/Page_/input_ C_cSide (1)'

2018-11-09 21:05:07 - [MESSAGE][PASSED] - Text '100' is set on object 'Object Repository/Test UI Triangle/Page_/input_ C_cSide (1)'

2018-11-09 21:05:07 - [TEST_STEP][PASSED] - click: Object: 'Object Repository/Test UI Triangle/Page_/a_ (1)' is clicked on

2018-11-09 21:05:13 - [MESSAGE][PASSED] - Object: 'Object Repository/Test UI Triangle/Page_/a_ (1)' is clicked on

2018-11-09 21:05:13 - [TEST_STEP][PASSED] - click: Object: 'Object Repository/Test UI Triangle/Page_/div_Equilateral' is clicked on

2018-11-09 21:05:18 - [MESSAGE][PASSED] - Object: 'Object Repository/Test UI Triangle/Page_/div_Equilateral' is clicked on

2018-11-09 21:05:18 - [TEST_STEP][PASSED] - verifyElementText: Actual text and expected text of test object 'Object Repository/Test UI Triangle/Page_/div_Equilateral' are matched.

2018-11-09 21:05:18 - [MESSAGE][PASSED] - Actual text and expected text of test object 'Object Repository/Test UI Triangle/Page_/div_Equilateral' are matched.

2018-11-09 21:05:18 - [TEST_STEP][PASSED] - closeBrowser: Browser is closed

2018-11-09 21:05:18 - [MESSAGE][PASSED] - Browser is closed]]></system-out>
         <system-err><![CDATA[]]></system-err>
      </testcase>
      <testcase name="Test Cases/Tee/Web/Equivalence Class - good web/TC002_Isosceles" classname="Test Cases/Tee/Web/Equivalence Class - good web/TC002_Isosceles" status="FAILED">
         <failure type="FAILED" message="(Stack trace: com.kms.katalon.core.exception.StepFailedException: Verify element text of test object 'Object Repository/Test UI Triangle/Page_/div_Equilateral' FAILED. (Root cause: Actual text 'Not a Triangle' and expected text 'Isosceles' of test object 'Object Repository/Test UI Triangle/Page_/div_Equilateral' are NOT matched.)
	at com.kms.katalon.core.keyword.internal.KeywordMain.stepFailed(KeywordMain.groovy:36)
	at com.kms.katalon.core.webui.keyword.internal.WebUIKeywordMain.stepFailed(WebUIKeywordMain.groovy:65)
	at com.kms.katalon.core.webui.keyword.internal.WebUIKeywordMain.runKeyword(WebUIKeywordMain.groovy:27)
	at com.kms.katalon.core.webui.keyword.builtin.VerifyElementTextKeyword.verifyElementText(VerifyElementTextKeyword.groovy:72)
	at com.kms.katalon.core.webui.keyword.builtin.VerifyElementTextKeyword.execute(VerifyElementTextKeyword.groovy:40)
	at com.kms.katalon.core.keyword.internal.KeywordExecutor.executeKeywordForPlatform(KeywordExecutor.groovy:53)
	at com.kms.katalon.core.webui.keyword.WebUiBuiltInKeywords.verifyElementText(WebUiBuiltInKeywords.groovy:3663)
	at com.kms.katalon.core.webui.keyword.WebUiBuiltInKeywords$verifyElementText$3.call(Unknown Source)
	at org.codehaus.groovy.runtime.callsite.CallSiteArray.defaultCall(CallSiteArray.java:48)
	at org.codehaus.groovy.runtime.callsite.AbstractCallSite.call(AbstractCallSite.java:113)
	at org.codehaus.groovy.runtime.callsite.AbstractCallSite.call(AbstractCallSite.java:133)
	at Script1541771976295.run(Script1541771976295.groovy:30)
	at com.kms.katalon.core.main.ScriptEngine.run(ScriptEngine.java:183)
	at com.kms.katalon.core.main.ScriptEngine.runScriptAsRawText(ScriptEngine.java:108)
	at com.kms.katalon.core.main.TestCaseExecutor.runScript(TestCaseExecutor.java:294)
	at com.kms.katalon.core.main.TestCaseExecutor.doExecute(TestCaseExecutor.java:285)
	at com.kms.katalon.core.main.TestCaseExecutor.processExecutionPhase(TestCaseExecutor.java:264)
	at com.kms.katalon.core.main.TestCaseExecutor.accessMainPhase(TestCaseExecutor.java:256)
	at com.kms.katalon.core.main.TestCaseExecutor.execute(TestCaseExecutor.java:200)
	at com.kms.katalon.core.main.TestSuiteExecutor.accessTestCaseMainPhase(TestSuiteExecutor.java:129)
	at com.kms.katalon.core.main.TestSuiteExecutor.accessTestSuiteMainPhase(TestSuiteExecutor.java:112)
	at com.kms.katalon.core.main.TestSuiteExecutor.execute(TestSuiteExecutor.java:81)
	at com.kms.katalon.core.main.TestCaseMain.startTestSuite(TestCaseMain.java:142)
	at com.kms.katalon.core.main.TestCaseMain$startTestSuite$0.call(Unknown Source)
	at org.codehaus.groovy.runtime.callsite.CallSiteArray.defaultCall(CallSiteArray.java:48)
	at org.codehaus.groovy.runtime.callsite.AbstractCallSite.call(AbstractCallSite.java:113)
	at org.codehaus.groovy.runtime.callsite.AbstractCallSite.call(AbstractCallSite.java:141)
	at TempTestSuite1541772260532.run(TempTestSuite1541772260532.groovy:36)
	at groovy.lang.GroovyShell.runScriptOrMainOrTestOrRunnable(GroovyShell.java:263)
	at groovy.lang.GroovyShell.run(GroovyShell.java:518)
	at groovy.lang.GroovyShell.run(GroovyShell.java:507)
	at groovy.ui.GroovyMain.processOnce(GroovyMain.java:653)
	at groovy.ui.GroovyMain.run(GroovyMain.java:384)
	at groovy.ui.GroovyMain.process(GroovyMain.java:370)
	at groovy.ui.GroovyMain.processArgs(GroovyMain.java:129)
	at groovy.ui.GroovyMain.main(GroovyMain.java:109)
	at sun.reflect.NativeMethodAccessorImpl.invoke0(Native Method)
	at sun.reflect.NativeMethodAccessorImpl.invoke(NativeMethodAccessorImpl.java:62)
	at sun.reflect.DelegatingMethodAccessorImpl.invoke(DelegatingMethodAccessorImpl.java:43)
	at java.lang.reflect.Method.invoke(Method.java:498)
	at org.codehaus.groovy.tools.GroovyStarter.rootLoader(GroovyStarter.java:109)
	at org.codehaus.groovy.tools.GroovyStarter.main(GroovyStarter.java:131)
)"/>
         <system-out><![CDATA[2018-11-09 21:05:18 - [TEST_CASE][FAILED] - Test Cases/Tee/Web/Equivalence Class - good web/TC002_Isosceles: Test Cases/Tee/Web/Equivalence Class - good web/TC002_Isosceles FAILED because (of) (Stack trace: com.kms.katalon.core.exception.StepFailedException: Verify element text of test object 'Object Repository/Test UI Triangle/Page_/div_Equilateral' FAILED. (Root cause: Actual text 'Not a Triangle' and expected text 'Isosceles' of test object 'Object Repository/Test UI Triangle/Page_/div_Equilateral' are NOT matched.)
	at com.kms.katalon.core.keyword.internal.KeywordMain.stepFailed(KeywordMain.groovy:36)
	at com.kms.katalon.core.webui.keyword.internal.WebUIKeywordMain.stepFailed(WebUIKeywordMain.groovy:65)
	at com.kms.katalon.core.webui.keyword.internal.WebUIKeywordMain.runKeyword(WebUIKeywordMain.groovy:27)
	at com.kms.katalon.core.webui.keyword.builtin.VerifyElementTextKeyword.verifyElementText(VerifyElementTextKeyword.groovy:72)
	at com.kms.katalon.core.webui.keyword.builtin.VerifyElementTextKeyword.execute(VerifyElementTextKeyword.groovy:40)
	at com.kms.katalon.core.keyword.internal.KeywordExecutor.executeKeywordForPlatform(KeywordExecutor.groovy:53)
	at com.kms.katalon.core.webui.keyword.WebUiBuiltInKeywords.verifyElementText(WebUiBuiltInKeywords.groovy:3663)
	at com.kms.katalon.core.webui.keyword.WebUiBuiltInKeywords$verifyElementText$3.call(Unknown Source)
	at org.codehaus.groovy.runtime.callsite.CallSiteArray.defaultCall(CallSiteArray.java:48)
	at org.codehaus.groovy.runtime.callsite.AbstractCallSite.call(AbstractCallSite.java:113)
	at org.codehaus.groovy.runtime.callsite.AbstractCallSite.call(AbstractCallSite.java:133)
	at Script1541771976295.run(Script1541771976295.groovy:30)
	at com.kms.katalon.core.main.ScriptEngine.run(ScriptEngine.java:183)
	at com.kms.katalon.core.main.ScriptEngine.runScriptAsRawText(ScriptEngine.java:108)
	at com.kms.katalon.core.main.TestCaseExecutor.runScript(TestCaseExecutor.java:294)
	at com.kms.katalon.core.main.TestCaseExecutor.doExecute(TestCaseExecutor.java:285)
	at com.kms.katalon.core.main.TestCaseExecutor.processExecutionPhase(TestCaseExecutor.java:264)
	at com.kms.katalon.core.main.TestCaseExecutor.accessMainPhase(TestCaseExecutor.java:256)
	at com.kms.katalon.core.main.TestCaseExecutor.execute(TestCaseExecutor.java:200)
	at com.kms.katalon.core.main.TestSuiteExecutor.accessTestCaseMainPhase(TestSuiteExecutor.java:129)
	at com.kms.katalon.core.main.TestSuiteExecutor.accessTestSuiteMainPhase(TestSuiteExecutor.java:112)
	at com.kms.katalon.core.main.TestSuiteExecutor.execute(TestSuiteExecutor.java:81)
	at com.kms.katalon.core.main.TestCaseMain.startTestSuite(TestCaseMain.java:142)
	at com.kms.katalon.core.main.TestCaseMain$startTestSuite$0.call(Unknown Source)
	at org.codehaus.groovy.runtime.callsite.CallSiteArray.defaultCall(CallSiteArray.java:48)
	at org.codehaus.groovy.runtime.callsite.AbstractCallSite.call(AbstractCallSite.java:113)
	at org.codehaus.groovy.runtime.callsite.AbstractCallSite.call(AbstractCallSite.java:141)
	at TempTestSuite1541772260532.run(TempTestSuite1541772260532.groovy:36)
	at groovy.lang.GroovyShell.runScriptOrMainOrTestOrRunnable(GroovyShell.java:263)
	at groovy.lang.GroovyShell.run(GroovyShell.java:518)
	at groovy.lang.GroovyShell.run(GroovyShell.java:507)
	at groovy.ui.GroovyMain.processOnce(GroovyMain.java:653)
	at groovy.ui.GroovyMain.run(GroovyMain.java:384)
	at groovy.ui.GroovyMain.process(GroovyMain.java:370)
	at groovy.ui.GroovyMain.processArgs(GroovyMain.java:129)
	at groovy.ui.GroovyMain.main(GroovyMain.java:109)
	at sun.reflect.NativeMethodAccessorImpl.invoke0(Native Method)
	at sun.reflect.NativeMethodAccessorImpl.invoke(NativeMethodAccessorImpl.java:62)
	at sun.reflect.DelegatingMethodAccessorImpl.invoke(DelegatingMethodAccessorImpl.java:43)
	at java.lang.reflect.Method.invoke(Method.java:498)
	at org.codehaus.groovy.tools.GroovyStarter.rootLoader(GroovyStarter.java:109)
	at org.codehaus.groovy.tools.GroovyStarter.main(GroovyStarter.java:131)
)

2018-11-09 21:05:18 - [TEST_STEP][PASSED] - openBrowser: Browser is opened with url: ''

2018-11-09 21:05:20 - [MESSAGE][PASSED] - Browser is opened with url: ''

2018-11-09 21:05:20 - [TEST_STEP][PASSED] - navigateToUrl: Navigate to 'https://good-web.testing.se.nattaponra.com/' successfully

2018-11-09 21:05:22 - [MESSAGE][PASSED] - Navigate to 'https://good-web.testing.se.nattaponra.com/' successfully

2018-11-09 21:05:22 - [TEST_STEP][PASSED] - setText: Text '100' is set on object 'Object Repository/Test UI Triangle/Page_/input_ A_aSide (1)'

2018-11-09 21:05:22 - [MESSAGE][PASSED] - Text '100' is set on object 'Object Repository/Test UI Triangle/Page_/input_ A_aSide (1)'

2018-11-09 21:05:22 - [TEST_STEP][PASSED] - setText: Text '100' is set on object 'Object Repository/Test UI Triangle/Page_/input_ B_bSide (1)'

2018-11-09 21:05:22 - [MESSAGE][PASSED] - Text '100' is set on object 'Object Repository/Test UI Triangle/Page_/input_ B_bSide (1)'

2018-11-09 21:05:22 - [TEST_STEP][PASSED] - setText: Text '200' is set on object 'Object Repository/Test UI Triangle/Page_/input_ C_cSide (1)'

2018-11-09 21:05:23 - [MESSAGE][PASSED] - Text '200' is set on object 'Object Repository/Test UI Triangle/Page_/input_ C_cSide (1)'

2018-11-09 21:05:23 - [TEST_STEP][PASSED] - click: Object: 'Object Repository/Test UI Triangle/Page_/a_ (1)' is clicked on

2018-11-09 21:05:23 - [MESSAGE][PASSED] - Object: 'Object Repository/Test UI Triangle/Page_/a_ (1)' is clicked on

2018-11-09 21:05:23 - [TEST_STEP][PASSED] - click: Object: 'Object Repository/Test UI Triangle/Page_/div_Equilateral' is clicked on

2018-11-09 21:05:28 - [MESSAGE][PASSED] - Object: 'Object Repository/Test UI Triangle/Page_/div_Equilateral' is clicked on

2018-11-09 21:05:28 - [TEST_STEP][FAILED] - verifyElementText: Verify element text of test object 'Object Repository/Test UI Triangle/Page_/div_Equilateral' FAILED. (Root cause: Actual text 'Not a Triangle' and expected text 'Isosceles' of test object 'Object Repository/Test UI Triangle/Page_/div_Equilateral' are NOT matched.)

2018-11-09 21:05:29 - [MESSAGE][FAILED] - Actual text 'Not a Triangle' and expected text 'Isosceles' of test object 'Object Repository/Test UI Triangle/Page_/div_Equilateral' are NOT matched.
[[ATTACHMENT|/Users/tee/git/katalon-test-case/Reports/Tee/Equivalance Test Suite - good Website/20181109_210410/1541772328597.png]]

2018-11-09 21:05:29 - [MESSAGE][FAILED] - Verify element text of test object 'Object Repository/Test UI Triangle/Page_/div_Equilateral' FAILED. (Root cause: Actual text 'Not a Triangle' and expected text 'Isosceles' of test object 'Object Repository/Test UI Triangle/Page_/div_Equilateral' are NOT matched.)
[[ATTACHMENT|/Users/tee/git/katalon-test-case/Reports/Tee/Equivalance Test Suite - good Website/20181109_210410/1541772329161.png]]]]></system-out>
         <system-err><![CDATA[2018-11-09 21:05:18 - [TEST_CASE][FAILED] - Test Cases/Tee/Web/Equivalence Class - good web/TC002_Isosceles: Test Cases/Tee/Web/Equivalence Class - good web/TC002_Isosceles FAILED because (of) (Stack trace: com.kms.katalon.core.exception.StepFailedException: Verify element text of test object 'Object Repository/Test UI Triangle/Page_/div_Equilateral' FAILED. (Root cause: Actual text 'Not a Triangle' and expected text 'Isosceles' of test object 'Object Repository/Test UI Triangle/Page_/div_Equilateral' are NOT matched.)
	at com.kms.katalon.core.keyword.internal.KeywordMain.stepFailed(KeywordMain.groovy:36)
	at com.kms.katalon.core.webui.keyword.internal.WebUIKeywordMain.stepFailed(WebUIKeywordMain.groovy:65)
	at com.kms.katalon.core.webui.keyword.internal.WebUIKeywordMain.runKeyword(WebUIKeywordMain.groovy:27)
	at com.kms.katalon.core.webui.keyword.builtin.VerifyElementTextKeyword.verifyElementText(VerifyElementTextKeyword.groovy:72)
	at com.kms.katalon.core.webui.keyword.builtin.VerifyElementTextKeyword.execute(VerifyElementTextKeyword.groovy:40)
	at com.kms.katalon.core.keyword.internal.KeywordExecutor.executeKeywordForPlatform(KeywordExecutor.groovy:53)
	at com.kms.katalon.core.webui.keyword.WebUiBuiltInKeywords.verifyElementText(WebUiBuiltInKeywords.groovy:3663)
	at com.kms.katalon.core.webui.keyword.WebUiBuiltInKeywords$verifyElementText$3.call(Unknown Source)
	at org.codehaus.groovy.runtime.callsite.CallSiteArray.defaultCall(CallSiteArray.java:48)
	at org.codehaus.groovy.runtime.callsite.AbstractCallSite.call(AbstractCallSite.java:113)
	at org.codehaus.groovy.runtime.callsite.AbstractCallSite.call(AbstractCallSite.java:133)
	at Script1541771976295.run(Script1541771976295.groovy:30)
	at com.kms.katalon.core.main.ScriptEngine.run(ScriptEngine.java:183)
	at com.kms.katalon.core.main.ScriptEngine.runScriptAsRawText(ScriptEngine.java:108)
	at com.kms.katalon.core.main.TestCaseExecutor.runScript(TestCaseExecutor.java:294)
	at com.kms.katalon.core.main.TestCaseExecutor.doExecute(TestCaseExecutor.java:285)
	at com.kms.katalon.core.main.TestCaseExecutor.processExecutionPhase(TestCaseExecutor.java:264)
	at com.kms.katalon.core.main.TestCaseExecutor.accessMainPhase(TestCaseExecutor.java:256)
	at com.kms.katalon.core.main.TestCaseExecutor.execute(TestCaseExecutor.java:200)
	at com.kms.katalon.core.main.TestSuiteExecutor.accessTestCaseMainPhase(TestSuiteExecutor.java:129)
	at com.kms.katalon.core.main.TestSuiteExecutor.accessTestSuiteMainPhase(TestSuiteExecutor.java:112)
	at com.kms.katalon.core.main.TestSuiteExecutor.execute(TestSuiteExecutor.java:81)
	at com.kms.katalon.core.main.TestCaseMain.startTestSuite(TestCaseMain.java:142)
	at com.kms.katalon.core.main.TestCaseMain$startTestSuite$0.call(Unknown Source)
	at org.codehaus.groovy.runtime.callsite.CallSiteArray.defaultCall(CallSiteArray.java:48)
	at org.codehaus.groovy.runtime.callsite.AbstractCallSite.call(AbstractCallSite.java:113)
	at org.codehaus.groovy.runtime.callsite.AbstractCallSite.call(AbstractCallSite.java:141)
	at TempTestSuite1541772260532.run(TempTestSuite1541772260532.groovy:36)
	at groovy.lang.GroovyShell.runScriptOrMainOrTestOrRunnable(GroovyShell.java:263)
	at groovy.lang.GroovyShell.run(GroovyShell.java:518)
	at groovy.lang.GroovyShell.run(GroovyShell.java:507)
	at groovy.ui.GroovyMain.processOnce(GroovyMain.java:653)
	at groovy.ui.GroovyMain.run(GroovyMain.java:384)
	at groovy.ui.GroovyMain.process(GroovyMain.java:370)
	at groovy.ui.GroovyMain.processArgs(GroovyMain.java:129)
	at groovy.ui.GroovyMain.main(GroovyMain.java:109)
	at sun.reflect.NativeMethodAccessorImpl.invoke0(Native Method)
	at sun.reflect.NativeMethodAccessorImpl.invoke(NativeMethodAccessorImpl.java:62)
	at sun.reflect.DelegatingMethodAccessorImpl.invoke(DelegatingMethodAccessorImpl.java:43)
	at java.lang.reflect.Method.invoke(Method.java:498)
	at org.codehaus.groovy.tools.GroovyStarter.rootLoader(GroovyStarter.java:109)
	at org.codehaus.groovy.tools.GroovyStarter.main(GroovyStarter.java:131)
)]]></system-err>
      </testcase>
      <testcase name="Test Cases/Tee/Web/Equivalence Class - good web/TC013_Out of range" classname="Test Cases/Tee/Web/Equivalence Class - good web/TC013_Out of range" status="PASSED">
         <system-out><![CDATA[2018-11-09 21:05:29 - [TEST_CASE][PASSED] - Test Cases/Tee/Web/Equivalence Class - good web/TC013_Out of range: Test Cases/Tee/Web/Equivalence Class - good web/TC013_Out of range

2018-11-09 21:05:29 - [TEST_STEP][PASSED] - openBrowser: Browser is opened with url: ''

2018-11-09 21:05:29 - [MESSAGE][WARNING] - A browser is already opened. Closing browser and opening a new one

2018-11-09 21:05:31 - [MESSAGE][PASSED] - Browser is opened with url: ''

2018-11-09 21:05:31 - [TEST_STEP][PASSED] - navigateToUrl: Navigate to 'https://good-web.testing.se.nattaponra.com/' successfully

2018-11-09 21:05:34 - [MESSAGE][PASSED] - Navigate to 'https://good-web.testing.se.nattaponra.com/' successfully

2018-11-09 21:05:34 - [TEST_STEP][PASSED] - setText: Text '3' is set on object 'Object Repository/Test UI Triangle/Page_/input_ A_aSide (1)'

2018-11-09 21:05:34 - [MESSAGE][PASSED] - Text '3' is set on object 'Object Repository/Test UI Triangle/Page_/input_ A_aSide (1)'

2018-11-09 21:05:34 - [TEST_STEP][PASSED] - setText: Text '4' is set on object 'Object Repository/Test UI Triangle/Page_/input_ B_bSide (1)'

2018-11-09 21:05:34 - [MESSAGE][PASSED] - Text '4' is set on object 'Object Repository/Test UI Triangle/Page_/input_ B_bSide (1)'

2018-11-09 21:05:34 - [TEST_STEP][PASSED] - setText: Text '5' is set on object 'Object Repository/Test UI Triangle/Page_/input_ C_cSide (1)'

2018-11-09 21:05:34 - [MESSAGE][PASSED] - Text '5' is set on object 'Object Repository/Test UI Triangle/Page_/input_ C_cSide (1)'

2018-11-09 21:05:34 - [TEST_STEP][PASSED] - click: Object: 'Object Repository/Test UI Triangle/Page_/a_ (1)' is clicked on

2018-11-09 21:05:36 - [MESSAGE][PASSED] - Object: 'Object Repository/Test UI Triangle/Page_/a_ (1)' is clicked on

2018-11-09 21:05:36 - [TEST_STEP][PASSED] - verifyElementText: Actual text and expected text of test object 'Object Repository/Test UI Triangle/Page_/div_Equilateral' are matched.

2018-11-09 21:05:37 - [MESSAGE][PASSED] - Actual text and expected text of test object 'Object Repository/Test UI Triangle/Page_/div_Equilateral' are matched.

2018-11-09 21:05:37 - [TEST_STEP][PASSED] - click: Object: 'Object Repository/Test UI Triangle/Page_/div_Equilateral' is clicked on

2018-11-09 21:05:42 - [MESSAGE][PASSED] - Object: 'Object Repository/Test UI Triangle/Page_/div_Equilateral' is clicked on

2018-11-09 21:05:42 - [TEST_STEP][PASSED] - closeBrowser: Browser is closed

2018-11-09 21:05:42 - [MESSAGE][PASSED] - Browser is closed]]></system-out>
         <system-err><![CDATA[]]></system-err>
      </testcase>
      <testcase name="Test Cases/Tee/Web/Equivalence Class - good web/TC004_Isosceles" classname="Test Cases/Tee/Web/Equivalence Class - good web/TC004_Isosceles" status="FAILED">
         <failure type="FAILED" message="(Stack trace: com.kms.katalon.core.exception.StepFailedException: Verify element text of test object 'Object Repository/Test UI Triangle/Page_/div_Equilateral' FAILED. (Root cause: Actual text 'Not a Triangle' and expected text 'Isosceles' of test object 'Object Repository/Test UI Triangle/Page_/div_Equilateral' are NOT matched.)
	at com.kms.katalon.core.keyword.internal.KeywordMain.stepFailed(KeywordMain.groovy:36)
	at com.kms.katalon.core.webui.keyword.internal.WebUIKeywordMain.stepFailed(WebUIKeywordMain.groovy:65)
	at com.kms.katalon.core.webui.keyword.internal.WebUIKeywordMain.runKeyword(WebUIKeywordMain.groovy:27)
	at com.kms.katalon.core.webui.keyword.builtin.VerifyElementTextKeyword.verifyElementText(VerifyElementTextKeyword.groovy:72)
	at com.kms.katalon.core.webui.keyword.builtin.VerifyElementTextKeyword.execute(VerifyElementTextKeyword.groovy:40)
	at com.kms.katalon.core.keyword.internal.KeywordExecutor.executeKeywordForPlatform(KeywordExecutor.groovy:53)
	at com.kms.katalon.core.webui.keyword.WebUiBuiltInKeywords.verifyElementText(WebUiBuiltInKeywords.groovy:3663)
	at com.kms.katalon.core.webui.keyword.WebUiBuiltInKeywords$verifyElementText$3.call(Unknown Source)
	at org.codehaus.groovy.runtime.callsite.CallSiteArray.defaultCall(CallSiteArray.java:48)
	at org.codehaus.groovy.runtime.callsite.AbstractCallSite.call(AbstractCallSite.java:113)
	at org.codehaus.groovy.runtime.callsite.AbstractCallSite.call(AbstractCallSite.java:133)
	at Script1541771976290.run(Script1541771976290.groovy:30)
	at com.kms.katalon.core.main.ScriptEngine.run(ScriptEngine.java:183)
	at com.kms.katalon.core.main.ScriptEngine.runScriptAsRawText(ScriptEngine.java:108)
	at com.kms.katalon.core.main.TestCaseExecutor.runScript(TestCaseExecutor.java:294)
	at com.kms.katalon.core.main.TestCaseExecutor.doExecute(TestCaseExecutor.java:285)
	at com.kms.katalon.core.main.TestCaseExecutor.processExecutionPhase(TestCaseExecutor.java:264)
	at com.kms.katalon.core.main.TestCaseExecutor.accessMainPhase(TestCaseExecutor.java:256)
	at com.kms.katalon.core.main.TestCaseExecutor.execute(TestCaseExecutor.java:200)
	at com.kms.katalon.core.main.TestSuiteExecutor.accessTestCaseMainPhase(TestSuiteExecutor.java:129)
	at com.kms.katalon.core.main.TestSuiteExecutor.accessTestSuiteMainPhase(TestSuiteExecutor.java:112)
	at com.kms.katalon.core.main.TestSuiteExecutor.execute(TestSuiteExecutor.java:81)
	at com.kms.katalon.core.main.TestCaseMain.startTestSuite(TestCaseMain.java:142)
	at com.kms.katalon.core.main.TestCaseMain$startTestSuite$0.call(Unknown Source)
	at org.codehaus.groovy.runtime.callsite.CallSiteArray.defaultCall(CallSiteArray.java:48)
	at org.codehaus.groovy.runtime.callsite.AbstractCallSite.call(AbstractCallSite.java:113)
	at org.codehaus.groovy.runtime.callsite.AbstractCallSite.call(AbstractCallSite.java:141)
	at TempTestSuite1541772260532.run(TempTestSuite1541772260532.groovy:36)
	at groovy.lang.GroovyShell.runScriptOrMainOrTestOrRunnable(GroovyShell.java:263)
	at groovy.lang.GroovyShell.run(GroovyShell.java:518)
	at groovy.lang.GroovyShell.run(GroovyShell.java:507)
	at groovy.ui.GroovyMain.processOnce(GroovyMain.java:653)
	at groovy.ui.GroovyMain.run(GroovyMain.java:384)
	at groovy.ui.GroovyMain.process(GroovyMain.java:370)
	at groovy.ui.GroovyMain.processArgs(GroovyMain.java:129)
	at groovy.ui.GroovyMain.main(GroovyMain.java:109)
	at sun.reflect.NativeMethodAccessorImpl.invoke0(Native Method)
	at sun.reflect.NativeMethodAccessorImpl.invoke(NativeMethodAccessorImpl.java:62)
	at sun.reflect.DelegatingMethodAccessorImpl.invoke(DelegatingMethodAccessorImpl.java:43)
	at java.lang.reflect.Method.invoke(Method.java:498)
	at org.codehaus.groovy.tools.GroovyStarter.rootLoader(GroovyStarter.java:109)
	at org.codehaus.groovy.tools.GroovyStarter.main(GroovyStarter.java:131)
)"/>
         <system-out><![CDATA[2018-11-09 21:05:42 - [TEST_CASE][FAILED] - Test Cases/Tee/Web/Equivalence Class - good web/TC004_Isosceles: Test Cases/Tee/Web/Equivalence Class - good web/TC004_Isosceles FAILED because (of) (Stack trace: com.kms.katalon.core.exception.StepFailedException: Verify element text of test object 'Object Repository/Test UI Triangle/Page_/div_Equilateral' FAILED. (Root cause: Actual text 'Not a Triangle' and expected text 'Isosceles' of test object 'Object Repository/Test UI Triangle/Page_/div_Equilateral' are NOT matched.)
	at com.kms.katalon.core.keyword.internal.KeywordMain.stepFailed(KeywordMain.groovy:36)
	at com.kms.katalon.core.webui.keyword.internal.WebUIKeywordMain.stepFailed(WebUIKeywordMain.groovy:65)
	at com.kms.katalon.core.webui.keyword.internal.WebUIKeywordMain.runKeyword(WebUIKeywordMain.groovy:27)
	at com.kms.katalon.core.webui.keyword.builtin.VerifyElementTextKeyword.verifyElementText(VerifyElementTextKeyword.groovy:72)
	at com.kms.katalon.core.webui.keyword.builtin.VerifyElementTextKeyword.execute(VerifyElementTextKeyword.groovy:40)
	at com.kms.katalon.core.keyword.internal.KeywordExecutor.executeKeywordForPlatform(KeywordExecutor.groovy:53)
	at com.kms.katalon.core.webui.keyword.WebUiBuiltInKeywords.verifyElementText(WebUiBuiltInKeywords.groovy:3663)
	at com.kms.katalon.core.webui.keyword.WebUiBuiltInKeywords$verifyElementText$3.call(Unknown Source)
	at org.codehaus.groovy.runtime.callsite.CallSiteArray.defaultCall(CallSiteArray.java:48)
	at org.codehaus.groovy.runtime.callsite.AbstractCallSite.call(AbstractCallSite.java:113)
	at org.codehaus.groovy.runtime.callsite.AbstractCallSite.call(AbstractCallSite.java:133)
	at Script1541771976290.run(Script1541771976290.groovy:30)
	at com.kms.katalon.core.main.ScriptEngine.run(ScriptEngine.java:183)
	at com.kms.katalon.core.main.ScriptEngine.runScriptAsRawText(ScriptEngine.java:108)
	at com.kms.katalon.core.main.TestCaseExecutor.runScript(TestCaseExecutor.java:294)
	at com.kms.katalon.core.main.TestCaseExecutor.doExecute(TestCaseExecutor.java:285)
	at com.kms.katalon.core.main.TestCaseExecutor.processExecutionPhase(TestCaseExecutor.java:264)
	at com.kms.katalon.core.main.TestCaseExecutor.accessMainPhase(TestCaseExecutor.java:256)
	at com.kms.katalon.core.main.TestCaseExecutor.execute(TestCaseExecutor.java:200)
	at com.kms.katalon.core.main.TestSuiteExecutor.accessTestCaseMainPhase(TestSuiteExecutor.java:129)
	at com.kms.katalon.core.main.TestSuiteExecutor.accessTestSuiteMainPhase(TestSuiteExecutor.java:112)
	at com.kms.katalon.core.main.TestSuiteExecutor.execute(TestSuiteExecutor.java:81)
	at com.kms.katalon.core.main.TestCaseMain.startTestSuite(TestCaseMain.java:142)
	at com.kms.katalon.core.main.TestCaseMain$startTestSuite$0.call(Unknown Source)
	at org.codehaus.groovy.runtime.callsite.CallSiteArray.defaultCall(CallSiteArray.java:48)
	at org.codehaus.groovy.runtime.callsite.AbstractCallSite.call(AbstractCallSite.java:113)
	at org.codehaus.groovy.runtime.callsite.AbstractCallSite.call(AbstractCallSite.java:141)
	at TempTestSuite1541772260532.run(TempTestSuite1541772260532.groovy:36)
	at groovy.lang.GroovyShell.runScriptOrMainOrTestOrRunnable(GroovyShell.java:263)
	at groovy.lang.GroovyShell.run(GroovyShell.java:518)
	at groovy.lang.GroovyShell.run(GroovyShell.java:507)
	at groovy.ui.GroovyMain.processOnce(GroovyMain.java:653)
	at groovy.ui.GroovyMain.run(GroovyMain.java:384)
	at groovy.ui.GroovyMain.process(GroovyMain.java:370)
	at groovy.ui.GroovyMain.processArgs(GroovyMain.java:129)
	at groovy.ui.GroovyMain.main(GroovyMain.java:109)
	at sun.reflect.NativeMethodAccessorImpl.invoke0(Native Method)
	at sun.reflect.NativeMethodAccessorImpl.invoke(NativeMethodAccessorImpl.java:62)
	at sun.reflect.DelegatingMethodAccessorImpl.invoke(DelegatingMethodAccessorImpl.java:43)
	at java.lang.reflect.Method.invoke(Method.java:498)
	at org.codehaus.groovy.tools.GroovyStarter.rootLoader(GroovyStarter.java:109)
	at org.codehaus.groovy.tools.GroovyStarter.main(GroovyStarter.java:131)
)

2018-11-09 21:05:42 - [TEST_STEP][PASSED] - openBrowser: Browser is opened with url: ''

2018-11-09 21:05:44 - [MESSAGE][PASSED] - Browser is opened with url: ''

2018-11-09 21:05:44 - [TEST_STEP][PASSED] - navigateToUrl: Navigate to 'https://good-web.testing.se.nattaponra.com/' successfully

2018-11-09 21:05:45 - [MESSAGE][PASSED] - Navigate to 'https://good-web.testing.se.nattaponra.com/' successfully

2018-11-09 21:05:45 - [TEST_STEP][PASSED] - setText: Text '200' is set on object 'Object Repository/Test UI Triangle/Page_/input_ A_aSide (1)'

2018-11-09 21:05:45 - [MESSAGE][PASSED] - Text '200' is set on object 'Object Repository/Test UI Triangle/Page_/input_ A_aSide (1)'

2018-11-09 21:05:45 - [TEST_STEP][PASSED] - setText: Text '100' is set on object 'Object Repository/Test UI Triangle/Page_/input_ B_bSide (1)'

2018-11-09 21:05:46 - [MESSAGE][PASSED] - Text '100' is set on object 'Object Repository/Test UI Triangle/Page_/input_ B_bSide (1)'

2018-11-09 21:05:46 - [TEST_STEP][PASSED] - setText: Text '100' is set on object 'Object Repository/Test UI Triangle/Page_/input_ C_cSide (1)'

2018-11-09 21:05:46 - [MESSAGE][PASSED] - Text '100' is set on object 'Object Repository/Test UI Triangle/Page_/input_ C_cSide (1)'

2018-11-09 21:05:46 - [TEST_STEP][PASSED] - click: Object: 'Object Repository/Test UI Triangle/Page_/a_ (1)' is clicked on

2018-11-09 21:05:46 - [MESSAGE][PASSED] - Object: 'Object Repository/Test UI Triangle/Page_/a_ (1)' is clicked on

2018-11-09 21:05:46 - [TEST_STEP][PASSED] - click: Object: 'Object Repository/Test UI Triangle/Page_/div_Equilateral' is clicked on

2018-11-09 21:05:51 - [MESSAGE][PASSED] - Object: 'Object Repository/Test UI Triangle/Page_/div_Equilateral' is clicked on

2018-11-09 21:05:51 - [TEST_STEP][FAILED] - verifyElementText: Verify element text of test object 'Object Repository/Test UI Triangle/Page_/div_Equilateral' FAILED. (Root cause: Actual text 'Not a Triangle' and expected text 'Isosceles' of test object 'Object Repository/Test UI Triangle/Page_/div_Equilateral' are NOT matched.)

2018-11-09 21:05:51 - [MESSAGE][FAILED] - Actual text 'Not a Triangle' and expected text 'Isosceles' of test object 'Object Repository/Test UI Triangle/Page_/div_Equilateral' are NOT matched.
[[ATTACHMENT|/Users/tee/git/katalon-test-case/Reports/Tee/Equivalance Test Suite - good Website/20181109_210410/1541772351234.png]]

2018-11-09 21:05:52 - [MESSAGE][FAILED] - Verify element text of test object 'Object Repository/Test UI Triangle/Page_/div_Equilateral' FAILED. (Root cause: Actual text 'Not a Triangle' and expected text 'Isosceles' of test object 'Object Repository/Test UI Triangle/Page_/div_Equilateral' are NOT matched.)
[[ATTACHMENT|/Users/tee/git/katalon-test-case/Reports/Tee/Equivalance Test Suite - good Website/20181109_210410/1541772351823.png]]]]></system-out>
         <system-err><![CDATA[2018-11-09 21:05:42 - [TEST_CASE][FAILED] - Test Cases/Tee/Web/Equivalence Class - good web/TC004_Isosceles: Test Cases/Tee/Web/Equivalence Class - good web/TC004_Isosceles FAILED because (of) (Stack trace: com.kms.katalon.core.exception.StepFailedException: Verify element text of test object 'Object Repository/Test UI Triangle/Page_/div_Equilateral' FAILED. (Root cause: Actual text 'Not a Triangle' and expected text 'Isosceles' of test object 'Object Repository/Test UI Triangle/Page_/div_Equilateral' are NOT matched.)
	at com.kms.katalon.core.keyword.internal.KeywordMain.stepFailed(KeywordMain.groovy:36)
	at com.kms.katalon.core.webui.keyword.internal.WebUIKeywordMain.stepFailed(WebUIKeywordMain.groovy:65)
	at com.kms.katalon.core.webui.keyword.internal.WebUIKeywordMain.runKeyword(WebUIKeywordMain.groovy:27)
	at com.kms.katalon.core.webui.keyword.builtin.VerifyElementTextKeyword.verifyElementText(VerifyElementTextKeyword.groovy:72)
	at com.kms.katalon.core.webui.keyword.builtin.VerifyElementTextKeyword.execute(VerifyElementTextKeyword.groovy:40)
	at com.kms.katalon.core.keyword.internal.KeywordExecutor.executeKeywordForPlatform(KeywordExecutor.groovy:53)
	at com.kms.katalon.core.webui.keyword.WebUiBuiltInKeywords.verifyElementText(WebUiBuiltInKeywords.groovy:3663)
	at com.kms.katalon.core.webui.keyword.WebUiBuiltInKeywords$verifyElementText$3.call(Unknown Source)
	at org.codehaus.groovy.runtime.callsite.CallSiteArray.defaultCall(CallSiteArray.java:48)
	at org.codehaus.groovy.runtime.callsite.AbstractCallSite.call(AbstractCallSite.java:113)
	at org.codehaus.groovy.runtime.callsite.AbstractCallSite.call(AbstractCallSite.java:133)
	at Script1541771976290.run(Script1541771976290.groovy:30)
	at com.kms.katalon.core.main.ScriptEngine.run(ScriptEngine.java:183)
	at com.kms.katalon.core.main.ScriptEngine.runScriptAsRawText(ScriptEngine.java:108)
	at com.kms.katalon.core.main.TestCaseExecutor.runScript(TestCaseExecutor.java:294)
	at com.kms.katalon.core.main.TestCaseExecutor.doExecute(TestCaseExecutor.java:285)
	at com.kms.katalon.core.main.TestCaseExecutor.processExecutionPhase(TestCaseExecutor.java:264)
	at com.kms.katalon.core.main.TestCaseExecutor.accessMainPhase(TestCaseExecutor.java:256)
	at com.kms.katalon.core.main.TestCaseExecutor.execute(TestCaseExecutor.java:200)
	at com.kms.katalon.core.main.TestSuiteExecutor.accessTestCaseMainPhase(TestSuiteExecutor.java:129)
	at com.kms.katalon.core.main.TestSuiteExecutor.accessTestSuiteMainPhase(TestSuiteExecutor.java:112)
	at com.kms.katalon.core.main.TestSuiteExecutor.execute(TestSuiteExecutor.java:81)
	at com.kms.katalon.core.main.TestCaseMain.startTestSuite(TestCaseMain.java:142)
	at com.kms.katalon.core.main.TestCaseMain$startTestSuite$0.call(Unknown Source)
	at org.codehaus.groovy.runtime.callsite.CallSiteArray.defaultCall(CallSiteArray.java:48)
	at org.codehaus.groovy.runtime.callsite.AbstractCallSite.call(AbstractCallSite.java:113)
	at org.codehaus.groovy.runtime.callsite.AbstractCallSite.call(AbstractCallSite.java:141)
	at TempTestSuite1541772260532.run(TempTestSuite1541772260532.groovy:36)
	at groovy.lang.GroovyShell.runScriptOrMainOrTestOrRunnable(GroovyShell.java:263)
	at groovy.lang.GroovyShell.run(GroovyShell.java:518)
	at groovy.lang.GroovyShell.run(GroovyShell.java:507)
	at groovy.ui.GroovyMain.processOnce(GroovyMain.java:653)
	at groovy.ui.GroovyMain.run(GroovyMain.java:384)
	at groovy.ui.GroovyMain.process(GroovyMain.java:370)
	at groovy.ui.GroovyMain.processArgs(GroovyMain.java:129)
	at groovy.ui.GroovyMain.main(GroovyMain.java:109)
	at sun.reflect.NativeMethodAccessorImpl.invoke0(Native Method)
	at sun.reflect.NativeMethodAccessorImpl.invoke(NativeMethodAccessorImpl.java:62)
	at sun.reflect.DelegatingMethodAccessorImpl.invoke(DelegatingMethodAccessorImpl.java:43)
	at java.lang.reflect.Method.invoke(Method.java:498)
	at org.codehaus.groovy.tools.GroovyStarter.rootLoader(GroovyStarter.java:109)
	at org.codehaus.groovy.tools.GroovyStarter.main(GroovyStarter.java:131)
)]]></system-err>
      </testcase>
      <testcase name="Test Cases/Tee/Web/Equivalence Class - good web/TC003_Isosceles" classname="Test Cases/Tee/Web/Equivalence Class - good web/TC003_Isosceles" status="FAILED">
         <failure type="FAILED" message="(Stack trace: com.kms.katalon.core.exception.StepFailedException: Verify element text of test object 'Object Repository/Test UI Triangle/Page_/div_Equilateral' FAILED. (Root cause: Actual text 'Not a Triangle' and expected text 'Isosceles' of test object 'Object Repository/Test UI Triangle/Page_/div_Equilateral' are NOT matched.)
	at com.kms.katalon.core.keyword.internal.KeywordMain.stepFailed(KeywordMain.groovy:36)
	at com.kms.katalon.core.webui.keyword.internal.WebUIKeywordMain.stepFailed(WebUIKeywordMain.groovy:65)
	at com.kms.katalon.core.webui.keyword.internal.WebUIKeywordMain.runKeyword(WebUIKeywordMain.groovy:27)
	at com.kms.katalon.core.webui.keyword.builtin.VerifyElementTextKeyword.verifyElementText(VerifyElementTextKeyword.groovy:72)
	at com.kms.katalon.core.webui.keyword.builtin.VerifyElementTextKeyword.execute(VerifyElementTextKeyword.groovy:40)
	at com.kms.katalon.core.keyword.internal.KeywordExecutor.executeKeywordForPlatform(KeywordExecutor.groovy:53)
	at com.kms.katalon.core.webui.keyword.WebUiBuiltInKeywords.verifyElementText(WebUiBuiltInKeywords.groovy:3663)
	at com.kms.katalon.core.webui.keyword.WebUiBuiltInKeywords$verifyElementText$3.call(Unknown Source)
	at org.codehaus.groovy.runtime.callsite.CallSiteArray.defaultCall(CallSiteArray.java:48)
	at org.codehaus.groovy.runtime.callsite.AbstractCallSite.call(AbstractCallSite.java:113)
	at org.codehaus.groovy.runtime.callsite.AbstractCallSite.call(AbstractCallSite.java:133)
	at Script1541771976288.run(Script1541771976288.groovy:30)
	at com.kms.katalon.core.main.ScriptEngine.run(ScriptEngine.java:183)
	at com.kms.katalon.core.main.ScriptEngine.runScriptAsRawText(ScriptEngine.java:108)
	at com.kms.katalon.core.main.TestCaseExecutor.runScript(TestCaseExecutor.java:294)
	at com.kms.katalon.core.main.TestCaseExecutor.doExecute(TestCaseExecutor.java:285)
	at com.kms.katalon.core.main.TestCaseExecutor.processExecutionPhase(TestCaseExecutor.java:264)
	at com.kms.katalon.core.main.TestCaseExecutor.accessMainPhase(TestCaseExecutor.java:256)
	at com.kms.katalon.core.main.TestCaseExecutor.execute(TestCaseExecutor.java:200)
	at com.kms.katalon.core.main.TestSuiteExecutor.accessTestCaseMainPhase(TestSuiteExecutor.java:129)
	at com.kms.katalon.core.main.TestSuiteExecutor.accessTestSuiteMainPhase(TestSuiteExecutor.java:112)
	at com.kms.katalon.core.main.TestSuiteExecutor.execute(TestSuiteExecutor.java:81)
	at com.kms.katalon.core.main.TestCaseMain.startTestSuite(TestCaseMain.java:142)
	at com.kms.katalon.core.main.TestCaseMain$startTestSuite$0.call(Unknown Source)
	at org.codehaus.groovy.runtime.callsite.CallSiteArray.defaultCall(CallSiteArray.java:48)
	at org.codehaus.groovy.runtime.callsite.AbstractCallSite.call(AbstractCallSite.java:113)
	at org.codehaus.groovy.runtime.callsite.AbstractCallSite.call(AbstractCallSite.java:141)
	at TempTestSuite1541772260532.run(TempTestSuite1541772260532.groovy:36)
	at groovy.lang.GroovyShell.runScriptOrMainOrTestOrRunnable(GroovyShell.java:263)
	at groovy.lang.GroovyShell.run(GroovyShell.java:518)
	at groovy.lang.GroovyShell.run(GroovyShell.java:507)
	at groovy.ui.GroovyMain.processOnce(GroovyMain.java:653)
	at groovy.ui.GroovyMain.run(GroovyMain.java:384)
	at groovy.ui.GroovyMain.process(GroovyMain.java:370)
	at groovy.ui.GroovyMain.processArgs(GroovyMain.java:129)
	at groovy.ui.GroovyMain.main(GroovyMain.java:109)
	at sun.reflect.NativeMethodAccessorImpl.invoke0(Native Method)
	at sun.reflect.NativeMethodAccessorImpl.invoke(NativeMethodAccessorImpl.java:62)
	at sun.reflect.DelegatingMethodAccessorImpl.invoke(DelegatingMethodAccessorImpl.java:43)
	at java.lang.reflect.Method.invoke(Method.java:498)
	at org.codehaus.groovy.tools.GroovyStarter.rootLoader(GroovyStarter.java:109)
	at org.codehaus.groovy.tools.GroovyStarter.main(GroovyStarter.java:131)
)"/>
         <system-out><![CDATA[2018-11-09 21:05:52 - [TEST_CASE][FAILED] - Test Cases/Tee/Web/Equivalence Class - good web/TC003_Isosceles: Test Cases/Tee/Web/Equivalence Class - good web/TC003_Isosceles FAILED because (of) (Stack trace: com.kms.katalon.core.exception.StepFailedException: Verify element text of test object 'Object Repository/Test UI Triangle/Page_/div_Equilateral' FAILED. (Root cause: Actual text 'Not a Triangle' and expected text 'Isosceles' of test object 'Object Repository/Test UI Triangle/Page_/div_Equilateral' are NOT matched.)
	at com.kms.katalon.core.keyword.internal.KeywordMain.stepFailed(KeywordMain.groovy:36)
	at com.kms.katalon.core.webui.keyword.internal.WebUIKeywordMain.stepFailed(WebUIKeywordMain.groovy:65)
	at com.kms.katalon.core.webui.keyword.internal.WebUIKeywordMain.runKeyword(WebUIKeywordMain.groovy:27)
	at com.kms.katalon.core.webui.keyword.builtin.VerifyElementTextKeyword.verifyElementText(VerifyElementTextKeyword.groovy:72)
	at com.kms.katalon.core.webui.keyword.builtin.VerifyElementTextKeyword.execute(VerifyElementTextKeyword.groovy:40)
	at com.kms.katalon.core.keyword.internal.KeywordExecutor.executeKeywordForPlatform(KeywordExecutor.groovy:53)
	at com.kms.katalon.core.webui.keyword.WebUiBuiltInKeywords.verifyElementText(WebUiBuiltInKeywords.groovy:3663)
	at com.kms.katalon.core.webui.keyword.WebUiBuiltInKeywords$verifyElementText$3.call(Unknown Source)
	at org.codehaus.groovy.runtime.callsite.CallSiteArray.defaultCall(CallSiteArray.java:48)
	at org.codehaus.groovy.runtime.callsite.AbstractCallSite.call(AbstractCallSite.java:113)
	at org.codehaus.groovy.runtime.callsite.AbstractCallSite.call(AbstractCallSite.java:133)
	at Script1541771976288.run(Script1541771976288.groovy:30)
	at com.kms.katalon.core.main.ScriptEngine.run(ScriptEngine.java:183)
	at com.kms.katalon.core.main.ScriptEngine.runScriptAsRawText(ScriptEngine.java:108)
	at com.kms.katalon.core.main.TestCaseExecutor.runScript(TestCaseExecutor.java:294)
	at com.kms.katalon.core.main.TestCaseExecutor.doExecute(TestCaseExecutor.java:285)
	at com.kms.katalon.core.main.TestCaseExecutor.processExecutionPhase(TestCaseExecutor.java:264)
	at com.kms.katalon.core.main.TestCaseExecutor.accessMainPhase(TestCaseExecutor.java:256)
	at com.kms.katalon.core.main.TestCaseExecutor.execute(TestCaseExecutor.java:200)
	at com.kms.katalon.core.main.TestSuiteExecutor.accessTestCaseMainPhase(TestSuiteExecutor.java:129)
	at com.kms.katalon.core.main.TestSuiteExecutor.accessTestSuiteMainPhase(TestSuiteExecutor.java:112)
	at com.kms.katalon.core.main.TestSuiteExecutor.execute(TestSuiteExecutor.java:81)
	at com.kms.katalon.core.main.TestCaseMain.startTestSuite(TestCaseMain.java:142)
	at com.kms.katalon.core.main.TestCaseMain$startTestSuite$0.call(Unknown Source)
	at org.codehaus.groovy.runtime.callsite.CallSiteArray.defaultCall(CallSiteArray.java:48)
	at org.codehaus.groovy.runtime.callsite.AbstractCallSite.call(AbstractCallSite.java:113)
	at org.codehaus.groovy.runtime.callsite.AbstractCallSite.call(AbstractCallSite.java:141)
	at TempTestSuite1541772260532.run(TempTestSuite1541772260532.groovy:36)
	at groovy.lang.GroovyShell.runScriptOrMainOrTestOrRunnable(GroovyShell.java:263)
	at groovy.lang.GroovyShell.run(GroovyShell.java:518)
	at groovy.lang.GroovyShell.run(GroovyShell.java:507)
	at groovy.ui.GroovyMain.processOnce(GroovyMain.java:653)
	at groovy.ui.GroovyMain.run(GroovyMain.java:384)
	at groovy.ui.GroovyMain.process(GroovyMain.java:370)
	at groovy.ui.GroovyMain.processArgs(GroovyMain.java:129)
	at groovy.ui.GroovyMain.main(GroovyMain.java:109)
	at sun.reflect.NativeMethodAccessorImpl.invoke0(Native Method)
	at sun.reflect.NativeMethodAccessorImpl.invoke(NativeMethodAccessorImpl.java:62)
	at sun.reflect.DelegatingMethodAccessorImpl.invoke(DelegatingMethodAccessorImpl.java:43)
	at java.lang.reflect.Method.invoke(Method.java:498)
	at org.codehaus.groovy.tools.GroovyStarter.rootLoader(GroovyStarter.java:109)
	at org.codehaus.groovy.tools.GroovyStarter.main(GroovyStarter.java:131)
)

2018-11-09 21:05:52 - [TEST_STEP][PASSED] - openBrowser: Browser is opened with url: ''

2018-11-09 21:05:52 - [MESSAGE][WARNING] - A browser is already opened. Closing browser and opening a new one

2018-11-09 21:05:53 - [MESSAGE][PASSED] - Browser is opened with url: ''

2018-11-09 21:05:53 - [TEST_STEP][PASSED] - navigateToUrl: Navigate to 'https://good-web.testing.se.nattaponra.com/' successfully

2018-11-09 21:05:56 - [MESSAGE][PASSED] - Navigate to 'https://good-web.testing.se.nattaponra.com/' successfully

2018-11-09 21:05:56 - [TEST_STEP][PASSED] - setText: Text '100' is set on object 'Object Repository/Test UI Triangle/Page_/input_ A_aSide (1)'

2018-11-09 21:05:56 - [MESSAGE][PASSED] - Text '100' is set on object 'Object Repository/Test UI Triangle/Page_/input_ A_aSide (1)'

2018-11-09 21:05:56 - [TEST_STEP][PASSED] - setText: Text '200' is set on object 'Object Repository/Test UI Triangle/Page_/input_ B_bSide (1)'

2018-11-09 21:05:56 - [MESSAGE][PASSED] - Text '200' is set on object 'Object Repository/Test UI Triangle/Page_/input_ B_bSide (1)'

2018-11-09 21:05:56 - [TEST_STEP][PASSED] - setText: Text '100' is set on object 'Object Repository/Test UI Triangle/Page_/input_ C_cSide (1)'

2018-11-09 21:05:56 - [MESSAGE][PASSED] - Text '100' is set on object 'Object Repository/Test UI Triangle/Page_/input_ C_cSide (1)'

2018-11-09 21:05:56 - [TEST_STEP][PASSED] - click: Object: 'Object Repository/Test UI Triangle/Page_/a_ (1)' is clicked on

2018-11-09 21:05:56 - [MESSAGE][PASSED] - Object: 'Object Repository/Test UI Triangle/Page_/a_ (1)' is clicked on

2018-11-09 21:05:56 - [TEST_STEP][PASSED] - click: Object: 'Object Repository/Test UI Triangle/Page_/div_Equilateral' is clicked on

2018-11-09 21:05:57 - [MESSAGE][PASSED] - Object: 'Object Repository/Test UI Triangle/Page_/div_Equilateral' is clicked on

2018-11-09 21:05:57 - [TEST_STEP][FAILED] - verifyElementText: Verify element text of test object 'Object Repository/Test UI Triangle/Page_/div_Equilateral' FAILED. (Root cause: Actual text 'Not a Triangle' and expected text 'Isosceles' of test object 'Object Repository/Test UI Triangle/Page_/div_Equilateral' are NOT matched.)

2018-11-09 21:05:57 - [MESSAGE][FAILED] - Actual text 'Not a Triangle' and expected text 'Isosceles' of test object 'Object Repository/Test UI Triangle/Page_/div_Equilateral' are NOT matched.
[[ATTACHMENT|/Users/tee/git/katalon-test-case/Reports/Tee/Equivalance Test Suite - good Website/20181109_210410/1541772357447.png]]

2018-11-09 21:05:58 - [MESSAGE][FAILED] - Verify element text of test object 'Object Repository/Test UI Triangle/Page_/div_Equilateral' FAILED. (Root cause: Actual text 'Not a Triangle' and expected text 'Isosceles' of test object 'Object Repository/Test UI Triangle/Page_/div_Equilateral' are NOT matched.)
[[ATTACHMENT|/Users/tee/git/katalon-test-case/Reports/Tee/Equivalance Test Suite - good Website/20181109_210410/1541772357883.png]]]]></system-out>
         <system-err><![CDATA[2018-11-09 21:05:52 - [TEST_CASE][FAILED] - Test Cases/Tee/Web/Equivalence Class - good web/TC003_Isosceles: Test Cases/Tee/Web/Equivalence Class - good web/TC003_Isosceles FAILED because (of) (Stack trace: com.kms.katalon.core.exception.StepFailedException: Verify element text of test object 'Object Repository/Test UI Triangle/Page_/div_Equilateral' FAILED. (Root cause: Actual text 'Not a Triangle' and expected text 'Isosceles' of test object 'Object Repository/Test UI Triangle/Page_/div_Equilateral' are NOT matched.)
	at com.kms.katalon.core.keyword.internal.KeywordMain.stepFailed(KeywordMain.groovy:36)
	at com.kms.katalon.core.webui.keyword.internal.WebUIKeywordMain.stepFailed(WebUIKeywordMain.groovy:65)
	at com.kms.katalon.core.webui.keyword.internal.WebUIKeywordMain.runKeyword(WebUIKeywordMain.groovy:27)
	at com.kms.katalon.core.webui.keyword.builtin.VerifyElementTextKeyword.verifyElementText(VerifyElementTextKeyword.groovy:72)
	at com.kms.katalon.core.webui.keyword.builtin.VerifyElementTextKeyword.execute(VerifyElementTextKeyword.groovy:40)
	at com.kms.katalon.core.keyword.internal.KeywordExecutor.executeKeywordForPlatform(KeywordExecutor.groovy:53)
	at com.kms.katalon.core.webui.keyword.WebUiBuiltInKeywords.verifyElementText(WebUiBuiltInKeywords.groovy:3663)
	at com.kms.katalon.core.webui.keyword.WebUiBuiltInKeywords$verifyElementText$3.call(Unknown Source)
	at org.codehaus.groovy.runtime.callsite.CallSiteArray.defaultCall(CallSiteArray.java:48)
	at org.codehaus.groovy.runtime.callsite.AbstractCallSite.call(AbstractCallSite.java:113)
	at org.codehaus.groovy.runtime.callsite.AbstractCallSite.call(AbstractCallSite.java:133)
	at Script1541771976288.run(Script1541771976288.groovy:30)
	at com.kms.katalon.core.main.ScriptEngine.run(ScriptEngine.java:183)
	at com.kms.katalon.core.main.ScriptEngine.runScriptAsRawText(ScriptEngine.java:108)
	at com.kms.katalon.core.main.TestCaseExecutor.runScript(TestCaseExecutor.java:294)
	at com.kms.katalon.core.main.TestCaseExecutor.doExecute(TestCaseExecutor.java:285)
	at com.kms.katalon.core.main.TestCaseExecutor.processExecutionPhase(TestCaseExecutor.java:264)
	at com.kms.katalon.core.main.TestCaseExecutor.accessMainPhase(TestCaseExecutor.java:256)
	at com.kms.katalon.core.main.TestCaseExecutor.execute(TestCaseExecutor.java:200)
	at com.kms.katalon.core.main.TestSuiteExecutor.accessTestCaseMainPhase(TestSuiteExecutor.java:129)
	at com.kms.katalon.core.main.TestSuiteExecutor.accessTestSuiteMainPhase(TestSuiteExecutor.java:112)
	at com.kms.katalon.core.main.TestSuiteExecutor.execute(TestSuiteExecutor.java:81)
	at com.kms.katalon.core.main.TestCaseMain.startTestSuite(TestCaseMain.java:142)
	at com.kms.katalon.core.main.TestCaseMain$startTestSuite$0.call(Unknown Source)
	at org.codehaus.groovy.runtime.callsite.CallSiteArray.defaultCall(CallSiteArray.java:48)
	at org.codehaus.groovy.runtime.callsite.AbstractCallSite.call(AbstractCallSite.java:113)
	at org.codehaus.groovy.runtime.callsite.AbstractCallSite.call(AbstractCallSite.java:141)
	at TempTestSuite1541772260532.run(TempTestSuite1541772260532.groovy:36)
	at groovy.lang.GroovyShell.runScriptOrMainOrTestOrRunnable(GroovyShell.java:263)
	at groovy.lang.GroovyShell.run(GroovyShell.java:518)
	at groovy.lang.GroovyShell.run(GroovyShell.java:507)
	at groovy.ui.GroovyMain.processOnce(GroovyMain.java:653)
	at groovy.ui.GroovyMain.run(GroovyMain.java:384)
	at groovy.ui.GroovyMain.process(GroovyMain.java:370)
	at groovy.ui.GroovyMain.processArgs(GroovyMain.java:129)
	at groovy.ui.GroovyMain.main(GroovyMain.java:109)
	at sun.reflect.NativeMethodAccessorImpl.invoke0(Native Method)
	at sun.reflect.NativeMethodAccessorImpl.invoke(NativeMethodAccessorImpl.java:62)
	at sun.reflect.DelegatingMethodAccessorImpl.invoke(DelegatingMethodAccessorImpl.java:43)
	at java.lang.reflect.Method.invoke(Method.java:498)
	at org.codehaus.groovy.tools.GroovyStarter.rootLoader(GroovyStarter.java:109)
	at org.codehaus.groovy.tools.GroovyStarter.main(GroovyStarter.java:131)
)]]></system-err>
      </testcase>
      <testcase name="Test Cases/Tee/Web/Equivalence Class - good web/TC005_Not a triangle" classname="Test Cases/Tee/Web/Equivalence Class - good web/TC005_Not a triangle" status="PASSED">
         <system-out><![CDATA[2018-11-09 21:05:58 - [TEST_CASE][PASSED] - Test Cases/Tee/Web/Equivalence Class - good web/TC005_Not a triangle: Test Cases/Tee/Web/Equivalence Class - good web/TC005_Not a triangle

2018-11-09 21:05:58 - [TEST_STEP][PASSED] - openBrowser: Browser is opened with url: ''

2018-11-09 21:05:58 - [MESSAGE][WARNING] - A browser is already opened. Closing browser and opening a new one

2018-11-09 21:05:59 - [MESSAGE][PASSED] - Browser is opened with url: ''

2018-11-09 21:05:59 - [TEST_STEP][PASSED] - navigateToUrl: Navigate to 'https://good-web.testing.se.nattaponra.com/' successfully

2018-11-09 21:06:01 - [MESSAGE][PASSED] - Navigate to 'https://good-web.testing.se.nattaponra.com/' successfully

2018-11-09 21:06:01 - [TEST_STEP][PASSED] - setText: Text '1' is set on object 'Object Repository/Test UI Triangle/Page_/input_ A_aSide (1)'

2018-11-09 21:06:01 - [MESSAGE][PASSED] - Text '1' is set on object 'Object Repository/Test UI Triangle/Page_/input_ A_aSide (1)'

2018-11-09 21:06:01 - [TEST_STEP][PASSED] - setText: Text '2' is set on object 'Object Repository/Test UI Triangle/Page_/input_ B_bSide (1)'

2018-11-09 21:06:02 - [MESSAGE][PASSED] - Text '2' is set on object 'Object Repository/Test UI Triangle/Page_/input_ B_bSide (1)'

2018-11-09 21:06:02 - [TEST_STEP][PASSED] - setText: Text '3' is set on object 'Object Repository/Test UI Triangle/Page_/input_ C_cSide (1)'

2018-11-09 21:06:02 - [MESSAGE][PASSED] - Text '3' is set on object 'Object Repository/Test UI Triangle/Page_/input_ C_cSide (1)'

2018-11-09 21:06:02 - [TEST_STEP][PASSED] - click: Object: 'Object Repository/Test UI Triangle/Page_/a_ (1)' is clicked on

2018-11-09 21:06:02 - [MESSAGE][PASSED] - Object: 'Object Repository/Test UI Triangle/Page_/a_ (1)' is clicked on

2018-11-09 21:06:02 - [TEST_STEP][PASSED] - click: Object: 'Object Repository/Test UI Triangle/Page_/div_Equilateral' is clicked on

2018-11-09 21:06:02 - [MESSAGE][PASSED] - Object: 'Object Repository/Test UI Triangle/Page_/div_Equilateral' is clicked on

2018-11-09 21:06:02 - [TEST_STEP][PASSED] - verifyElementText: Actual text and expected text of test object 'Object Repository/Test UI Triangle/Page_/div_Equilateral' are matched.

2018-11-09 21:06:02 - [MESSAGE][PASSED] - Actual text and expected text of test object 'Object Repository/Test UI Triangle/Page_/div_Equilateral' are matched.

2018-11-09 21:06:02 - [TEST_STEP][PASSED] - closeBrowser: Browser is closed

2018-11-09 21:06:02 - [MESSAGE][PASSED] - Browser is closed]]></system-out>
         <system-err><![CDATA[]]></system-err>
      </testcase>
      <testcase name="Test Cases/Tee/Web/Equivalence Class - good web/TC012_Out of range" classname="Test Cases/Tee/Web/Equivalence Class - good web/TC012_Out of range" status="FAILED">
         <failure type="FAILED" message="(Stack trace: com.kms.katalon.core.exception.StepFailedException: Verify element text of test object 'Object Repository/Test UI Triangle/Page_/div_Equilateral' FAILED. (Root cause: Actual text 'Isosceles' and expected text 'Out of range' of test object 'Object Repository/Test UI Triangle/Page_/div_Equilateral' are NOT matched.)
	at com.kms.katalon.core.keyword.internal.KeywordMain.stepFailed(KeywordMain.groovy:36)
	at com.kms.katalon.core.webui.keyword.internal.WebUIKeywordMain.stepFailed(WebUIKeywordMain.groovy:65)
	at com.kms.katalon.core.webui.keyword.internal.WebUIKeywordMain.runKeyword(WebUIKeywordMain.groovy:27)
	at com.kms.katalon.core.webui.keyword.builtin.VerifyElementTextKeyword.verifyElementText(VerifyElementTextKeyword.groovy:72)
	at com.kms.katalon.core.webui.keyword.builtin.VerifyElementTextKeyword.execute(VerifyElementTextKeyword.groovy:40)
	at com.kms.katalon.core.keyword.internal.KeywordExecutor.executeKeywordForPlatform(KeywordExecutor.groovy:53)
	at com.kms.katalon.core.webui.keyword.WebUiBuiltInKeywords.verifyElementText(WebUiBuiltInKeywords.groovy:3663)
	at com.kms.katalon.core.webui.keyword.WebUiBuiltInKeywords$verifyElementText$3.call(Unknown Source)
	at org.codehaus.groovy.runtime.callsite.CallSiteArray.defaultCall(CallSiteArray.java:48)
	at org.codehaus.groovy.runtime.callsite.AbstractCallSite.call(AbstractCallSite.java:113)
	at org.codehaus.groovy.runtime.callsite.AbstractCallSite.call(AbstractCallSite.java:133)
	at Script1541771976285.run(Script1541771976285.groovy:30)
	at com.kms.katalon.core.main.ScriptEngine.run(ScriptEngine.java:183)
	at com.kms.katalon.core.main.ScriptEngine.runScriptAsRawText(ScriptEngine.java:108)
	at com.kms.katalon.core.main.TestCaseExecutor.runScript(TestCaseExecutor.java:294)
	at com.kms.katalon.core.main.TestCaseExecutor.doExecute(TestCaseExecutor.java:285)
	at com.kms.katalon.core.main.TestCaseExecutor.processExecutionPhase(TestCaseExecutor.java:264)
	at com.kms.katalon.core.main.TestCaseExecutor.accessMainPhase(TestCaseExecutor.java:256)
	at com.kms.katalon.core.main.TestCaseExecutor.execute(TestCaseExecutor.java:200)
	at com.kms.katalon.core.main.TestSuiteExecutor.accessTestCaseMainPhase(TestSuiteExecutor.java:129)
	at com.kms.katalon.core.main.TestSuiteExecutor.accessTestSuiteMainPhase(TestSuiteExecutor.java:112)
	at com.kms.katalon.core.main.TestSuiteExecutor.execute(TestSuiteExecutor.java:81)
	at com.kms.katalon.core.main.TestCaseMain.startTestSuite(TestCaseMain.java:142)
	at com.kms.katalon.core.main.TestCaseMain$startTestSuite$0.call(Unknown Source)
	at org.codehaus.groovy.runtime.callsite.CallSiteArray.defaultCall(CallSiteArray.java:48)
	at org.codehaus.groovy.runtime.callsite.AbstractCallSite.call(AbstractCallSite.java:113)
	at org.codehaus.groovy.runtime.callsite.AbstractCallSite.call(AbstractCallSite.java:141)
	at TempTestSuite1541772260532.run(TempTestSuite1541772260532.groovy:36)
	at groovy.lang.GroovyShell.runScriptOrMainOrTestOrRunnable(GroovyShell.java:263)
	at groovy.lang.GroovyShell.run(GroovyShell.java:518)
	at groovy.lang.GroovyShell.run(GroovyShell.java:507)
	at groovy.ui.GroovyMain.processOnce(GroovyMain.java:653)
	at groovy.ui.GroovyMain.run(GroovyMain.java:384)
	at groovy.ui.GroovyMain.process(GroovyMain.java:370)
	at groovy.ui.GroovyMain.processArgs(GroovyMain.java:129)
	at groovy.ui.GroovyMain.main(GroovyMain.java:109)
	at sun.reflect.NativeMethodAccessorImpl.invoke0(Native Method)
	at sun.reflect.NativeMethodAccessorImpl.invoke(NativeMethodAccessorImpl.java:62)
	at sun.reflect.DelegatingMethodAccessorImpl.invoke(DelegatingMethodAccessorImpl.java:43)
	at java.lang.reflect.Method.invoke(Method.java:498)
	at org.codehaus.groovy.tools.GroovyStarter.rootLoader(GroovyStarter.java:109)
	at org.codehaus.groovy.tools.GroovyStarter.main(GroovyStarter.java:131)
)"/>
         <system-out><![CDATA[2018-11-09 21:06:02 - [TEST_CASE][FAILED] - Test Cases/Tee/Web/Equivalence Class - good web/TC012_Out of range: Test Cases/Tee/Web/Equivalence Class - good web/TC012_Out of range FAILED because (of) (Stack trace: com.kms.katalon.core.exception.StepFailedException: Verify element text of test object 'Object Repository/Test UI Triangle/Page_/div_Equilateral' FAILED. (Root cause: Actual text 'Isosceles' and expected text 'Out of range' of test object 'Object Repository/Test UI Triangle/Page_/div_Equilateral' are NOT matched.)
	at com.kms.katalon.core.keyword.internal.KeywordMain.stepFailed(KeywordMain.groovy:36)
	at com.kms.katalon.core.webui.keyword.internal.WebUIKeywordMain.stepFailed(WebUIKeywordMain.groovy:65)
	at com.kms.katalon.core.webui.keyword.internal.WebUIKeywordMain.runKeyword(WebUIKeywordMain.groovy:27)
	at com.kms.katalon.core.webui.keyword.builtin.VerifyElementTextKeyword.verifyElementText(VerifyElementTextKeyword.groovy:72)
	at com.kms.katalon.core.webui.keyword.builtin.VerifyElementTextKeyword.execute(VerifyElementTextKeyword.groovy:40)
	at com.kms.katalon.core.keyword.internal.KeywordExecutor.executeKeywordForPlatform(KeywordExecutor.groovy:53)
	at com.kms.katalon.core.webui.keyword.WebUiBuiltInKeywords.verifyElementText(WebUiBuiltInKeywords.groovy:3663)
	at com.kms.katalon.core.webui.keyword.WebUiBuiltInKeywords$verifyElementText$3.call(Unknown Source)
	at org.codehaus.groovy.runtime.callsite.CallSiteArray.defaultCall(CallSiteArray.java:48)
	at org.codehaus.groovy.runtime.callsite.AbstractCallSite.call(AbstractCallSite.java:113)
	at org.codehaus.groovy.runtime.callsite.AbstractCallSite.call(AbstractCallSite.java:133)
	at Script1541771976285.run(Script1541771976285.groovy:30)
	at com.kms.katalon.core.main.ScriptEngine.run(ScriptEngine.java:183)
	at com.kms.katalon.core.main.ScriptEngine.runScriptAsRawText(ScriptEngine.java:108)
	at com.kms.katalon.core.main.TestCaseExecutor.runScript(TestCaseExecutor.java:294)
	at com.kms.katalon.core.main.TestCaseExecutor.doExecute(TestCaseExecutor.java:285)
	at com.kms.katalon.core.main.TestCaseExecutor.processExecutionPhase(TestCaseExecutor.java:264)
	at com.kms.katalon.core.main.TestCaseExecutor.accessMainPhase(TestCaseExecutor.java:256)
	at com.kms.katalon.core.main.TestCaseExecutor.execute(TestCaseExecutor.java:200)
	at com.kms.katalon.core.main.TestSuiteExecutor.accessTestCaseMainPhase(TestSuiteExecutor.java:129)
	at com.kms.katalon.core.main.TestSuiteExecutor.accessTestSuiteMainPhase(TestSuiteExecutor.java:112)
	at com.kms.katalon.core.main.TestSuiteExecutor.execute(TestSuiteExecutor.java:81)
	at com.kms.katalon.core.main.TestCaseMain.startTestSuite(TestCaseMain.java:142)
	at com.kms.katalon.core.main.TestCaseMain$startTestSuite$0.call(Unknown Source)
	at org.codehaus.groovy.runtime.callsite.CallSiteArray.defaultCall(CallSiteArray.java:48)
	at org.codehaus.groovy.runtime.callsite.AbstractCallSite.call(AbstractCallSite.java:113)
	at org.codehaus.groovy.runtime.callsite.AbstractCallSite.call(AbstractCallSite.java:141)
	at TempTestSuite1541772260532.run(TempTestSuite1541772260532.groovy:36)
	at groovy.lang.GroovyShell.runScriptOrMainOrTestOrRunnable(GroovyShell.java:263)
	at groovy.lang.GroovyShell.run(GroovyShell.java:518)
	at groovy.lang.GroovyShell.run(GroovyShell.java:507)
	at groovy.ui.GroovyMain.processOnce(GroovyMain.java:653)
	at groovy.ui.GroovyMain.run(GroovyMain.java:384)
	at groovy.ui.GroovyMain.process(GroovyMain.java:370)
	at groovy.ui.GroovyMain.processArgs(GroovyMain.java:129)
	at groovy.ui.GroovyMain.main(GroovyMain.java:109)
	at sun.reflect.NativeMethodAccessorImpl.invoke0(Native Method)
	at sun.reflect.NativeMethodAccessorImpl.invoke(NativeMethodAccessorImpl.java:62)
	at sun.reflect.DelegatingMethodAccessorImpl.invoke(DelegatingMethodAccessorImpl.java:43)
	at java.lang.reflect.Method.invoke(Method.java:498)
	at org.codehaus.groovy.tools.GroovyStarter.rootLoader(GroovyStarter.java:109)
	at org.codehaus.groovy.tools.GroovyStarter.main(GroovyStarter.java:131)
)

2018-11-09 21:06:03 - [TEST_STEP][PASSED] - openBrowser: Browser is opened with url: ''

2018-11-09 21:06:04 - [MESSAGE][PASSED] - Browser is opened with url: ''

2018-11-09 21:06:04 - [TEST_STEP][PASSED] - navigateToUrl: Navigate to 'https://good-web.testing.se.nattaponra.com/' successfully

2018-11-09 21:06:06 - [MESSAGE][PASSED] - Navigate to 'https://good-web.testing.se.nattaponra.com/' successfully

2018-11-09 21:06:06 - [TEST_STEP][PASSED] - setText: Text '201' is set on object 'Object Repository/Test UI Triangle/Page_/input_ A_aSide (1)'

2018-11-09 21:06:06 - [MESSAGE][PASSED] - Text '201' is set on object 'Object Repository/Test UI Triangle/Page_/input_ A_aSide (1)'

2018-11-09 21:06:06 - [TEST_STEP][PASSED] - setText: Text '200' is set on object 'Object Repository/Test UI Triangle/Page_/input_ B_bSide (1)'

2018-11-09 21:06:06 - [MESSAGE][PASSED] - Text '200' is set on object 'Object Repository/Test UI Triangle/Page_/input_ B_bSide (1)'

2018-11-09 21:06:06 - [TEST_STEP][PASSED] - setText: Text '200' is set on object 'Object Repository/Test UI Triangle/Page_/input_ C_cSide (1)'

2018-11-09 21:06:06 - [MESSAGE][PASSED] - Text '200' is set on object 'Object Repository/Test UI Triangle/Page_/input_ C_cSide (1)'

2018-11-09 21:06:06 - [TEST_STEP][PASSED] - click: Object: 'Object Repository/Test UI Triangle/Page_/a_ (1)' is clicked on

2018-11-09 21:06:06 - [MESSAGE][PASSED] - Object: 'Object Repository/Test UI Triangle/Page_/a_ (1)' is clicked on

2018-11-09 21:06:06 - [TEST_STEP][PASSED] - click: Object: 'Object Repository/Test UI Triangle/Page_/div_Equilateral' is clicked on

2018-11-09 21:06:12 - [MESSAGE][PASSED] - Object: 'Object Repository/Test UI Triangle/Page_/div_Equilateral' is clicked on

2018-11-09 21:06:12 - [TEST_STEP][FAILED] - verifyElementText: Verify element text of test object 'Object Repository/Test UI Triangle/Page_/div_Equilateral' FAILED. (Root cause: Actual text 'Isosceles' and expected text 'Out of range' of test object 'Object Repository/Test UI Triangle/Page_/div_Equilateral' are NOT matched.)

2018-11-09 21:06:12 - [MESSAGE][FAILED] - Actual text 'Isosceles' and expected text 'Out of range' of test object 'Object Repository/Test UI Triangle/Page_/div_Equilateral' are NOT matched.
[[ATTACHMENT|/Users/tee/git/katalon-test-case/Reports/Tee/Equivalance Test Suite - good Website/20181109_210410/1541772372326.png]]

2018-11-09 21:06:13 - [MESSAGE][FAILED] - Verify element text of test object 'Object Repository/Test UI Triangle/Page_/div_Equilateral' FAILED. (Root cause: Actual text 'Isosceles' and expected text 'Out of range' of test object 'Object Repository/Test UI Triangle/Page_/div_Equilateral' are NOT matched.)
[[ATTACHMENT|/Users/tee/git/katalon-test-case/Reports/Tee/Equivalance Test Suite - good Website/20181109_210410/1541772372886.png]]]]></system-out>
         <system-err><![CDATA[2018-11-09 21:06:02 - [TEST_CASE][FAILED] - Test Cases/Tee/Web/Equivalence Class - good web/TC012_Out of range: Test Cases/Tee/Web/Equivalence Class - good web/TC012_Out of range FAILED because (of) (Stack trace: com.kms.katalon.core.exception.StepFailedException: Verify element text of test object 'Object Repository/Test UI Triangle/Page_/div_Equilateral' FAILED. (Root cause: Actual text 'Isosceles' and expected text 'Out of range' of test object 'Object Repository/Test UI Triangle/Page_/div_Equilateral' are NOT matched.)
	at com.kms.katalon.core.keyword.internal.KeywordMain.stepFailed(KeywordMain.groovy:36)
	at com.kms.katalon.core.webui.keyword.internal.WebUIKeywordMain.stepFailed(WebUIKeywordMain.groovy:65)
	at com.kms.katalon.core.webui.keyword.internal.WebUIKeywordMain.runKeyword(WebUIKeywordMain.groovy:27)
	at com.kms.katalon.core.webui.keyword.builtin.VerifyElementTextKeyword.verifyElementText(VerifyElementTextKeyword.groovy:72)
	at com.kms.katalon.core.webui.keyword.builtin.VerifyElementTextKeyword.execute(VerifyElementTextKeyword.groovy:40)
	at com.kms.katalon.core.keyword.internal.KeywordExecutor.executeKeywordForPlatform(KeywordExecutor.groovy:53)
	at com.kms.katalon.core.webui.keyword.WebUiBuiltInKeywords.verifyElementText(WebUiBuiltInKeywords.groovy:3663)
	at com.kms.katalon.core.webui.keyword.WebUiBuiltInKeywords$verifyElementText$3.call(Unknown Source)
	at org.codehaus.groovy.runtime.callsite.CallSiteArray.defaultCall(CallSiteArray.java:48)
	at org.codehaus.groovy.runtime.callsite.AbstractCallSite.call(AbstractCallSite.java:113)
	at org.codehaus.groovy.runtime.callsite.AbstractCallSite.call(AbstractCallSite.java:133)
	at Script1541771976285.run(Script1541771976285.groovy:30)
	at com.kms.katalon.core.main.ScriptEngine.run(ScriptEngine.java:183)
	at com.kms.katalon.core.main.ScriptEngine.runScriptAsRawText(ScriptEngine.java:108)
	at com.kms.katalon.core.main.TestCaseExecutor.runScript(TestCaseExecutor.java:294)
	at com.kms.katalon.core.main.TestCaseExecutor.doExecute(TestCaseExecutor.java:285)
	at com.kms.katalon.core.main.TestCaseExecutor.processExecutionPhase(TestCaseExecutor.java:264)
	at com.kms.katalon.core.main.TestCaseExecutor.accessMainPhase(TestCaseExecutor.java:256)
	at com.kms.katalon.core.main.TestCaseExecutor.execute(TestCaseExecutor.java:200)
	at com.kms.katalon.core.main.TestSuiteExecutor.accessTestCaseMainPhase(TestSuiteExecutor.java:129)
	at com.kms.katalon.core.main.TestSuiteExecutor.accessTestSuiteMainPhase(TestSuiteExecutor.java:112)
	at com.kms.katalon.core.main.TestSuiteExecutor.execute(TestSuiteExecutor.java:81)
	at com.kms.katalon.core.main.TestCaseMain.startTestSuite(TestCaseMain.java:142)
	at com.kms.katalon.core.main.TestCaseMain$startTestSuite$0.call(Unknown Source)
	at org.codehaus.groovy.runtime.callsite.CallSiteArray.defaultCall(CallSiteArray.java:48)
	at org.codehaus.groovy.runtime.callsite.AbstractCallSite.call(AbstractCallSite.java:113)
	at org.codehaus.groovy.runtime.callsite.AbstractCallSite.call(AbstractCallSite.java:141)
	at TempTestSuite1541772260532.run(TempTestSuite1541772260532.groovy:36)
	at groovy.lang.GroovyShell.runScriptOrMainOrTestOrRunnable(GroovyShell.java:263)
	at groovy.lang.GroovyShell.run(GroovyShell.java:518)
	at groovy.lang.GroovyShell.run(GroovyShell.java:507)
	at groovy.ui.GroovyMain.processOnce(GroovyMain.java:653)
	at groovy.ui.GroovyMain.run(GroovyMain.java:384)
	at groovy.ui.GroovyMain.process(GroovyMain.java:370)
	at groovy.ui.GroovyMain.processArgs(GroovyMain.java:129)
	at groovy.ui.GroovyMain.main(GroovyMain.java:109)
	at sun.reflect.NativeMethodAccessorImpl.invoke0(Native Method)
	at sun.reflect.NativeMethodAccessorImpl.invoke(NativeMethodAccessorImpl.java:62)
	at sun.reflect.DelegatingMethodAccessorImpl.invoke(DelegatingMethodAccessorImpl.java:43)
	at java.lang.reflect.Method.invoke(Method.java:498)
	at org.codehaus.groovy.tools.GroovyStarter.rootLoader(GroovyStarter.java:109)
	at org.codehaus.groovy.tools.GroovyStarter.main(GroovyStarter.java:131)
)]]></system-err>
      </testcase>
      <testcase name="Test Cases/Tee/Web/Equivalence Class - good web/TC006_Not a triangle" classname="Test Cases/Tee/Web/Equivalence Class - good web/TC006_Not a triangle" status="PASSED">
         <system-out><![CDATA[2018-11-09 21:06:13 - [TEST_CASE][PASSED] - Test Cases/Tee/Web/Equivalence Class - good web/TC006_Not a triangle: Test Cases/Tee/Web/Equivalence Class - good web/TC006_Not a triangle

2018-11-09 21:06:13 - [TEST_STEP][PASSED] - openBrowser: Browser is opened with url: ''

2018-11-09 21:06:13 - [MESSAGE][WARNING] - A browser is already opened. Closing browser and opening a new one

2018-11-09 21:06:14 - [MESSAGE][PASSED] - Browser is opened with url: ''

2018-11-09 21:06:14 - [TEST_STEP][PASSED] - navigateToUrl: Navigate to 'https://good-web.testing.se.nattaponra.com/' successfully

2018-11-09 21:06:16 - [MESSAGE][PASSED] - Navigate to 'https://good-web.testing.se.nattaponra.com/' successfully

2018-11-09 21:06:16 - [TEST_STEP][PASSED] - setText: Text '2' is set on object 'Object Repository/Test UI Triangle/Page_/input_ A_aSide (1)'

2018-11-09 21:06:16 - [MESSAGE][PASSED] - Text '2' is set on object 'Object Repository/Test UI Triangle/Page_/input_ A_aSide (1)'

2018-11-09 21:06:16 - [TEST_STEP][PASSED] - setText: Text '1' is set on object 'Object Repository/Test UI Triangle/Page_/input_ B_bSide (1)'

2018-11-09 21:06:16 - [MESSAGE][PASSED] - Text '1' is set on object 'Object Repository/Test UI Triangle/Page_/input_ B_bSide (1)'

2018-11-09 21:06:16 - [TEST_STEP][PASSED] - setText: Text '3' is set on object 'Object Repository/Test UI Triangle/Page_/input_ C_cSide (1)'

2018-11-09 21:06:16 - [MESSAGE][PASSED] - Text '3' is set on object 'Object Repository/Test UI Triangle/Page_/input_ C_cSide (1)'

2018-11-09 21:06:16 - [TEST_STEP][PASSED] - click: Object: 'Object Repository/Test UI Triangle/Page_/a_ (1)' is clicked on

2018-11-09 21:06:16 - [MESSAGE][PASSED] - Object: 'Object Repository/Test UI Triangle/Page_/a_ (1)' is clicked on

2018-11-09 21:06:16 - [TEST_STEP][PASSED] - click: Object: 'Object Repository/Test UI Triangle/Page_/div_Equilateral' is clicked on

2018-11-09 21:06:17 - [MESSAGE][PASSED] - Object: 'Object Repository/Test UI Triangle/Page_/div_Equilateral' is clicked on

2018-11-09 21:06:17 - [TEST_STEP][PASSED] - verifyElementText: Actual text and expected text of test object 'Object Repository/Test UI Triangle/Page_/div_Equilateral' are matched.

2018-11-09 21:06:17 - [MESSAGE][PASSED] - Actual text and expected text of test object 'Object Repository/Test UI Triangle/Page_/div_Equilateral' are matched.

2018-11-09 21:06:17 - [TEST_STEP][PASSED] - closeBrowser: Browser is closed

2018-11-09 21:06:17 - [MESSAGE][PASSED] - Browser is closed]]></system-out>
         <system-err><![CDATA[]]></system-err>
      </testcase>
      <testcase name="Test Cases/Tee/Web/Equivalence Class - good web/TC014_Scelene" classname="Test Cases/Tee/Web/Equivalence Class - good web/TC014_Scelene" status="FAILED">
         <failure type="FAILED" message="(Stack trace: com.kms.katalon.core.exception.StepFailedException: Verify element text of test object 'Object Repository/Test UI Triangle/Page_/div_Equilateral' FAILED. (Root cause: Actual text 'Isosceles' and expected text 'Out of range' of test object 'Object Repository/Test UI Triangle/Page_/div_Equilateral' are NOT matched.)
	at com.kms.katalon.core.keyword.internal.KeywordMain.stepFailed(KeywordMain.groovy:36)
	at com.kms.katalon.core.webui.keyword.internal.WebUIKeywordMain.stepFailed(WebUIKeywordMain.groovy:65)
	at com.kms.katalon.core.webui.keyword.internal.WebUIKeywordMain.runKeyword(WebUIKeywordMain.groovy:27)
	at com.kms.katalon.core.webui.keyword.builtin.VerifyElementTextKeyword.verifyElementText(VerifyElementTextKeyword.groovy:72)
	at com.kms.katalon.core.webui.keyword.builtin.VerifyElementTextKeyword.execute(VerifyElementTextKeyword.groovy:40)
	at com.kms.katalon.core.keyword.internal.KeywordExecutor.executeKeywordForPlatform(KeywordExecutor.groovy:53)
	at com.kms.katalon.core.webui.keyword.WebUiBuiltInKeywords.verifyElementText(WebUiBuiltInKeywords.groovy:3663)
	at com.kms.katalon.core.webui.keyword.WebUiBuiltInKeywords$verifyElementText$3.call(Unknown Source)
	at org.codehaus.groovy.runtime.callsite.CallSiteArray.defaultCall(CallSiteArray.java:48)
	at org.codehaus.groovy.runtime.callsite.AbstractCallSite.call(AbstractCallSite.java:113)
	at org.codehaus.groovy.runtime.callsite.AbstractCallSite.call(AbstractCallSite.java:133)
	at Script1541771976281.run(Script1541771976281.groovy:30)
	at com.kms.katalon.core.main.ScriptEngine.run(ScriptEngine.java:183)
	at com.kms.katalon.core.main.ScriptEngine.runScriptAsRawText(ScriptEngine.java:108)
	at com.kms.katalon.core.main.TestCaseExecutor.runScript(TestCaseExecutor.java:294)
	at com.kms.katalon.core.main.TestCaseExecutor.doExecute(TestCaseExecutor.java:285)
	at com.kms.katalon.core.main.TestCaseExecutor.processExecutionPhase(TestCaseExecutor.java:264)
	at com.kms.katalon.core.main.TestCaseExecutor.accessMainPhase(TestCaseExecutor.java:256)
	at com.kms.katalon.core.main.TestCaseExecutor.execute(TestCaseExecutor.java:200)
	at com.kms.katalon.core.main.TestSuiteExecutor.accessTestCaseMainPhase(TestSuiteExecutor.java:129)
	at com.kms.katalon.core.main.TestSuiteExecutor.accessTestSuiteMainPhase(TestSuiteExecutor.java:112)
	at com.kms.katalon.core.main.TestSuiteExecutor.execute(TestSuiteExecutor.java:81)
	at com.kms.katalon.core.main.TestCaseMain.startTestSuite(TestCaseMain.java:142)
	at com.kms.katalon.core.main.TestCaseMain$startTestSuite$0.call(Unknown Source)
	at org.codehaus.groovy.runtime.callsite.CallSiteArray.defaultCall(CallSiteArray.java:48)
	at org.codehaus.groovy.runtime.callsite.AbstractCallSite.call(AbstractCallSite.java:113)
	at org.codehaus.groovy.runtime.callsite.AbstractCallSite.call(AbstractCallSite.java:141)
	at TempTestSuite1541772260532.run(TempTestSuite1541772260532.groovy:36)
	at groovy.lang.GroovyShell.runScriptOrMainOrTestOrRunnable(GroovyShell.java:263)
	at groovy.lang.GroovyShell.run(GroovyShell.java:518)
	at groovy.lang.GroovyShell.run(GroovyShell.java:507)
	at groovy.ui.GroovyMain.processOnce(GroovyMain.java:653)
	at groovy.ui.GroovyMain.run(GroovyMain.java:384)
	at groovy.ui.GroovyMain.process(GroovyMain.java:370)
	at groovy.ui.GroovyMain.processArgs(GroovyMain.java:129)
	at groovy.ui.GroovyMain.main(GroovyMain.java:109)
	at sun.reflect.NativeMethodAccessorImpl.invoke0(Native Method)
	at sun.reflect.NativeMethodAccessorImpl.invoke(NativeMethodAccessorImpl.java:62)
	at sun.reflect.DelegatingMethodAccessorImpl.invoke(DelegatingMethodAccessorImpl.java:43)
	at java.lang.reflect.Method.invoke(Method.java:498)
	at org.codehaus.groovy.tools.GroovyStarter.rootLoader(GroovyStarter.java:109)
	at org.codehaus.groovy.tools.GroovyStarter.main(GroovyStarter.java:131)
)"/>
         <system-out><![CDATA[2018-11-09 21:06:17 - [TEST_CASE][FAILED] - Test Cases/Tee/Web/Equivalence Class - good web/TC014_Scelene: Test Cases/Tee/Web/Equivalence Class - good web/TC014_Scelene FAILED because (of) (Stack trace: com.kms.katalon.core.exception.StepFailedException: Verify element text of test object 'Object Repository/Test UI Triangle/Page_/div_Equilateral' FAILED. (Root cause: Actual text 'Isosceles' and expected text 'Out of range' of test object 'Object Repository/Test UI Triangle/Page_/div_Equilateral' are NOT matched.)
	at com.kms.katalon.core.keyword.internal.KeywordMain.stepFailed(KeywordMain.groovy:36)
	at com.kms.katalon.core.webui.keyword.internal.WebUIKeywordMain.stepFailed(WebUIKeywordMain.groovy:65)
	at com.kms.katalon.core.webui.keyword.internal.WebUIKeywordMain.runKeyword(WebUIKeywordMain.groovy:27)
	at com.kms.katalon.core.webui.keyword.builtin.VerifyElementTextKeyword.verifyElementText(VerifyElementTextKeyword.groovy:72)
	at com.kms.katalon.core.webui.keyword.builtin.VerifyElementTextKeyword.execute(VerifyElementTextKeyword.groovy:40)
	at com.kms.katalon.core.keyword.internal.KeywordExecutor.executeKeywordForPlatform(KeywordExecutor.groovy:53)
	at com.kms.katalon.core.webui.keyword.WebUiBuiltInKeywords.verifyElementText(WebUiBuiltInKeywords.groovy:3663)
	at com.kms.katalon.core.webui.keyword.WebUiBuiltInKeywords$verifyElementText$3.call(Unknown Source)
	at org.codehaus.groovy.runtime.callsite.CallSiteArray.defaultCall(CallSiteArray.java:48)
	at org.codehaus.groovy.runtime.callsite.AbstractCallSite.call(AbstractCallSite.java:113)
	at org.codehaus.groovy.runtime.callsite.AbstractCallSite.call(AbstractCallSite.java:133)
	at Script1541771976281.run(Script1541771976281.groovy:30)
	at com.kms.katalon.core.main.ScriptEngine.run(ScriptEngine.java:183)
	at com.kms.katalon.core.main.ScriptEngine.runScriptAsRawText(ScriptEngine.java:108)
	at com.kms.katalon.core.main.TestCaseExecutor.runScript(TestCaseExecutor.java:294)
	at com.kms.katalon.core.main.TestCaseExecutor.doExecute(TestCaseExecutor.java:285)
	at com.kms.katalon.core.main.TestCaseExecutor.processExecutionPhase(TestCaseExecutor.java:264)
	at com.kms.katalon.core.main.TestCaseExecutor.accessMainPhase(TestCaseExecutor.java:256)
	at com.kms.katalon.core.main.TestCaseExecutor.execute(TestCaseExecutor.java:200)
	at com.kms.katalon.core.main.TestSuiteExecutor.accessTestCaseMainPhase(TestSuiteExecutor.java:129)
	at com.kms.katalon.core.main.TestSuiteExecutor.accessTestSuiteMainPhase(TestSuiteExecutor.java:112)
	at com.kms.katalon.core.main.TestSuiteExecutor.execute(TestSuiteExecutor.java:81)
	at com.kms.katalon.core.main.TestCaseMain.startTestSuite(TestCaseMain.java:142)
	at com.kms.katalon.core.main.TestCaseMain$startTestSuite$0.call(Unknown Source)
	at org.codehaus.groovy.runtime.callsite.CallSiteArray.defaultCall(CallSiteArray.java:48)
	at org.codehaus.groovy.runtime.callsite.AbstractCallSite.call(AbstractCallSite.java:113)
	at org.codehaus.groovy.runtime.callsite.AbstractCallSite.call(AbstractCallSite.java:141)
	at TempTestSuite1541772260532.run(TempTestSuite1541772260532.groovy:36)
	at groovy.lang.GroovyShell.runScriptOrMainOrTestOrRunnable(GroovyShell.java:263)
	at groovy.lang.GroovyShell.run(GroovyShell.java:518)
	at groovy.lang.GroovyShell.run(GroovyShell.java:507)
	at groovy.ui.GroovyMain.processOnce(GroovyMain.java:653)
	at groovy.ui.GroovyMain.run(GroovyMain.java:384)
	at groovy.ui.GroovyMain.process(GroovyMain.java:370)
	at groovy.ui.GroovyMain.processArgs(GroovyMain.java:129)
	at groovy.ui.GroovyMain.main(GroovyMain.java:109)
	at sun.reflect.NativeMethodAccessorImpl.invoke0(Native Method)
	at sun.reflect.NativeMethodAccessorImpl.invoke(NativeMethodAccessorImpl.java:62)
	at sun.reflect.DelegatingMethodAccessorImpl.invoke(DelegatingMethodAccessorImpl.java:43)
	at java.lang.reflect.Method.invoke(Method.java:498)
	at org.codehaus.groovy.tools.GroovyStarter.rootLoader(GroovyStarter.java:109)
	at org.codehaus.groovy.tools.GroovyStarter.main(GroovyStarter.java:131)
)

2018-11-09 21:06:17 - [TEST_STEP][PASSED] - openBrowser: Browser is opened with url: ''

2018-11-09 21:06:19 - [MESSAGE][PASSED] - Browser is opened with url: ''

2018-11-09 21:06:19 - [TEST_STEP][PASSED] - navigateToUrl: Navigate to 'https://good-web.testing.se.nattaponra.com/' successfully

2018-11-09 21:06:20 - [MESSAGE][PASSED] - Navigate to 'https://good-web.testing.se.nattaponra.com/' successfully

2018-11-09 21:06:20 - [TEST_STEP][PASSED] - setText: Text '201' is set on object 'Object Repository/Test UI Triangle/Page_/input_ A_aSide (1)'

2018-11-09 21:06:20 - [MESSAGE][PASSED] - Text '201' is set on object 'Object Repository/Test UI Triangle/Page_/input_ A_aSide (1)'

2018-11-09 21:06:20 - [TEST_STEP][PASSED] - setText: Text '200' is set on object 'Object Repository/Test UI Triangle/Page_/input_ B_bSide (1)'

2018-11-09 21:06:21 - [MESSAGE][PASSED] - Text '200' is set on object 'Object Repository/Test UI Triangle/Page_/input_ B_bSide (1)'

2018-11-09 21:06:21 - [TEST_STEP][PASSED] - setText: Text '200' is set on object 'Object Repository/Test UI Triangle/Page_/input_ C_cSide (1)'

2018-11-09 21:06:21 - [MESSAGE][PASSED] - Text '200' is set on object 'Object Repository/Test UI Triangle/Page_/input_ C_cSide (1)'

2018-11-09 21:06:21 - [TEST_STEP][PASSED] - click: Object: 'Object Repository/Test UI Triangle/Page_/a_ (1)' is clicked on

2018-11-09 21:06:24 - [MESSAGE][PASSED] - Object: 'Object Repository/Test UI Triangle/Page_/a_ (1)' is clicked on

2018-11-09 21:06:24 - [TEST_STEP][PASSED] - click: Object: 'Object Repository/Test UI Triangle/Page_/div_Equilateral' is clicked on

2018-11-09 21:06:30 - [MESSAGE][PASSED] - Object: 'Object Repository/Test UI Triangle/Page_/div_Equilateral' is clicked on

2018-11-09 21:06:30 - [TEST_STEP][FAILED] - verifyElementText: Verify element text of test object 'Object Repository/Test UI Triangle/Page_/div_Equilateral' FAILED. (Root cause: Actual text 'Isosceles' and expected text 'Out of range' of test object 'Object Repository/Test UI Triangle/Page_/div_Equilateral' are NOT matched.)

2018-11-09 21:06:30 - [MESSAGE][FAILED] - Actual text 'Isosceles' and expected text 'Out of range' of test object 'Object Repository/Test UI Triangle/Page_/div_Equilateral' are NOT matched.
[[ATTACHMENT|/Users/tee/git/katalon-test-case/Reports/Tee/Equivalance Test Suite - good Website/20181109_210410/1541772390274.png]]

2018-11-09 21:06:31 - [MESSAGE][FAILED] - Verify element text of test object 'Object Repository/Test UI Triangle/Page_/div_Equilateral' FAILED. (Root cause: Actual text 'Isosceles' and expected text 'Out of range' of test object 'Object Repository/Test UI Triangle/Page_/div_Equilateral' are NOT matched.)
[[ATTACHMENT|/Users/tee/git/katalon-test-case/Reports/Tee/Equivalance Test Suite - good Website/20181109_210410/1541772390883.png]]]]></system-out>
         <system-err><![CDATA[2018-11-09 21:06:17 - [TEST_CASE][FAILED] - Test Cases/Tee/Web/Equivalence Class - good web/TC014_Scelene: Test Cases/Tee/Web/Equivalence Class - good web/TC014_Scelene FAILED because (of) (Stack trace: com.kms.katalon.core.exception.StepFailedException: Verify element text of test object 'Object Repository/Test UI Triangle/Page_/div_Equilateral' FAILED. (Root cause: Actual text 'Isosceles' and expected text 'Out of range' of test object 'Object Repository/Test UI Triangle/Page_/div_Equilateral' are NOT matched.)
	at com.kms.katalon.core.keyword.internal.KeywordMain.stepFailed(KeywordMain.groovy:36)
	at com.kms.katalon.core.webui.keyword.internal.WebUIKeywordMain.stepFailed(WebUIKeywordMain.groovy:65)
	at com.kms.katalon.core.webui.keyword.internal.WebUIKeywordMain.runKeyword(WebUIKeywordMain.groovy:27)
	at com.kms.katalon.core.webui.keyword.builtin.VerifyElementTextKeyword.verifyElementText(VerifyElementTextKeyword.groovy:72)
	at com.kms.katalon.core.webui.keyword.builtin.VerifyElementTextKeyword.execute(VerifyElementTextKeyword.groovy:40)
	at com.kms.katalon.core.keyword.internal.KeywordExecutor.executeKeywordForPlatform(KeywordExecutor.groovy:53)
	at com.kms.katalon.core.webui.keyword.WebUiBuiltInKeywords.verifyElementText(WebUiBuiltInKeywords.groovy:3663)
	at com.kms.katalon.core.webui.keyword.WebUiBuiltInKeywords$verifyElementText$3.call(Unknown Source)
	at org.codehaus.groovy.runtime.callsite.CallSiteArray.defaultCall(CallSiteArray.java:48)
	at org.codehaus.groovy.runtime.callsite.AbstractCallSite.call(AbstractCallSite.java:113)
	at org.codehaus.groovy.runtime.callsite.AbstractCallSite.call(AbstractCallSite.java:133)
	at Script1541771976281.run(Script1541771976281.groovy:30)
	at com.kms.katalon.core.main.ScriptEngine.run(ScriptEngine.java:183)
	at com.kms.katalon.core.main.ScriptEngine.runScriptAsRawText(ScriptEngine.java:108)
	at com.kms.katalon.core.main.TestCaseExecutor.runScript(TestCaseExecutor.java:294)
	at com.kms.katalon.core.main.TestCaseExecutor.doExecute(TestCaseExecutor.java:285)
	at com.kms.katalon.core.main.TestCaseExecutor.processExecutionPhase(TestCaseExecutor.java:264)
	at com.kms.katalon.core.main.TestCaseExecutor.accessMainPhase(TestCaseExecutor.java:256)
	at com.kms.katalon.core.main.TestCaseExecutor.execute(TestCaseExecutor.java:200)
	at com.kms.katalon.core.main.TestSuiteExecutor.accessTestCaseMainPhase(TestSuiteExecutor.java:129)
	at com.kms.katalon.core.main.TestSuiteExecutor.accessTestSuiteMainPhase(TestSuiteExecutor.java:112)
	at com.kms.katalon.core.main.TestSuiteExecutor.execute(TestSuiteExecutor.java:81)
	at com.kms.katalon.core.main.TestCaseMain.startTestSuite(TestCaseMain.java:142)
	at com.kms.katalon.core.main.TestCaseMain$startTestSuite$0.call(Unknown Source)
	at org.codehaus.groovy.runtime.callsite.CallSiteArray.defaultCall(CallSiteArray.java:48)
	at org.codehaus.groovy.runtime.callsite.AbstractCallSite.call(AbstractCallSite.java:113)
	at org.codehaus.groovy.runtime.callsite.AbstractCallSite.call(AbstractCallSite.java:141)
	at TempTestSuite1541772260532.run(TempTestSuite1541772260532.groovy:36)
	at groovy.lang.GroovyShell.runScriptOrMainOrTestOrRunnable(GroovyShell.java:263)
	at groovy.lang.GroovyShell.run(GroovyShell.java:518)
	at groovy.lang.GroovyShell.run(GroovyShell.java:507)
	at groovy.ui.GroovyMain.processOnce(GroovyMain.java:653)
	at groovy.ui.GroovyMain.run(GroovyMain.java:384)
	at groovy.ui.GroovyMain.process(GroovyMain.java:370)
	at groovy.ui.GroovyMain.processArgs(GroovyMain.java:129)
	at groovy.ui.GroovyMain.main(GroovyMain.java:109)
	at sun.reflect.NativeMethodAccessorImpl.invoke0(Native Method)
	at sun.reflect.NativeMethodAccessorImpl.invoke(NativeMethodAccessorImpl.java:62)
	at sun.reflect.DelegatingMethodAccessorImpl.invoke(DelegatingMethodAccessorImpl.java:43)
	at java.lang.reflect.Method.invoke(Method.java:498)
	at org.codehaus.groovy.tools.GroovyStarter.rootLoader(GroovyStarter.java:109)
	at org.codehaus.groovy.tools.GroovyStarter.main(GroovyStarter.java:131)
)]]></system-err>
      </testcase>
      <testcase name="Test Cases/Tee/Web/Equivalence Class - good web/TC007_Not a triangle" classname="Test Cases/Tee/Web/Equivalence Class - good web/TC007_Not a triangle" status="PASSED">
         <system-out><![CDATA[2018-11-09 21:06:31 - [TEST_CASE][PASSED] - Test Cases/Tee/Web/Equivalence Class - good web/TC007_Not a triangle: Test Cases/Tee/Web/Equivalence Class - good web/TC007_Not a triangle

2018-11-09 21:06:31 - [TEST_STEP][PASSED] - openBrowser: Browser is opened with url: ''

2018-11-09 21:06:31 - [MESSAGE][WARNING] - A browser is already opened. Closing browser and opening a new one

2018-11-09 21:06:32 - [MESSAGE][PASSED] - Browser is opened with url: ''

2018-11-09 21:06:32 - [TEST_STEP][PASSED] - navigateToUrl: Navigate to 'https://good-web.testing.se.nattaponra.com/' successfully

2018-11-09 21:06:35 - [MESSAGE][PASSED] - Navigate to 'https://good-web.testing.se.nattaponra.com/' successfully

2018-11-09 21:06:35 - [TEST_STEP][PASSED] - setText: Text '3' is set on object 'Object Repository/Test UI Triangle/Page_/input_ A_aSide (1)'

2018-11-09 21:06:35 - [MESSAGE][PASSED] - Text '3' is set on object 'Object Repository/Test UI Triangle/Page_/input_ A_aSide (1)'

2018-11-09 21:06:35 - [TEST_STEP][PASSED] - setText: Text '2' is set on object 'Object Repository/Test UI Triangle/Page_/input_ B_bSide (1)'

2018-11-09 21:06:35 - [MESSAGE][PASSED] - Text '2' is set on object 'Object Repository/Test UI Triangle/Page_/input_ B_bSide (1)'

2018-11-09 21:06:35 - [TEST_STEP][PASSED] - setText: Text '1' is set on object 'Object Repository/Test UI Triangle/Page_/input_ C_cSide (1)'

2018-11-09 21:06:35 - [MESSAGE][PASSED] - Text '1' is set on object 'Object Repository/Test UI Triangle/Page_/input_ C_cSide (1)'

2018-11-09 21:06:35 - [TEST_STEP][PASSED] - click: Object: 'Object Repository/Test UI Triangle/Page_/a_ (1)' is clicked on

2018-11-09 21:06:35 - [MESSAGE][PASSED] - Object: 'Object Repository/Test UI Triangle/Page_/a_ (1)' is clicked on

2018-11-09 21:06:35 - [TEST_STEP][PASSED] - click: Object: 'Object Repository/Test UI Triangle/Page_/div_Equilateral' is clicked on

2018-11-09 21:06:36 - [MESSAGE][PASSED] - Object: 'Object Repository/Test UI Triangle/Page_/div_Equilateral' is clicked on

2018-11-09 21:06:36 - [TEST_STEP][PASSED] - verifyElementText: Actual text and expected text of test object 'Object Repository/Test UI Triangle/Page_/div_Equilateral' are matched.

2018-11-09 21:06:36 - [MESSAGE][PASSED] - Actual text and expected text of test object 'Object Repository/Test UI Triangle/Page_/div_Equilateral' are matched.

2018-11-09 21:06:36 - [TEST_STEP][PASSED] - closeBrowser: Browser is closed

2018-11-09 21:06:37 - [MESSAGE][PASSED] - Browser is closed]]></system-out>
         <system-err><![CDATA[]]></system-err>
      </testcase>
      <system-out><![CDATA[2018-11-09 21:04:22 - [TEST_SUITE][FAILED] - Equivalance Test Suite - good Website: Test Cases/Tee/Web/Equivalence Class - good web/TC010_Out of range FAILED because (of) (Stack trace: com.kms.katalon.core.exception.StepFailedException: Verify element text of test object 'Object Repository/Test UI Triangle/Page_/div_Equilateral' FAILED. (Root cause: Actual text 'Isosceles' and expected text 'Out of range' of test object 'Object Repository/Test UI Triangle/Page_/div_Equilateral' are NOT matched.)
	at com.kms.katalon.core.keyword.internal.KeywordMain.stepFailed(KeywordMain.groovy:36)
	at com.kms.katalon.core.webui.keyword.internal.WebUIKeywordMain.stepFailed(WebUIKeywordMain.groovy:65)
	at com.kms.katalon.core.webui.keyword.internal.WebUIKeywordMain.runKeyword(WebUIKeywordMain.groovy:27)
	at com.kms.katalon.core.webui.keyword.builtin.VerifyElementTextKeyword.verifyElementText(VerifyElementTextKeyword.groovy:72)
	at com.kms.katalon.core.webui.keyword.builtin.VerifyElementTextKeyword.execute(VerifyElementTextKeyword.groovy:40)
	at com.kms.katalon.core.keyword.internal.KeywordExecutor.executeKeywordForPlatform(KeywordExecutor.groovy:53)
	at com.kms.katalon.core.webui.keyword.WebUiBuiltInKeywords.verifyElementText(WebUiBuiltInKeywords.groovy:3663)
	at com.kms.katalon.core.webui.keyword.WebUiBuiltInKeywords$verifyElementText$3.call(Unknown Source)
	at org.codehaus.groovy.runtime.callsite.CallSiteArray.defaultCall(CallSiteArray.java:48)
	at org.codehaus.groovy.runtime.callsite.AbstractCallSite.call(AbstractCallSite.java:113)
	at org.codehaus.groovy.runtime.callsite.AbstractCallSite.call(AbstractCallSite.java:133)
	at Script1541771976308.run(Script1541771976308.groovy:30)
	at com.kms.katalon.core.main.ScriptEngine.run(ScriptEngine.java:183)
	at com.kms.katalon.core.main.ScriptEngine.runScriptAsRawText(ScriptEngine.java:108)
	at com.kms.katalon.core.main.TestCaseExecutor.runScript(TestCaseExecutor.java:294)
	at com.kms.katalon.core.main.TestCaseExecutor.doExecute(TestCaseExecutor.java:285)
	at com.kms.katalon.core.main.TestCaseExecutor.processExecutionPhase(TestCaseExecutor.java:264)
	at com.kms.katalon.core.main.TestCaseExecutor.accessMainPhase(TestCaseExecutor.java:256)
	at com.kms.katalon.core.main.TestCaseExecutor.execute(TestCaseExecutor.java:200)
	at com.kms.katalon.core.main.TestSuiteExecutor.accessTestCaseMainPhase(TestSuiteExecutor.java:129)
	at com.kms.katalon.core.main.TestSuiteExecutor.accessTestSuiteMainPhase(TestSuiteExecutor.java:112)
	at com.kms.katalon.core.main.TestSuiteExecutor.execute(TestSuiteExecutor.java:81)
	at com.kms.katalon.core.main.TestCaseMain.startTestSuite(TestCaseMain.java:142)
	at com.kms.katalon.core.main.TestCaseMain$startTestSuite$0.call(Unknown Source)
	at org.codehaus.groovy.runtime.callsite.CallSiteArray.defaultCall(CallSiteArray.java:48)
	at org.codehaus.groovy.runtime.callsite.AbstractCallSite.call(AbstractCallSite.java:113)
	at org.codehaus.groovy.runtime.callsite.AbstractCallSite.call(AbstractCallSite.java:141)
	at TempTestSuite1541772260532.run(TempTestSuite1541772260532.groovy:36)
	at groovy.lang.GroovyShell.runScriptOrMainOrTestOrRunnable(GroovyShell.java:263)
	at groovy.lang.GroovyShell.run(GroovyShell.java:518)
	at groovy.lang.GroovyShell.run(GroovyShell.java:507)
	at groovy.ui.GroovyMain.processOnce(GroovyMain.java:653)
	at groovy.ui.GroovyMain.run(GroovyMain.java:384)
	at groovy.ui.GroovyMain.process(GroovyMain.java:370)
	at groovy.ui.GroovyMain.processArgs(GroovyMain.java:129)
	at groovy.ui.GroovyMain.main(GroovyMain.java:109)
	at sun.reflect.NativeMethodAccessorImpl.invoke0(Native Method)
	at sun.reflect.NativeMethodAccessorImpl.invoke(NativeMethodAccessorImpl.java:62)
	at sun.reflect.DelegatingMethodAccessorImpl.invoke(DelegatingMethodAccessorImpl.java:43)
	at java.lang.reflect.Method.invoke(Method.java:498)
	at org.codehaus.groovy.tools.GroovyStarter.rootLoader(GroovyStarter.java:109)
	at org.codehaus.groovy.tools.GroovyStarter.main(GroovyStarter.java:131)
)]]></system-out>
      <system-err><![CDATA[2018-11-09 21:04:22 - [TEST_SUITE][FAILED] - Equivalance Test Suite - good Website: Test Cases/Tee/Web/Equivalence Class - good web/TC010_Out of range FAILED because (of) (Stack trace: com.kms.katalon.core.exception.StepFailedException: Verify element text of test object 'Object Repository/Test UI Triangle/Page_/div_Equilateral' FAILED. (Root cause: Actual text 'Isosceles' and expected text 'Out of range' of test object 'Object Repository/Test UI Triangle/Page_/div_Equilateral' are NOT matched.)
	at com.kms.katalon.core.keyword.internal.KeywordMain.stepFailed(KeywordMain.groovy:36)
	at com.kms.katalon.core.webui.keyword.internal.WebUIKeywordMain.stepFailed(WebUIKeywordMain.groovy:65)
	at com.kms.katalon.core.webui.keyword.internal.WebUIKeywordMain.runKeyword(WebUIKeywordMain.groovy:27)
	at com.kms.katalon.core.webui.keyword.builtin.VerifyElementTextKeyword.verifyElementText(VerifyElementTextKeyword.groovy:72)
	at com.kms.katalon.core.webui.keyword.builtin.VerifyElementTextKeyword.execute(VerifyElementTextKeyword.groovy:40)
	at com.kms.katalon.core.keyword.internal.KeywordExecutor.executeKeywordForPlatform(KeywordExecutor.groovy:53)
	at com.kms.katalon.core.webui.keyword.WebUiBuiltInKeywords.verifyElementText(WebUiBuiltInKeywords.groovy:3663)
	at com.kms.katalon.core.webui.keyword.WebUiBuiltInKeywords$verifyElementText$3.call(Unknown Source)
	at org.codehaus.groovy.runtime.callsite.CallSiteArray.defaultCall(CallSiteArray.java:48)
	at org.codehaus.groovy.runtime.callsite.AbstractCallSite.call(AbstractCallSite.java:113)
	at org.codehaus.groovy.runtime.callsite.AbstractCallSite.call(AbstractCallSite.java:133)
	at Script1541771976308.run(Script1541771976308.groovy:30)
	at com.kms.katalon.core.main.ScriptEngine.run(ScriptEngine.java:183)
	at com.kms.katalon.core.main.ScriptEngine.runScriptAsRawText(ScriptEngine.java:108)
	at com.kms.katalon.core.main.TestCaseExecutor.runScript(TestCaseExecutor.java:294)
	at com.kms.katalon.core.main.TestCaseExecutor.doExecute(TestCaseExecutor.java:285)
	at com.kms.katalon.core.main.TestCaseExecutor.processExecutionPhase(TestCaseExecutor.java:264)
	at com.kms.katalon.core.main.TestCaseExecutor.accessMainPhase(TestCaseExecutor.java:256)
	at com.kms.katalon.core.main.TestCaseExecutor.execute(TestCaseExecutor.java:200)
	at com.kms.katalon.core.main.TestSuiteExecutor.accessTestCaseMainPhase(TestSuiteExecutor.java:129)
	at com.kms.katalon.core.main.TestSuiteExecutor.accessTestSuiteMainPhase(TestSuiteExecutor.java:112)
	at com.kms.katalon.core.main.TestSuiteExecutor.execute(TestSuiteExecutor.java:81)
	at com.kms.katalon.core.main.TestCaseMain.startTestSuite(TestCaseMain.java:142)
	at com.kms.katalon.core.main.TestCaseMain$startTestSuite$0.call(Unknown Source)
	at org.codehaus.groovy.runtime.callsite.CallSiteArray.defaultCall(CallSiteArray.java:48)
	at org.codehaus.groovy.runtime.callsite.AbstractCallSite.call(AbstractCallSite.java:113)
	at org.codehaus.groovy.runtime.callsite.AbstractCallSite.call(AbstractCallSite.java:141)
	at TempTestSuite1541772260532.run(TempTestSuite1541772260532.groovy:36)
	at groovy.lang.GroovyShell.runScriptOrMainOrTestOrRunnable(GroovyShell.java:263)
	at groovy.lang.GroovyShell.run(GroovyShell.java:518)
	at groovy.lang.GroovyShell.run(GroovyShell.java:507)
	at groovy.ui.GroovyMain.processOnce(GroovyMain.java:653)
	at groovy.ui.GroovyMain.run(GroovyMain.java:384)
	at groovy.ui.GroovyMain.process(GroovyMain.java:370)
	at groovy.ui.GroovyMain.processArgs(GroovyMain.java:129)
	at groovy.ui.GroovyMain.main(GroovyMain.java:109)
	at sun.reflect.NativeMethodAccessorImpl.invoke0(Native Method)
	at sun.reflect.NativeMethodAccessorImpl.invoke(NativeMethodAccessorImpl.java:62)
	at sun.reflect.DelegatingMethodAccessorImpl.invoke(DelegatingMethodAccessorImpl.java:43)
	at java.lang.reflect.Method.invoke(Method.java:498)
	at org.codehaus.groovy.tools.GroovyStarter.rootLoader(GroovyStarter.java:109)
	at org.codehaus.groovy.tools.GroovyStarter.main(GroovyStarter.java:131)
)]]></system-err>
   </testsuite>
</testsuites>
